============================= test session starts =============================
platform win32 -- Python 3.11.6, pytest-9.0.2, pluggy-1.6.0 -- C:\Users\rene_\AppData\Local\Programs\Python\Python311\python.exe
cachedir: .pytest_cache
rootdir: D:\CCC 2.0\AI\agent-governance-system\CATALYTIC-DPT
configfile: pytest.ini
plugins: anyio-4.12.0
collecting ... collected 225 items

CATALYTIC-DPT\TESTBENCH\spectrum\test_spectrum02_emission.py::test_spectrum02_emission PASSED [  0%]
CATALYTIC-DPT\TESTBENCH\spectrum\test_spectrum02_resume.py::test_spectrum02_resume PASSED [  0%]
CATALYTIC-DPT\TESTBENCH\spectrum\test_spectrum03_chain.py::test_spectrum03_chain PASSED [  1%]
CATALYTIC-DPT\TESTBENCH\spectrum\test_validator_version_integrity.py::test_validator_version_integrity PASSED [  1%]
CATALYTIC-DPT\TESTBENCH\test_adversarial_cas.py::test_cas_corruption_detected_by_hash_toolbelt PASSED [  2%]
CATALYTIC-DPT\TESTBENCH\test_adversarial_cas.py::test_cas_truncation_detected_by_hash_toolbelt PASSED [  2%]
CATALYTIC-DPT\TESTBENCH\test_adversarial_cas.py::test_cas_partial_write_never_treated_as_present PASSED [  3%]
CATALYTIC-DPT\TESTBENCH\test_adversarial_ledger.py::test_ledger_rejects_malformed_json_line PASSED [  3%]
CATALYTIC-DPT\TESTBENCH\test_adversarial_ledger.py::test_ledger_rejects_truncated_last_line_mid_byte PASSED [  4%]
CATALYTIC-DPT\TESTBENCH\test_adversarial_paths.py::test_normalize_relpath_rejects_traversal_and_absolute PASSED [  4%]
CATALYTIC-DPT\TESTBENCH\test_adversarial_paths.py::test_normalize_relpath_normalizes_separators_and_dot PASSED [  4%]
CATALYTIC-DPT\TESTBENCH\test_adversarial_paths.py::test_merkle_rejects_non_normalized_paths PASSED [  5%]
CATALYTIC-DPT\TESTBENCH\test_adversarial_pipeline_resume.py::test_pipeline_fails_closed_on_partial_state_json PASSED [  5%]
CATALYTIC-DPT\TESTBENCH\test_adversarial_pipeline_resume.py::test_pipeline_fails_closed_on_inconsistent_completed_step_state PASSED [  6%]
CATALYTIC-DPT\TESTBENCH\test_adversarial_pipeline_resume.py::test_pipeline_resume_never_skips_a_missing_step_record PASSED [  6%]
CATALYTIC-DPT\TESTBENCH\test_adversarial_proof_tamper.py::test_proof_hash_tamper_fails_closed_deterministically PASSED [  7%]
CATALYTIC-DPT\TESTBENCH\test_adversarial_proof_tamper.py::test_output_hash_manifest_tamper_fails_closed PASSED [  7%]
CATALYTIC-DPT\TESTBENCH\test_adversarial_proof_tamper.py::test_domain_roots_tamper_rejected_by_cmp01_validator PASSED [  8%]
CATALYTIC-DPT\TESTBENCH\test_ags_phase6_adapter_contract.py::test_adapter_happy_path_deterministic PASSED [  8%]
CATALYTIC-DPT\TESTBENCH\test_ags_phase6_adapter_contract.py::test_adapter_reject_missing_command PASSED [  8%]
CATALYTIC-DPT\TESTBENCH\test_ags_phase6_adapter_contract.py::test_adapter_reject_hidden_side_effects PASSED [  9%]
CATALYTIC-DPT\TESTBENCH\test_ags_phase6_adapter_contract.py::test_adapter_reject_unbounded_deref_caps PASSED [  9%]
CATALYTIC-DPT\TESTBENCH\test_ags_phase6_adapter_contract.py::test_adapter_reject_non_normalized_paths PASSED [ 10%]
CATALYTIC-DPT\TESTBENCH\test_ags_phase6_adapter_contract.py::test_adapter_reject_nondeterministic_flag_strict PASSED [ 10%]
CATALYTIC-DPT\TESTBENCH\test_ags_phase6_bridge.py::test_ags_route_deterministic_bytes PASSED [ 11%]
CATALYTIC-DPT\TESTBENCH\test_ags_phase6_bridge.py::test_ags_run_calls_verify_ok FAILED [ 11%]
CATALYTIC-DPT\TESTBENCH\test_ags_phase6_bridge.py::test_ags_run_fails_closed_on_tamper FAILED [ 12%]
CATALYTIC-DPT\TESTBENCH\test_ags_phase6_bridge.py::test_pipeline_run_creates_state_when_missing PASSED [ 12%]
CATALYTIC-DPT\TESTBENCH\test_ags_phase6_capability_pins.py::test_capability_pinned_routes_and_verifies FAILED [ 12%]
CATALYTIC-DPT\TESTBENCH\test_ags_phase6_capability_pins.py::test_known_but_unpinned_rejects_at_route PASSED [ 13%]
CATALYTIC-DPT\TESTBENCH\test_ags_phase6_capability_pins.py::test_verify_rejects_unpinned_even_if_pipeline_artifact_exists FAILED [ 13%]
CATALYTIC-DPT\TESTBENCH\test_ags_phase6_capability_registry.py::test_capability_registry_happy_unknown_and_tamper FAILED [ 14%]
CATALYTIC-DPT\TESTBENCH\test_ags_phase6_capability_revokes.py::test_revoked_capability_rejects_at_route PASSED [ 14%]
CATALYTIC-DPT\TESTBENCH\test_ags_phase6_capability_revokes.py::test_verify_rejects_revoked_capability PASSED [ 15%]
CATALYTIC-DPT\TESTBENCH\test_ags_phase6_capability_revokes.py::test_verify_passes_when_not_revoked PASSED [ 15%]
CATALYTIC-DPT\TESTBENCH\test_ags_phase6_capability_revokes.py::test_historical_pipeline_verifies_after_revocation PASSED [ 16%]
CATALYTIC-DPT\TESTBENCH\test_ags_phase6_capability_versioning_semantics.py::test_capability_versioning_in_place_upgrade_rejected PASSED [ 16%]
CATALYTIC-DPT\TESTBENCH\test_ags_phase6_mcp_adapter_e2e.py::test_happy_echo PASSED [ 16%]
CATALYTIC-DPT\TESTBENCH\test_ags_phase6_mcp_adapter_e2e.py::test_fail_stderr PASSED [ 17%]
CATALYTIC-DPT\TESTBENCH\test_ags_phase6_mcp_adapter_e2e.py::test_fail_timeout PASSED [ 17%]
CATALYTIC-DPT\TESTBENCH\test_ags_phase6_mcp_adapter_e2e.py::test_fail_bloat PASSED [ 18%]
CATALYTIC-DPT\TESTBENCH\test_ags_phase6_mcp_adapter_e2e.py::test_fail_malformed_output PASSED [ 18%]
CATALYTIC-DPT\TESTBENCH\test_ags_phase6_mcp_adapter_e2e.py::test_fail_crash PASSED [ 19%]
CATALYTIC-DPT\TESTBENCH\test_ags_phase6_registry_immutability.py::test_registry_duplicate_capability_hash_rejects PASSED [ 19%]
CATALYTIC-DPT\TESTBENCH\test_ags_phase6_registry_immutability.py::test_registry_noncanonical_json_rejects PASSED [ 20%]
CATALYTIC-DPT\TESTBENCH\test_ags_phase6_registry_immutability.py::test_registry_tamper_detected_fail_closed PASSED [ 20%]
CATALYTIC-DPT\TESTBENCH\test_ags_phase6_router_slot.py::test_ags_plan_router_happy_path FAILED [ 20%]
CATALYTIC-DPT\TESTBENCH\test_ags_phase6_router_slot.py::test_ags_plan_fails_on_stderr PASSED [ 21%]
CATALYTIC-DPT\TESTBENCH\test_ags_phase6_router_slot.py::test_ags_plan_caps_bytes PASSED [ 21%]
CATALYTIC-DPT\TESTBENCH\test_ags_phase6_router_slot.py::test_ags_route_rejects_invalid_plan_schema PASSED [ 22%]
CATALYTIC-DPT\TESTBENCH\test_ags_phase6_router_slot.py::test_ags_plan_jobspec_validation PASSED [ 22%]
CATALYTIC-DPT\TESTBENCH\test_ags_phase6_router_slot.py::test_ags_route_rejects_missing_step_command PASSED [ 23%]
CATALYTIC-DPT\TESTBENCH\test_ags_phase8_model_binding.py::test_ags_plan_emits_router_receipts PASSED [ 23%]
CATALYTIC-DPT\TESTBENCH\test_ags_phase8_model_binding.py::test_ags_plan_over_output_fails_closed PASSED [ 24%]
CATALYTIC-DPT\TESTBENCH\test_canonical_artifacts.py::test_canonical_artifact_set_required PASSED [ 24%]
CATALYTIC-DPT\TESTBENCH\test_canonical_artifacts.py::test_status_state_machine PASSED [ 24%]
CATALYTIC-DPT\TESTBENCH\test_canonical_artifacts.py::test_proof_written_last PASSED [ 25%]
CATALYTIC-DPT\TESTBENCH\test_cas_store.py::test_put_bytes_same_bytes_same_hash PASSED [ 25%]
CATALYTIC-DPT\TESTBENCH\test_cas_store.py::test_put_bytes_idempotent_does_not_change_bytes PASSED [ 26%]
CATALYTIC-DPT\TESTBENCH\test_cas_store.py::test_put_stream_matches_put_bytes PASSED [ 26%]
CATALYTIC-DPT\TESTBENCH\test_cas_store.py::test_large_stream_roundtrip PASSED [ 27%]
CATALYTIC-DPT\TESTBENCH\test_cas_store.py::test_deterministic_object_path_across_instances PASSED [ 27%]
CATALYTIC-DPT\TESTBENCH\test_cas_store.py::test_reject_invalid_hash_and_missing_hash PASSED [ 28%]
CATALYTIC-DPT\TESTBENCH\test_cas_store.py::test_normalize_relpath_accepts_and_normalizes PASSED [ 28%]
CATALYTIC-DPT\TESTBENCH\test_cas_store.py::test_normalize_relpath_rejects_absolute_and_traversal PASSED [ 28%]
CATALYTIC-DPT\TESTBENCH\test_demo_memoization_hash_reuse.py::test_phase2_demo_artifacts_are_falsifiable PASSED [ 29%]
CATALYTIC-DPT\TESTBENCH\test_deref_logging.py::test_deref_logging_creates_ledger_entry PASSED [ 29%]
CATALYTIC-DPT\TESTBENCH\test_deref_logging.py::test_deref_logging_records_exact_bounds PASSED [ 30%]
CATALYTIC-DPT\TESTBENCH\test_deref_logging.py::test_deref_logging_determinism PASSED [ 30%]
CATALYTIC-DPT\TESTBENCH\test_deref_logging.py::test_deref_logging_no_run_context_skips_logging PASSED [ 31%]
CATALYTIC-DPT\TESTBENCH\test_deref_logging.py::test_deref_logging_all_commands PASSED [ 31%]
CATALYTIC-DPT\TESTBENCH\test_deref_logging.py::test_deref_logging_schema_conformance PASSED [ 32%]
CATALYTIC-DPT\TESTBENCH\test_governance_coverage.py::test_roadmap_deliverables_exist PASSED [ 32%]
CATALYTIC-DPT\TESTBENCH\test_governance_coverage.py::test_canon_mentions_key_concepts PASSED [ 32%]
CATALYTIC-DPT\TESTBENCH\test_governance_coverage.py::test_router_receipt_artifacts_in_schema PASSED [ 33%]
CATALYTIC-DPT\TESTBENCH\test_governance_coverage.py::test_policy_snapshot_logic_exists PASSED [ 33%]
CATALYTIC-DPT\TESTBENCH\test_governance_coverage.py::test_swarm_schema_validity PASSED [ 34%]
CATALYTIC-DPT\TESTBENCH\test_hash_toolbelt.py::test_read_enforces_max_bytes PASSED [ 34%]
CATALYTIC-DPT\TESTBENCH\test_hash_toolbelt.py::test_read_range_and_clamp PASSED [ 35%]
CATALYTIC-DPT\TESTBENCH\test_hash_toolbelt.py::test_grep_bounds PASSED   [ 35%]
CATALYTIC-DPT\TESTBENCH\test_hash_toolbelt.py::test_describe_deterministic_and_bounded PASSED [ 36%]
CATALYTIC-DPT\TESTBENCH\test_hash_toolbelt.py::test_ast_outline_and_truncation PASSED [ 36%]
CATALYTIC-DPT\TESTBENCH\test_hash_toolbelt.py::test_ast_unsupported_binary PASSED [ 36%]
CATALYTIC-DPT\TESTBENCH\test_hash_toolbelt.py::test_invalid_hash_rejects PASSED [ 37%]
CATALYTIC-DPT\TESTBENCH\test_ledger.py::test_append_single_record_one_line PASSED [ 37%]
CATALYTIC-DPT\TESTBENCH\test_ledger.py::test_append_multiple_records_order_preserved PASSED [ 38%]
CATALYTIC-DPT\TESTBENCH\test_ledger.py::test_deterministic_serialization_same_bytes PASSED [ 38%]
CATALYTIC-DPT\TESTBENCH\test_ledger.py::test_schema_rejection_missing_required_fields PASSED [ 39%]
CATALYTIC-DPT\TESTBENCH\test_ledger.py::test_append_only_enforcement_detects_truncation PASSED [ 39%]
CATALYTIC-DPT\TESTBENCH\test_ledger.py::test_corrupt_line_detection PASSED [ 40%]
CATALYTIC-DPT\TESTBENCH\test_ledger.py::test_partial_line_detection PASSED [ 40%]
CATALYTIC-DPT\TESTBENCH\test_memoization.py::test_memoization_miss_then_hit_then_invalidate PASSED [ 40%]
CATALYTIC-DPT\TESTBENCH\test_merkle.py::test_deterministic_root_across_runs PASSED [ 41%]
CATALYTIC-DPT\TESTBENCH\test_merkle.py::test_path_ordering_independent_of_input_order PASSED [ 41%]
CATALYTIC-DPT\TESTBENCH\test_merkle.py::test_duplicate_path_rejection_via_non_normalized_collision PASSED [ 42%]
CATALYTIC-DPT\TESTBENCH\test_merkle.py::test_duplicate_hash_under_different_paths_rejected PASSED [ 42%]
CATALYTIC-DPT\TESTBENCH\test_merkle.py::test_odd_leaf_padding_correctness PASSED [ 43%]
CATALYTIC-DPT\TESTBENCH\test_merkle.py::test_empty_manifest_rejected PASSED [ 43%]
CATALYTIC-DPT\TESTBENCH\test_merkle.py::test_verify_manifest_root_true_false PASSED [ 44%]
CATALYTIC-DPT\TESTBENCH\test_merkle.py::test_reject_non_normalized_paths PASSED [ 44%]
CATALYTIC-DPT\TESTBENCH\test_merkle.py::test_reject_invalid_hashes_and_expected_root_format PASSED [ 44%]
CATALYTIC-DPT\TESTBENCH\test_packing_hygiene.py::test_packer_determinism_catalytic_dpt FAILED [ 45%]
CATALYTIC-DPT\TESTBENCH\test_packing_hygiene.py::test_packer_limits_fail_closed[limits0-PACK_LIMIT_EXCEEDED:max_total_bytes] PASSED [ 45%]
CATALYTIC-DPT\TESTBENCH\test_packing_hygiene.py::test_packer_limits_fail_closed[limits1-PACK_LIMIT_EXCEEDED:max_entry_bytes] PASSED [ 46%]
CATALYTIC-DPT\TESTBENCH\test_packing_hygiene.py::test_packer_limits_fail_closed[limits2-PACK_LIMIT_EXCEEDED:max_entries] PASSED [ 46%]
CATALYTIC-DPT\TESTBENCH\test_packing_hygiene.py::test_repo_state_manifest_validation_and_dedup PASSED [ 47%]
CATALYTIC-DPT\TESTBENCH\test_packing_hygiene.py::test_verify_manifest_detects_tamper PASSED [ 47%]
CATALYTIC-DPT\TESTBENCH\test_phase7_acceptance.py::test_swarm_chain_binds_pipeline_proofs PASSED [ 48%]
CATALYTIC-DPT\TESTBENCH\test_phase7_acceptance.py::test_tampered_pipeline_proof_fails_verification PASSED [ 48%]
CATALYTIC-DPT\TESTBENCH\test_phase8_router_receipts.py::test_router_receipts_created PASSED [ 48%]
CATALYTIC-DPT\TESTBENCH\test_phase8_router_receipts.py::test_router_over_output_fails_closed PASSED [ 49%]
CATALYTIC-DPT\TESTBENCH\test_phase8_router_receipts.py::test_router_stderr_fails_closed PASSED [ 49%]
CATALYTIC-DPT\TESTBENCH\test_phase8_router_receipts.py::test_malformed_plan_fails_schema_validation PASSED [ 50%]
CATALYTIC-DPT\TESTBENCH\test_phase8_router_receipts.py::test_capability_escalation_fails_closed PASSED [ 50%]
CATALYTIC-DPT\TESTBENCH\test_pipeline_chain.py::test_pipeline_chain_valid PASSED [ 51%]
CATALYTIC-DPT\TESTBENCH\test_pipeline_chain.py::test_pipeline_chain_tamper PASSED [ 51%]
CATALYTIC-DPT\TESTBENCH\test_pipeline_chain.py::test_pipeline_chain_reorder FAILED [ 52%]
CATALYTIC-DPT\TESTBENCH\test_pipeline_chain.py::test_pipeline_chain_determinism PASSED [ 52%]
CATALYTIC-DPT\TESTBENCH\test_pipeline_dag.py::test_receipt_includes_policy_proof PASSED [ 52%]
CATALYTIC-DPT\TESTBENCH\test_pipeline_dag.py::test_pipeline_dag_happy_path_and_verify PASSED [ 53%]
CATALYTIC-DPT\TESTBENCH\test_pipeline_dag.py::test_pipeline_dag_resume_does_not_rerun_completed PASSED [ 53%]
CATALYTIC-DPT\TESTBENCH\test_pipeline_dag.py::test_pipeline_dag_cycle_detected PASSED [ 54%]
CATALYTIC-DPT\TESTBENCH\test_pipeline_dag.py::test_pipeline_dag_tamper_rejected PASSED [ 54%]
CATALYTIC-DPT\TESTBENCH\test_pipeline_dag.py::test_pipeline_dag_receipt_chain_mismatch FAILED [ 55%]
CATALYTIC-DPT\TESTBENCH\test_pipeline_dag.py::test_pipeline_dag_receipts_portable PASSED [ 55%]
CATALYTIC-DPT\TESTBENCH\test_pipeline_dag.py::test_pipeline_dag_restore_noop PASSED [ 56%]
CATALYTIC-DPT\TESTBENCH\test_pipeline_dag.py::test_pipeline_dag_restore_missing_artifact PASSED [ 56%]
CATALYTIC-DPT\TESTBENCH\test_pipeline_dag.py::test_pipeline_dag_restore_tampered_receipt PASSED [ 56%]
CATALYTIC-DPT\TESTBENCH\test_pipeline_dag.py::test_pipeline_dag_restore_portable PASSED [ 57%]
CATALYTIC-DPT\TESTBENCH\test_pipeline_verify_cli.py::test_pipeline_verify_ok PASSED [ 57%]
CATALYTIC-DPT\TESTBENCH\test_pipeline_verify_cli.py::test_pipeline_verify_missing_artifact PASSED [ 58%]
CATALYTIC-DPT\TESTBENCH\test_pipeline_verify_cli.py::test_pipeline_verify_chain_tamper FAILED [ 58%]
CATALYTIC-DPT\TESTBENCH\test_pipeline_verify_cli.py::test_pipeline_verify_ledger_corrupt PASSED [ 59%]
CATALYTIC-DPT\TESTBENCH\test_pipelines.py::test_pipeline_init_is_deterministic_and_resume_safe PASSED [ 59%]
CATALYTIC-DPT\TESTBENCH\test_preflight.py::test_valid_jobspec_passes PASSED [ 60%]
CATALYTIC-DPT\TESTBENCH\test_preflight.py::test_invalid_jobspec_schema_fails PASSED [ 60%]
CATALYTIC-DPT\TESTBENCH\test_preflight.py::test_path_traversal_fails PASSED [ 60%]
CATALYTIC-DPT\TESTBENCH\test_preflight.py::test_absolute_path_fails PASSED [ 61%]
CATALYTIC-DPT\TESTBENCH\test_preflight.py::test_path_not_under_allowed_root_fails PASSED [ 61%]
CATALYTIC-DPT\TESTBENCH\test_preflight.py::test_forbidden_path_fails PASSED [ 62%]
CATALYTIC-DPT\TESTBENCH\test_preflight.py::test_input_output_overlap_fails PASSED [ 62%]
CATALYTIC-DPT\TESTBENCH\test_preflight.py::test_multiple_errors_reported PASSED [ 63%]
CATALYTIC-DPT\TESTBENCH\test_preflight.py::test_empty_catalytic_domains_valid PASSED [ 63%]
CATALYTIC-DPT\TESTBENCH\test_preflight.py::test_empty_outputs_valid PASSED [ 64%]
CATALYTIC-DPT\TESTBENCH\test_proof_gating.py::test_valid_proof_accepted PASSED [ 64%]
CATALYTIC-DPT\TESTBENCH\test_proof_gating.py::test_invalid_proof_rejected PASSED [ 64%]
CATALYTIC-DPT\TESTBENCH\test_proof_gating.py::test_missing_proof_rejected PASSED [ 65%]
CATALYTIC-DPT\TESTBENCH\test_proof_gating.py::test_proof_is_single_source_of_truth PASSED [ 65%]
CATALYTIC-DPT\TESTBENCH\test_proof_wiring.py::test_rerun_determinism_proof_and_domain_roots_bytes_identical PASSED [ 66%]
CATALYTIC-DPT\TESTBENCH\test_proof_wiring.py::test_tamper_detection_hash_mismatch PASSED [ 66%]
CATALYTIC-DPT\TESTBENCH\test_proof_wiring.py::test_path_normalization_rejects_traversal PASSED [ 67%]
CATALYTIC-DPT\TESTBENCH\test_restore_proof.py::test_identical_artifacts_verified_true PASSED [ 67%]
CATALYTIC-DPT\TESTBENCH\test_restore_proof.py::test_hash_mismatch_verified_false PASSED [ 68%]
CATALYTIC-DPT\TESTBENCH\test_restore_proof.py::test_missing_files_verified_false PASSED [ 68%]
CATALYTIC-DPT\TESTBENCH\test_restore_proof.py::test_extra_files_verified_false PASSED [ 68%]
CATALYTIC-DPT\TESTBENCH\test_restore_proof.py::test_deterministic_output PASSED [ 69%]
CATALYTIC-DPT\TESTBENCH\test_restore_proof.py::test_proof_validates_against_schema PASSED [ 69%]
CATALYTIC-DPT\TESTBENCH\test_restore_proof.py::test_empty_domains_verified_true PASSED [ 70%]
CATALYTIC-DPT\TESTBENCH\test_restore_runner.py::test_restore_rejects_when_verifier_strict_fails PASSED [ 70%]
CATALYTIC-DPT\TESTBENCH\test_restore_runner.py::test_restore_rejects_when_proof_missing PASSED [ 71%]
CATALYTIC-DPT\TESTBENCH\test_restore_runner.py::test_restore_reject_if_target_exists PASSED [ 71%]
CATALYTIC-DPT\TESTBENCH\test_restore_runner.py::test_restore_rejects_traversal_path PASSED [ 72%]
CATALYTIC-DPT\TESTBENCH\test_restore_runner.py::test_restore_rejects_symlink_escape PASSED [ 72%]
CATALYTIC-DPT\TESTBENCH\test_restore_runner.py::test_restore_staging_hash_mismatch_rolls_back PASSED [ 72%]
CATALYTIC-DPT\TESTBENCH\test_restore_runner.py::test_restore_success_emits_artifacts_and_matches_hashes PASSED [ 73%]
CATALYTIC-DPT\TESTBENCH\test_restore_runner.py::test_chain_restore_all_or_nothing PASSED [ 73%]
CATALYTIC-DPT\TESTBENCH\test_restore_runner.py::test_restore_rollback_failure_returns_restore_rollback_failed PASSED [ 74%]
CATALYTIC-DPT\TESTBENCH\test_runtime_guard.py::test_allowed_write_succeeds PASSED [ 74%]
CATALYTIC-DPT\TESTBENCH\test_runtime_guard.py::test_guarded_write_text_succeeds PASSED [ 75%]
CATALYTIC-DPT\TESTBENCH\test_runtime_guard.py::test_forbidden_path_fails PASSED [ 75%]
CATALYTIC-DPT\TESTBENCH\test_runtime_guard.py::test_forbidden_path_guarded_write_fails PASSED [ 76%]
CATALYTIC-DPT\TESTBENCH\test_runtime_guard.py::test_write_outside_allowed_roots_fails PASSED [ 76%]
CATALYTIC-DPT\TESTBENCH\test_runtime_guard.py::test_path_traversal_fails PASSED [ 76%]
CATALYTIC-DPT\TESTBENCH\test_runtime_guard.py::test_absolute_path_outside_project_fails PASSED [ 77%]
CATALYTIC-DPT\TESTBENCH\test_runtime_guard.py::test_multiple_allowed_roots_work PASSED [ 77%]
CATALYTIC-DPT\TESTBENCH\test_runtime_guard.py::test_all_forbidden_paths_rejected PASSED [ 78%]
CATALYTIC-DPT\TESTBENCH\test_runtime_guard.py::test_guarded_mkdir_succeeds PASSED [ 78%]
CATALYTIC-DPT\TESTBENCH\test_runtime_guard.py::test_guarded_mkdir_forbidden_fails PASSED [ 79%]
CATALYTIC-DPT\TESTBENCH\test_runtime_guard.py::test_guarded_write_bytes_succeeds PASSED [ 79%]
CATALYTIC-DPT\TESTBENCH\test_runtime_guard.py::test_path_normalization PASSED [ 80%]
CATALYTIC-DPT\TESTBENCH\test_schemas.py::test_all_schemas PASSED         [ 80%]
CATALYTIC-DPT\TESTBENCH\test_skills_registry.py::test_canonical_json PASSED [ 80%]
CATALYTIC-DPT\TESTBENCH\test_skills_registry.py::test_load_valid_registry PASSED [ 81%]
CATALYTIC-DPT\TESTBENCH\test_skills_registry.py::test_load_missing_registry PASSED [ 81%]
CATALYTIC-DPT\TESTBENCH\test_skills_registry.py::test_load_malformed_registry PASSED [ 82%]
CATALYTIC-DPT\TESTBENCH\test_skills_registry.py::test_resolve_missing_skill PASSED [ 82%]
CATALYTIC-DPT\TESTBENCH\test_skills_registry.py::test_e2e_resolution PASSED [ 83%]
CATALYTIC-DPT\TESTBENCH\test_skills_registry.py::test_e2e_integrity_fail PASSED [ 83%]
CATALYTIC-DPT\TESTBENCH\test_spectrum_04_05_enforcement.py::test_canonicalize_json PASSED [ 84%]
CATALYTIC-DPT\TESTBENCH\test_spectrum_04_05_enforcement.py::test_bundle_root_computation PASSED [ 84%]
CATALYTIC-DPT\TESTBENCH\test_spectrum_04_05_enforcement.py::test_chain_root_computation PASSED [ 84%]
CATALYTIC-DPT\TESTBENCH\test_spectrum_04_05_enforcement.py::test_ed25519_signature_verification PASSED [ 85%]
CATALYTIC-DPT\TESTBENCH\test_spectrum_04_05_enforcement.py::test_validator_id_derivation PASSED [ 85%]
CATALYTIC-DPT\TESTBENCH\test_spectrum_04_05_enforcement.py::test_spectrum05_missing_artifact PASSED [ 86%]
CATALYTIC-DPT\TESTBENCH\test_spectrum_04_05_enforcement.py::test_spectrum05_identity_invalid PASSED [ 86%]
CATALYTIC-DPT\TESTBENCH\test_spectrum_04_05_enforcement.py::test_spectrum05_chain_empty PASSED [ 87%]
CATALYTIC-DPT\TESTBENCH\test_spectrum_04_05_enforcement.py::test_spectrum05_chain_duplicate_run PASSED [ 87%]
CATALYTIC-DPT\TESTBENCH\test_swarm_reuse.py::test_swarm_execution_elision FAILED [ 88%]
CATALYTIC-DPT\TESTBENCH\test_swarm_runtime.py::test_swarm_runtime_happy_path PASSED [ 88%]
CATALYTIC-DPT\TESTBENCH\test_verifier_freeze.py::test_api_return_shape_bundle PASSED [ 88%]
CATALYTIC-DPT\TESTBENCH\test_verifier_freeze.py::test_api_return_shape_chain PASSED [ 89%]
CATALYTIC-DPT\TESTBENCH\test_verifier_freeze.py::test_frozen_error_codes_exist PASSED [ 89%]
CATALYTIC-DPT\TESTBENCH\test_verifier_freeze.py::test_crypto_dep_missing_fail_closed PASSED [ 90%]
CATALYTIC-DPT\TESTBENCH\test_verifier_freeze.py::test_chain_dir_ordering_deterministic PASSED [ 90%]
CATALYTIC-DPT\TESTBENCH\test_verifier_interop.py::test_interop_valid_bundle_byte_identical PASSED [ 91%]
CATALYTIC-DPT\TESTBENCH\test_verifier_interop.py::test_interop_tampered_bundle_reject_same_code_and_bytes PASSED [ 91%]
CATALYTIC-DPT\TESTBENCH\test_verifier_interop.py::test_interop_chain_verification_byte_identical PASSED [ 92%]
CATALYTIC-DPT\TESTBENCH\test_verifier_interop.py::test_interop_determinism_rerun_same_inputs_same_bytes PASSED [ 92%]
CATALYTIC-DPT\TESTBENCH\test_verify_bundle.py::test_valid_bundle PASSED  [ 92%]
CATALYTIC-DPT\TESTBENCH\test_verify_bundle.py::test_missing_task_spec PASSED [ 93%]
CATALYTIC-DPT\TESTBENCH\test_verify_bundle.py::test_missing_status PASSED [ 93%]
CATALYTIC-DPT\TESTBENCH\test_verify_bundle.py::test_missing_output_hashes PASSED [ 94%]
CATALYTIC-DPT\TESTBENCH\test_verify_bundle.py::test_status_not_success PASSED [ 94%]
CATALYTIC-DPT\TESTBENCH\test_verify_bundle.py::test_cmp01_not_pass PASSED [ 95%]
CATALYTIC-DPT\TESTBENCH\test_verify_bundle.py::test_output_missing PASSED [ 95%]
CATALYTIC-DPT\TESTBENCH\test_verify_bundle.py::test_hash_mismatch PASSED [ 96%]
CATALYTIC-DPT\TESTBENCH\test_verify_bundle.py::test_proof_required PASSED [ 96%]
CATALYTIC-DPT\TESTBENCH\test_verify_bundle.py::test_proof_not_verified PASSED [ 96%]
CATALYTIC-DPT\TESTBENCH\test_verify_bundle.py::test_forbidden_artifact_logs PASSED [ 97%]
CATALYTIC-DPT\TESTBENCH\test_verify_bundle.py::test_forbidden_artifact_tmp PASSED [ 97%]
CATALYTIC-DPT\TESTBENCH\test_verify_bundle.py::test_forbidden_artifact_transcript PASSED [ 98%]
CATALYTIC-DPT\TESTBENCH\test_verify_bundle.py::test_no_proof_check_skips_proof PASSED [ 98%]
CATALYTIC-DPT\TESTBENCH\test_verify_bundle.py::test_chain_valid PASSED   [ 99%]
CATALYTIC-DPT\TESTBENCH\test_verify_bundle.py::test_chain_rejects_middle_tamper PASSED [ 99%]
CATALYTIC-DPT\TESTBENCH\test_verify_bundle.py::test_chain_rejects_missing_artifact PASSED [100%]

================================== FAILURES ===================================
________________________ test_ags_run_calls_verify_ok _________________________
CATALYTIC-DPT\TESTBENCH\test_ags_phase6_bridge.py:128: in test_ags_run_calls_verify_ok
    assert rr.returncode == 0, rr.stdout + rr.stderr
E   AssertionError: {"git_branch":"main","git_head_sha":"e0a80eff60500149b068aa0c10d8d6bda7891a60","tracked_dirty":true,"untracked_count":4,"canon_sha256":"58c038ecde620a7dd21a5b0e3a19b2c97579dba0276519d710ff3179960d6c79","cortex_present":true,"cortex_generated_at":"2025-12-27T21:52:46-07:00","cortex_sha256":"a167cbda26bdb94a46e2a3ba0efe2484a5e714d08b5086745372eff1be04826f","verdict":"BLOCKED","reasons":["CANON_CHANGED_SINCE_CORTEX","DIRTY_TRACKED","UNTRACKED_PRESENT"]}
E     FAIL preflight rc=2
E     D:\CCC 2.0\AI\agent-governance-system\TOOLS\ags.py:31: DeprecationWarning: jsonschema.RefResolver is deprecated as of v4.18.0, in favor of the https://github.com/python-jsonschema/referencing library, which provides more compliant referencing behavior as well as more flexible APIs for customization. A future release will remove RefResolver. Please file a feature request (on referencing) if you are missing an API for the kind of customization you need.
E       from jsonschema import Draft7Validator, RefResolver
E     
E   assert 2 == 0
E    +  where 2 = CompletedProcess(args=['C:\\Users\\rene_\\AppData\\Local\\Programs\\Python\\Python311\\python.exe', '-m', 'TOOLS.ags', 'run', '--pipeline-id', 'ags-bridge-run-ok', '--runs-root', 'CONTRACTS/_runs', '--strict'], returncode=2, stdout='{"git_branch":"main","git_head_sha":"e0a80eff60500149b068aa0c10d8d6bda7891a60","tracked_dirty":true,"untracked_count":4,"canon_sha256":"58c038ecde620a7dd21a5b0e3a19b2c97579dba0276519d710ff3179960d6c79","cortex_present":true,"cortex_generated_at":"2025-12-27T21:52:46-07:00","cortex_sha256":"a167cbda26bdb94a46e2a3ba0efe2484a5e714d08b5086745372eff1be04826f","verdict":"BLOCKED","reasons":["CANON_CHANGED_SINCE_CORTEX","DIRTY_TRACKED","UNTRACKED_PRESENT"]}\nFAIL preflight rc=2\n', stderr='D:\\CCC 2.0\\AI\\agent-governance-system\\TOOLS\\ags.py:31: DeprecationWarning: jsonschema.RefResolver is deprecated as of v4.18.0, in favor of the https://github.com/python-jsonschema/referencing library, which provides more compliant referencing behavior as well as more flexible APIs for customization. A future release will remove RefResolver. Please file a feature request (on referencing) if you are missing an API for the kind of customization you need.\n  from jsonschema import Draft7Validator, RefResolver\n').returncode
_____________________ test_ags_run_fails_closed_on_tamper _____________________
CATALYTIC-DPT\TESTBENCH\test_ags_phase6_bridge.py:157: in test_ags_run_fails_closed_on_tamper
    assert rr.returncode == 0, rr.stdout + rr.stderr
E   AssertionError: {"git_branch":"main","git_head_sha":"e0a80eff60500149b068aa0c10d8d6bda7891a60","tracked_dirty":true,"untracked_count":4,"canon_sha256":"58c038ecde620a7dd21a5b0e3a19b2c97579dba0276519d710ff3179960d6c79","cortex_present":true,"cortex_generated_at":"2025-12-27T21:52:46-07:00","cortex_sha256":"a167cbda26bdb94a46e2a3ba0efe2484a5e714d08b5086745372eff1be04826f","verdict":"BLOCKED","reasons":["CANON_CHANGED_SINCE_CORTEX","DIRTY_TRACKED","UNTRACKED_PRESENT"]}
E     FAIL preflight rc=2
E     D:\CCC 2.0\AI\agent-governance-system\TOOLS\ags.py:31: DeprecationWarning: jsonschema.RefResolver is deprecated as of v4.18.0, in favor of the https://github.com/python-jsonschema/referencing library, which provides more compliant referencing behavior as well as more flexible APIs for customization. A future release will remove RefResolver. Please file a feature request (on referencing) if you are missing an API for the kind of customization you need.
E       from jsonschema import Draft7Validator, RefResolver
E     
E   assert 2 == 0
E    +  where 2 = CompletedProcess(args=['C:\\Users\\rene_\\AppData\\Local\\Programs\\Python\\Python311\\python.exe', '-m', 'TOOLS.ags', 'run', '--pipeline-id', 'ags-bridge-run-tamper', '--runs-root', 'CONTRACTS/_runs', '--strict'], returncode=2, stdout='{"git_branch":"main","git_head_sha":"e0a80eff60500149b068aa0c10d8d6bda7891a60","tracked_dirty":true,"untracked_count":4,"canon_sha256":"58c038ecde620a7dd21a5b0e3a19b2c97579dba0276519d710ff3179960d6c79","cortex_present":true,"cortex_generated_at":"2025-12-27T21:52:46-07:00","cortex_sha256":"a167cbda26bdb94a46e2a3ba0efe2484a5e714d08b5086745372eff1be04826f","verdict":"BLOCKED","reasons":["CANON_CHANGED_SINCE_CORTEX","DIRTY_TRACKED","UNTRACKED_PRESENT"]}\nFAIL preflight rc=2\n', stderr='D:\\CCC 2.0\\AI\\agent-governance-system\\TOOLS\\ags.py:31: DeprecationWarning: jsonschema.RefResolver is deprecated as of v4.18.0, in favor of the https://github.com/python-jsonschema/referencing library, which provides more compliant referencing behavior as well as more flexible APIs for customization. A future release will remove RefResolver. Please file a feature request (on referencing) if you are missing an API for the kind of customization you need.\n  from jsonschema import Draft7Validator, RefResolver\n').returncode
_________________ test_capability_pinned_routes_and_verifies __________________
CATALYTIC-DPT\TESTBENCH\test_ags_phase6_capability_pins.py:91: in test_capability_pinned_routes_and_verifies
    assert r_run.returncode == 0, r_run.stdout + r_run.stderr
E   AssertionError: {"git_branch":"main","git_head_sha":"e0a80eff60500149b068aa0c10d8d6bda7891a60","tracked_dirty":true,"untracked_count":4,"canon_sha256":"58c038ecde620a7dd21a5b0e3a19b2c97579dba0276519d710ff3179960d6c79","cortex_present":true,"cortex_generated_at":"2025-12-27T21:52:46-07:00","cortex_sha256":"a167cbda26bdb94a46e2a3ba0efe2484a5e714d08b5086745372eff1be04826f","verdict":"BLOCKED","reasons":["CANON_CHANGED_SINCE_CORTEX","DIRTY_TRACKED","UNTRACKED_PRESENT"]}
E     FAIL preflight rc=2
E     D:\CCC 2.0\AI\agent-governance-system\TOOLS\ags.py:31: DeprecationWarning: jsonschema.RefResolver is deprecated as of v4.18.0, in favor of the https://github.com/python-jsonschema/referencing library, which provides more compliant referencing behavior as well as more flexible APIs for customization. A future release will remove RefResolver. Please file a feature request (on referencing) if you are missing an API for the kind of customization you need.
E       from jsonschema import Draft7Validator, RefResolver
E     
E   assert 2 == 0
E    +  where 2 = CompletedProcess(args=['C:\\Users\\rene_\\AppData\\Local\\Programs\\Python\\Python311\\python.exe', '-m', 'TOOLS.ags', 'run', '--pipeline-id', 'ags-capability-pins-ok', '--strict'], returncode=2, stdout='{"git_branch":"main","git_head_sha":"e0a80eff60500149b068aa0c10d8d6bda7891a60","tracked_dirty":true,"untracked_count":4,"canon_sha256":"58c038ecde620a7dd21a5b0e3a19b2c97579dba0276519d710ff3179960d6c79","cortex_present":true,"cortex_generated_at":"2025-12-27T21:52:46-07:00","cortex_sha256":"a167cbda26bdb94a46e2a3ba0efe2484a5e714d08b5086745372eff1be04826f","verdict":"BLOCKED","reasons":["CANON_CHANGED_SINCE_CORTEX","DIRTY_TRACKED","UNTRACKED_PRESENT"]}\nFAIL preflight rc=2\n', stderr='D:\\CCC 2.0\\AI\\agent-governance-system\\TOOLS\\ags.py:31: DeprecationWarning: jsonschema.RefResolver is deprecated as of v4.18.0, in favor of the https://github.com/python-jsonschema/referencing library, which provides more compliant referencing behavior as well as more flexible APIs for customization. A future release will remove RefResolver. Please file a feature request (on referencing) if you are missing an API for the kind of customization you need.\n  from jsonschema import Draft7Validator, RefResolver\n').returncode
________ test_verify_rejects_unpinned_even_if_pipeline_artifact_exists ________
CATALYTIC-DPT\TESTBENCH\test_ags_phase6_capability_pins.py:175: in test_verify_rejects_unpinned_even_if_pipeline_artifact_exists
    assert r_run_ok.returncode == 0, r_run_ok.stdout + r_run_ok.stderr
E   AssertionError: {"git_branch":"main","git_head_sha":"e0a80eff60500149b068aa0c10d8d6bda7891a60","tracked_dirty":true,"untracked_count":4,"canon_sha256":"49a5bcccaab2c33f8319bd0424c3df6858a7f272c1dcd4293ba9e22243b4c085","cortex_present":true,"cortex_generated_at":"2025-12-27T21:52:46-07:00","cortex_sha256":"a167cbda26bdb94a46e2a3ba0efe2484a5e714d08b5086745372eff1be04826f","verdict":"BLOCKED","reasons":["CANON_CHANGED_SINCE_CORTEX","DIRTY_TRACKED","UNTRACKED_PRESENT"]}
E     FAIL preflight rc=2
E     D:\CCC 2.0\AI\agent-governance-system\TOOLS\ags.py:31: DeprecationWarning: jsonschema.RefResolver is deprecated as of v4.18.0, in favor of the https://github.com/python-jsonschema/referencing library, which provides more compliant referencing behavior as well as more flexible APIs for customization. A future release will remove RefResolver. Please file a feature request (on referencing) if you are missing an API for the kind of customization you need.
E       from jsonschema import Draft7Validator, RefResolver
E     
E   assert 2 == 0
E    +  where 2 = CompletedProcess(args=['C:\\Users\\rene_\\AppData\\Local\\Programs\\Python\\Python311\\python.exe', '-m', 'TOOLS.ags', 'run', '--pipeline-id', 'ags-capability-pins-verify-bypass', '--strict'], returncode=2, stdout='{"git_branch":"main","git_head_sha":"e0a80eff60500149b068aa0c10d8d6bda7891a60","tracked_dirty":true,"untracked_count":4,"canon_sha256":"49a5bcccaab2c33f8319bd0424c3df6858a7f272c1dcd4293ba9e22243b4c085","cortex_present":true,"cortex_generated_at":"2025-12-27T21:52:46-07:00","cortex_sha256":"a167cbda26bdb94a46e2a3ba0efe2484a5e714d08b5086745372eff1be04826f","verdict":"BLOCKED","reasons":["CANON_CHANGED_SINCE_CORTEX","DIRTY_TRACKED","UNTRACKED_PRESENT"]}\nFAIL preflight rc=2\n', stderr='D:\\CCC 2.0\\AI\\agent-governance-system\\TOOLS\\ags.py:31: DeprecationWarning: jsonschema.RefResolver is deprecated as of v4.18.0, in favor of the https://github.com/python-jsonschema/referencing library, which provides more compliant referencing behavior as well as more flexible APIs for customization. A future release will remove RefResolver. Please file a feature request (on referencing) if you are missing an API for the kind of customization you need.\n  from jsonschema import Draft7Validator, RefResolver\n').returncode
______________ test_capability_registry_happy_unknown_and_tamper ______________
CATALYTIC-DPT\TESTBENCH\test_ags_phase6_capability_registry.py:120: in test_capability_registry_happy_unknown_and_tamper
    assert r_route.returncode == 0, r_route.stdout + r_route.stderr
E   AssertionError: D:\CCC 2.0\AI\agent-governance-system\TOOLS\ags.py:31: DeprecationWarning: jsonschema.RefResolver is deprecated as of v4.18.0, in favor of the https://github.com/python-jsonschema/referencing library, which provides more compliant referencing behavior as well as more flexible APIs for customization. A future release will remove RefResolver. Please file a feature request (on referencing) if you are missing an API for the kind of customization you need.
E       from jsonschema import Draft7Validator, RefResolver
E     ERROR: CAPABILITY_NOT_PINNED
E     
E   assert 2 == 0
E    +  where 2 = CompletedProcess(args=['C:\\Users\\rene_\\AppData\\Local\\Programs\\Python\\Python311\\python.exe', '-m', 'TOOLS.ags', 'route', '--plan', 'C:\\Users\\rene_\\AppData\\Local\\Temp\\pytest-of-Reneshizzle\\pytest-111\\test_capability_registry_happy0\\plan_ok.json', '--pipeline-id', 'ags-capability-registry'], returncode=2, stdout='', stderr='D:\\CCC 2.0\\AI\\agent-governance-system\\TOOLS\\ags.py:31: DeprecationWarning: jsonschema.RefResolver is deprecated as of v4.18.0, in favor of the https://github.com/python-jsonschema/referencing library, which provides more compliant referencing behavior as well as more flexible APIs for customization. A future release will remove RefResolver. Please file a feature request (on referencing) if you are missing an API for the kind of customization you need.\n  from jsonschema import Draft7Validator, RefResolver\nERROR: CAPABILITY_NOT_PINNED\n').returncode
_______________________ test_ags_plan_router_happy_path _______________________
CATALYTIC-DPT\TESTBENCH\test_ags_phase6_router_slot.py:96: in test_ags_plan_router_happy_path
    assert run.returncode == 0, run.stdout + run.stderr
E   AssertionError: {"git_branch":"main","git_head_sha":"e0a80eff60500149b068aa0c10d8d6bda7891a60","tracked_dirty":true,"untracked_count":4,"canon_sha256":"49a5bcccaab2c33f8319bd0424c3df6858a7f272c1dcd4293ba9e22243b4c085","cortex_present":true,"cortex_generated_at":"2025-12-27T21:52:46-07:00","cortex_sha256":"a167cbda26bdb94a46e2a3ba0efe2484a5e714d08b5086745372eff1be04826f","verdict":"BLOCKED","reasons":["CANON_CHANGED_SINCE_CORTEX","DIRTY_TRACKED","UNTRACKED_PRESENT"]}
E     FAIL preflight rc=2
E     D:\CCC 2.0\AI\agent-governance-system\TOOLS\ags.py:31: DeprecationWarning: jsonschema.RefResolver is deprecated as of v4.18.0, in favor of the https://github.com/python-jsonschema/referencing library, which provides more compliant referencing behavior as well as more flexible APIs for customization. A future release will remove RefResolver. Please file a feature request (on referencing) if you are missing an API for the kind of customization you need.
E       from jsonschema import Draft7Validator, RefResolver
E     
E   assert 2 == 0
E    +  where 2 = CompletedProcess(args=['C:\\Users\\rene_\\AppData\\Local\\Programs\\Python\\Python311\\python.exe', '-m', 'TOOLS.ags', 'run', '--pipeline-id', 'ags-router-happy', '--runs-root', 'CONTRACTS/_runs', '--strict'], returncode=2, stdout='{"git_branch":"main","git_head_sha":"e0a80eff60500149b068aa0c10d8d6bda7891a60","tracked_dirty":true,"untracked_count":4,"canon_sha256":"49a5bcccaab2c33f8319bd0424c3df6858a7f272c1dcd4293ba9e22243b4c085","cortex_present":true,"cortex_generated_at":"2025-12-27T21:52:46-07:00","cortex_sha256":"a167cbda26bdb94a46e2a3ba0efe2484a5e714d08b5086745372eff1be04826f","verdict":"BLOCKED","reasons":["CANON_CHANGED_SINCE_CORTEX","DIRTY_TRACKED","UNTRACKED_PRESENT"]}\nFAIL preflight rc=2\n', stderr='D:\\CCC 2.0\\AI\\agent-governance-system\\TOOLS\\ags.py:31: DeprecationWarning: jsonschema.RefResolver is deprecated as of v4.18.0, in favor of the https://github.com/python-jsonschema/referencing library, which provides more compliant referencing behavior as well as more flexible APIs for customization. A future release will remove RefResolver. Please file a feature request (on referencing) if you are missing an API for the kind of customization you need.\n  from jsonschema import Draft7Validator, RefResolver\n').returncode
____________________ test_packer_determinism_catalytic_dpt ____________________
CATALYTIC-DPT\TESTBENCH\test_packing_hygiene.py:74: in test_packer_determinism_catalytic_dpt
    assert _dir_digest(out_a) == _dir_digest(out_b)
E   AssertionError: assert '902fdde1527ce67171e7b02fa2e27e2d4fec4bed9a10cea43c2eb795378f2430' == 'a9e1bbb7963c3207171ad92c900274de27de9280bd6e86e38317e2b21c249cb8'
E     
E     - a9e1bbb7963c3207171ad92c900274de27de9280bd6e86e38317e2b21c249cb8
E     + 902fdde1527ce67171e7b02fa2e27e2d4fec4bed9a10cea43c2eb795378f2430
_________________________ test_pipeline_chain_reorder _________________________
CATALYTIC-DPT\TESTBENCH\test_pipeline_chain.py:147: in test_pipeline_chain_reorder
    rt.run(pipeline_id=pipeline_id, spec_path=spec_path)
CATALYTIC-DPT\PIPELINES\pipeline_runtime.py:230: in run
    _atomic_write_canonical_json(pdir / "CHAIN.json", chain_obj)
CATALYTIC-DPT\PIPELINES\pipeline_runtime.py:25: in _atomic_write_canonical_json
    _atomic_write_bytes(path, canonical_json_bytes(obj))
CATALYTIC-DPT\PIPELINES\pipeline_runtime.py:21: in _atomic_write_bytes
    os.replace(tmp, path)
E   PermissionError: [WinError 5] Access is denied: 'D:\\CCC 2.0\\AI\\agent-governance-system\\CONTRACTS\\_runs\\_pipelines\\pipeline-chain-reorder\\CHAIN.json.tmp.141020' -> 'D:\\CCC 2.0\\AI\\agent-governance-system\\CONTRACTS\\_runs\\_pipelines\\pipeline-chain-reorder\\CHAIN.json'
---------------------------- Captured stdout call -----------------------------
[catalytic] Starting catalytic run: pipeline-pipeline-chain-reorder-s1-a1

[catalytic] Phase 0: Preflight validation...

[catalytic] Preflight passed: JobSpec is valid

[catalytic] Phase 1: Capturing pre-snapshots...

[catalytic] Snapshots pre: CONTRACTS\_runs\_tmp\pipeline_chain_reorder\domain (0 files)

[catalytic] Phase 2: Executing command: C:\Users\rene_\AppData\Local\Programs\Python\Python311\python.exe -c from pathlib import Path;Path('CORTEX/_generated/_tmp/pipeline-chain-reorder_step1_out.txt').parent.mkdir(parents=True, exist_ok=True);Path('CORTEX/_generated/_tmp/pipeline-chain-reorder_step1_out.txt').write_text('ONE', encoding='utf-8')

[catalytic] Command exited with code 0

[catalytic] Phase 3: Capturing post-snapshots...

[catalytic] Snapshots post: CONTRACTS\_runs\_tmp\pipeline_chain_reorder\domain (0 files)

[catalytic] Phase 4: Verifying restoration...

[catalytic] SUCCESS: Catalytic domains fully restored

[catalytic] Phase 5: Writing canonical artifact set...

[catalytic] Canonical artifact set written to D:\CCC 2.0\AI\agent-governance-system\CONTRACTS\_runs\pipeline-pipeline-chain-reorder-s1-a1

[catalytic] PROOF.json: verified=True, condition=RESTORED_IDENTICAL

[catalytic] Run completed successfully with verified restoration.

[catalytic] Starting catalytic run: pipeline-pipeline-chain-reorder-s2-a1

[catalytic] Phase 0: Preflight validation...

[catalytic] Preflight passed: JobSpec is valid

[catalytic] Phase 1: Capturing pre-snapshots...

[catalytic] Snapshots pre: CONTRACTS\_runs\_tmp\pipeline_chain_reorder\domain (0 files)

[catalytic] Phase 2: Executing command: C:\Users\rene_\AppData\Local\Programs\Python\Python311\python.exe -c from pathlib import Path;Path('CORTEX/_generated/_tmp/pipeline-chain-reorder_step2_out.txt').parent.mkdir(parents=True, exist_ok=True);Path('CORTEX/_generated/_tmp/pipeline-chain-reorder_step2_out.txt').write_text('TWO', encoding='utf-8')

[catalytic] Command exited with code 0

[catalytic] Phase 3: Capturing post-snapshots...

[catalytic] Snapshots post: CONTRACTS\_runs\_tmp\pipeline_chain_reorder\domain (0 files)

[catalytic] Phase 4: Verifying restoration...

[catalytic] SUCCESS: Catalytic domains fully restored

[catalytic] Phase 5: Writing canonical artifact set...

[catalytic] Canonical artifact set written to D:\CCC 2.0\AI\agent-governance-system\CONTRACTS\_runs\pipeline-pipeline-chain-reorder-s2-a1

[catalytic] PROOF.json: verified=True, condition=RESTORED_IDENTICAL

[catalytic] Run completed successfully with verified restoration.

---------------------------- Captured stderr call -----------------------------
DEBUG: execute cmd=['C:\\Users\\rene_\\AppData\\Local\\Programs\\Python\\Python311\\python.exe', '-c', "from pathlib import Path;Path('CORTEX/_generated/_tmp/pipeline-chain-reorder_step1_out.txt').parent.mkdir(parents=True, exist_ok=True);Path('CORTEX/_generated/_tmp/pipeline-chain-reorder_step1_out.txt').write_text('ONE', encoding='utf-8')"]

DEBUG: execute cmd=['C:\\Users\\rene_\\AppData\\Local\\Programs\\Python\\Python311\\python.exe', '-c', "from pathlib import Path;Path('CORTEX/_generated/_tmp/pipeline-chain-reorder_step2_out.txt').parent.mkdir(parents=True, exist_ok=True);Path('CORTEX/_generated/_tmp/pipeline-chain-reorder_step2_out.txt').write_text('TWO', encoding='utf-8')"]

__________________ test_pipeline_dag_receipt_chain_mismatch ___________________
CATALYTIC-DPT\TESTBENCH\test_pipeline_dag.py:384: in test_pipeline_dag_receipt_chain_mismatch
    assert "RECEIPT_CHAIN_INVALID" in (r_verify.stdout + r_verify.stderr)
E   AssertionError: assert 'RECEIPT_CHAIN_INVALID' in ('DEBUG: Check PIPELINE.json: Exp=22c5b1c6c127462509a0e2d4908979181f385fa23dfc83fe023f7af50f55084f Act=22c5b1c6c127462509a0e2d4908979181f385fa23dfc83fe023f7af50f55084f Pdir=D:\\CCC 2.0\\AI\\agent-governance-system\\CONTRACTS\\_runs\\_pipelines\\dag-cm1\nDEBUG: Check STATE.json: Exp=aa4e90cd75465b94ecb60250a652bf56c74f97c0514dbf6489f3cdb56efe64d4 Act=aa4e90cd75465b94ecb60250a652bf56c74f97c0514dbf6489f3cdb56efe64d4 Pdir=D:\\CCC 2.0\\AI\\agent-governance-system\\CONTRACTS\\_runs\\_pipelines\\dag-cm1\nDEBUG: Check CHAIN.json: Exp=8f58414748805980c2cbaaf3bd0c6d3a204a49e3360c863097ecdf1d6372f440 Act=8f58414748805980c2cbaaf3bd0c6d3a204a49e3360c863097ecdf1d6372f440 Pdir=D:\\CCC 2.0\\AI\\agent-governance-system\\CONTRACTS\\_runs\\_pipelines\\dag-cm1\nDEBUG: Check RECEIPT.json: Exp=296f7275d40afa71fa43157383820e6980d0f1b047ccd97c0f829084e660d6ae Act=296f7275d40afa71fa43157383820e6980d0f1b047ccd97c0f829084e660d6ae Pdir=D:\\CCC 2.0\\AI\\agent-governance-system\\CONTRACTS\\_runs\\_pipelines\\dag-cm1\nDEBUG: Check PIPELINE.json: Exp=2987fc7a517ccf3844cb18ea3b23803effb8754c6ebc26fc09678d69053a9fa0 Act=2987fc7a517ccf3844cb18ea3b23803effb8754c6ebc26fc09678d69053a9fa0 Pdir=D:\\CCC 2.0\\AI\\agent-governance-system\\CONTRACTS\\_runs\\_pipelines\\dag-cm2\nDEBUG: Check STATE.json: Exp=30ce364f931a02af9a7ac1523c9c549b13960a0563faa7d47ccfb94c25c8dbd6 Act=30ce364f931a02af9a7ac1523c9c549b13960a0563faa7d47ccfb94c25c8dbd6 Pdir=D:\\CCC 2.0\\AI\\agent-governance-system\\CONTRACTS\\_runs\\_pipelines\\dag-cm2\nDEBUG: Check CHAIN.json: Exp=77cc4c4b7d64e1d4cb0950bb69795a0af0913fab6b9b4190f7f55773ae94a65a Act=77cc4c4b7d64e1d4cb0950bb69795a0af0913fab6b9b4190f7f55773ae94a65a Pdir=D:\\CCC 2.0\\AI\\agent-governance-system\\CONTRACTS\\_runs\\_pipelines\\dag-cm2\nDEBUG: Check RECEIPT.json: Exp=3c7019e565e2400e9c87edc7c648ca0952e23676eaa4fcdb11b68e7da264335b Act=750b3b729f9c010721afadbae9aaf48487cd0a95cd29170b2eab78c75f8b89e2 Pdir=D:\\CCC 2.0\\AI\\agent-governance-system\\CONTRACTS\\_runs\\_pipelines\\dag-cm2\nFAIL code=DAG_RECEIPT_MISMATCH\n' + '')
E    +  where 'DEBUG: Check PIPELINE.json: Exp=22c5b1c6c127462509a0e2d4908979181f385fa23dfc83fe023f7af50f55084f Act=22c5b1c6c127462509a0e2d4908979181f385fa23dfc83fe023f7af50f55084f Pdir=D:\\CCC 2.0\\AI\\agent-governance-system\\CONTRACTS\\_runs\\_pipelines\\dag-cm1\nDEBUG: Check STATE.json: Exp=aa4e90cd75465b94ecb60250a652bf56c74f97c0514dbf6489f3cdb56efe64d4 Act=aa4e90cd75465b94ecb60250a652bf56c74f97c0514dbf6489f3cdb56efe64d4 Pdir=D:\\CCC 2.0\\AI\\agent-governance-system\\CONTRACTS\\_runs\\_pipelines\\dag-cm1\nDEBUG: Check CHAIN.json: Exp=8f58414748805980c2cbaaf3bd0c6d3a204a49e3360c863097ecdf1d6372f440 Act=8f58414748805980c2cbaaf3bd0c6d3a204a49e3360c863097ecdf1d6372f440 Pdir=D:\\CCC 2.0\\AI\\agent-governance-system\\CONTRACTS\\_runs\\_pipelines\\dag-cm1\nDEBUG: Check RECEIPT.json: Exp=296f7275d40afa71fa43157383820e6980d0f1b047ccd97c0f829084e660d6ae Act=296f7275d40afa71fa43157383820e6980d0f1b047ccd97c0f829084e660d6ae Pdir=D:\\CCC 2.0\\AI\\agent-governance-system\\CONTRACTS\\_runs\\_pipelines\\dag-cm1\nDEBUG: Check PIPELINE.json: Exp=2987fc7a517ccf3844cb18ea3b23803effb8754c6ebc26fc09678d69053a9fa0 Act=2987fc7a517ccf3844cb18ea3b23803effb8754c6ebc26fc09678d69053a9fa0 Pdir=D:\\CCC 2.0\\AI\\agent-governance-system\\CONTRACTS\\_runs\\_pipelines\\dag-cm2\nDEBUG: Check STATE.json: Exp=30ce364f931a02af9a7ac1523c9c549b13960a0563faa7d47ccfb94c25c8dbd6 Act=30ce364f931a02af9a7ac1523c9c549b13960a0563faa7d47ccfb94c25c8dbd6 Pdir=D:\\CCC 2.0\\AI\\agent-governance-system\\CONTRACTS\\_runs\\_pipelines\\dag-cm2\nDEBUG: Check CHAIN.json: Exp=77cc4c4b7d64e1d4cb0950bb69795a0af0913fab6b9b4190f7f55773ae94a65a Act=77cc4c4b7d64e1d4cb0950bb69795a0af0913fab6b9b4190f7f55773ae94a65a Pdir=D:\\CCC 2.0\\AI\\agent-governance-system\\CONTRACTS\\_runs\\_pipelines\\dag-cm2\nDEBUG: Check RECEIPT.json: Exp=3c7019e565e2400e9c87edc7c648ca0952e23676eaa4fcdb11b68e7da264335b Act=750b3b729f9c010721afadbae9aaf48487cd0a95cd29170b2eab78c75f8b89e2 Pdir=D:\\CCC 2.0\\AI\\agent-governance-system\\CONTRACTS\\_runs\\_pipelines\\dag-cm2\nFAIL code=DAG_RECEIPT_MISMATCH\n' = CompletedProcess(args=['C:\\Users\\rene_\\AppData\\Local\\Programs\\Python\\Python311\\python.exe', 'D:\\CCC 2.0\\AI\\agent-governance-system\\TOOLS\\catalytic.py', 'pipeline', 'dag', 'verify', '--dag-id', 'dag-chain-mismatch', '--strict'], returncode=1, stdout='DEBUG: Check PIPELINE.json: Exp=22c5b1c6c127462509a0e2d4908979181f385fa23dfc83fe023f7af50f55084f Act=22c5b1c6c127462509a0e2d4908979181f385fa23dfc83fe023f7af50f55084f Pdir=D:\\CCC 2.0\\AI\\agent-governance-system\\CONTRACTS\\_runs\\_pipelines\\dag-cm1\nDEBUG: Check STATE.json: Exp=aa4e90cd75465b94ecb60250a652bf56c74f97c0514dbf6489f3cdb56efe64d4 Act=aa4e90cd75465b94ecb60250a652bf56c74f97c0514dbf6489f3cdb56efe64d4 Pdir=D:\\CCC 2.0\\AI\\agent-governance-system\\CONTRACTS\\_runs\\_pipelines\\dag-cm1\nDEBUG: Check CHAIN.json: Exp=8f58414748805980c2cbaaf3bd0c6d3a204a49e3360c863097ecdf1d6372f440 Act=8f58414748805980c2cbaaf3bd0c6d3a204a49e3360c863097ecdf1d6372f440 Pdir=D:\\CCC 2.0\\AI\\agent-governance-system\\CONTRACTS\\_runs\\_pipelines\\dag-cm1\nDEBUG: Check RECEIPT.json: Exp=296f7275d40afa71fa43157383820e6980d0f1b047ccd97c0f829084e660d6ae Act=296f7275d40afa71fa43157383820e6980d0f1b047ccd97c0f829084e660d6ae Pdir=D:\\CCC 2.0\\AI\\agent-governance-system\\CONTRACTS\\_runs\\_pipelines\\dag-cm1\nDEBUG: Check PIPELINE.json: Exp=2987fc7a517ccf3844cb18ea3b23803effb8754c6ebc26fc09678d69053a9fa0 Act=2987fc7a517ccf3844cb18ea3b23803effb8754c6ebc26fc09678d69053a9fa0 Pdir=D:\\CCC 2.0\\AI\\agent-governance-system\\CONTRACTS\\_runs\\_pipelines\\dag-cm2\nDEBUG: Check STATE.json: Exp=30ce364f931a02af9a7ac1523c9c549b13960a0563faa7d47ccfb94c25c8dbd6 Act=30ce364f931a02af9a7ac1523c9c549b13960a0563faa7d47ccfb94c25c8dbd6 Pdir=D:\\CCC 2.0\\AI\\agent-governance-system\\CONTRACTS\\_runs\\_pipelines\\dag-cm2\nDEBUG: Check CHAIN.json: Exp=77cc4c4b7d64e1d4cb0950bb69795a0af0913fab6b9b4190f7f55773ae94a65a Act=77cc4c4b7d64e1d4cb0950bb69795a0af0913fab6b9b4190f7f55773ae94a65a Pdir=D:\\CCC 2.0\\AI\\agent-governance-system\\CONTRACTS\\_runs\\_pipelines\\dag-cm2\nDEBUG: Check RECEIPT.json: Exp=3c7019e565e2400e9c87edc7c648ca0952e23676eaa4fcdb11b68e7da264335b Act=750b3b729f9c010721afadbae9aaf48487cd0a95cd29170b2eab78c75f8b89e2 Pdir=D:\\CCC 2.0\\AI\\agent-governance-system\\CONTRACTS\\_runs\\_pipelines\\dag-cm2\nFAIL code=DAG_RECEIPT_MISMATCH\n', stderr='').stdout
E    +  and   '' = CompletedProcess(args=['C:\\Users\\rene_\\AppData\\Local\\Programs\\Python\\Python311\\python.exe', 'D:\\CCC 2.0\\AI\\agent-governance-system\\TOOLS\\catalytic.py', 'pipeline', 'dag', 'verify', '--dag-id', 'dag-chain-mismatch', '--strict'], returncode=1, stdout='DEBUG: Check PIPELINE.json: Exp=22c5b1c6c127462509a0e2d4908979181f385fa23dfc83fe023f7af50f55084f Act=22c5b1c6c127462509a0e2d4908979181f385fa23dfc83fe023f7af50f55084f Pdir=D:\\CCC 2.0\\AI\\agent-governance-system\\CONTRACTS\\_runs\\_pipelines\\dag-cm1\nDEBUG: Check STATE.json: Exp=aa4e90cd75465b94ecb60250a652bf56c74f97c0514dbf6489f3cdb56efe64d4 Act=aa4e90cd75465b94ecb60250a652bf56c74f97c0514dbf6489f3cdb56efe64d4 Pdir=D:\\CCC 2.0\\AI\\agent-governance-system\\CONTRACTS\\_runs\\_pipelines\\dag-cm1\nDEBUG: Check CHAIN.json: Exp=8f58414748805980c2cbaaf3bd0c6d3a204a49e3360c863097ecdf1d6372f440 Act=8f58414748805980c2cbaaf3bd0c6d3a204a49e3360c863097ecdf1d6372f440 Pdir=D:\\CCC 2.0\\AI\\agent-governance-system\\CONTRACTS\\_runs\\_pipelines\\dag-cm1\nDEBUG: Check RECEIPT.json: Exp=296f7275d40afa71fa43157383820e6980d0f1b047ccd97c0f829084e660d6ae Act=296f7275d40afa71fa43157383820e6980d0f1b047ccd97c0f829084e660d6ae Pdir=D:\\CCC 2.0\\AI\\agent-governance-system\\CONTRACTS\\_runs\\_pipelines\\dag-cm1\nDEBUG: Check PIPELINE.json: Exp=2987fc7a517ccf3844cb18ea3b23803effb8754c6ebc26fc09678d69053a9fa0 Act=2987fc7a517ccf3844cb18ea3b23803effb8754c6ebc26fc09678d69053a9fa0 Pdir=D:\\CCC 2.0\\AI\\agent-governance-system\\CONTRACTS\\_runs\\_pipelines\\dag-cm2\nDEBUG: Check STATE.json: Exp=30ce364f931a02af9a7ac1523c9c549b13960a0563faa7d47ccfb94c25c8dbd6 Act=30ce364f931a02af9a7ac1523c9c549b13960a0563faa7d47ccfb94c25c8dbd6 Pdir=D:\\CCC 2.0\\AI\\agent-governance-system\\CONTRACTS\\_runs\\_pipelines\\dag-cm2\nDEBUG: Check CHAIN.json: Exp=77cc4c4b7d64e1d4cb0950bb69795a0af0913fab6b9b4190f7f55773ae94a65a Act=77cc4c4b7d64e1d4cb0950bb69795a0af0913fab6b9b4190f7f55773ae94a65a Pdir=D:\\CCC 2.0\\AI\\agent-governance-system\\CONTRACTS\\_runs\\_pipelines\\dag-cm2\nDEBUG: Check RECEIPT.json: Exp=3c7019e565e2400e9c87edc7c648ca0952e23676eaa4fcdb11b68e7da264335b Act=750b3b729f9c010721afadbae9aaf48487cd0a95cd29170b2eab78c75f8b89e2 Pdir=D:\\CCC 2.0\\AI\\agent-governance-system\\CONTRACTS\\_runs\\_pipelines\\dag-cm2\nFAIL code=DAG_RECEIPT_MISMATCH\n', stderr='').stderr
______________________ test_pipeline_verify_chain_tamper ______________________
CATALYTIC-DPT\TESTBENCH\test_pipeline_verify_cli.py:169: in test_pipeline_verify_chain_tamper
    rt.run(pipeline_id=pipeline_id, spec_path=spec_path)
CATALYTIC-DPT\PIPELINES\pipeline_runtime.py:246: in run
    _atomic_write_canonical_json(pdir / "STATE.json", state)
CATALYTIC-DPT\PIPELINES\pipeline_runtime.py:25: in _atomic_write_canonical_json
    _atomic_write_bytes(path, canonical_json_bytes(obj))
CATALYTIC-DPT\PIPELINES\pipeline_runtime.py:21: in _atomic_write_bytes
    os.replace(tmp, path)
E   PermissionError: [WinError 5] Access is denied: 'D:\\CCC 2.0\\AI\\agent-governance-system\\CONTRACTS\\_runs\\_pipelines\\pipeline-verify-chain-tamper\\STATE.json.tmp.141020' -> 'D:\\CCC 2.0\\AI\\agent-governance-system\\CONTRACTS\\_runs\\_pipelines\\pipeline-verify-chain-tamper\\STATE.json'
---------------------------- Captured stdout call -----------------------------
[catalytic] Starting catalytic run: pipeline-pipeline-verify-chain-tamper-s1-a1

[catalytic] Phase 0: Preflight validation...

[catalytic] Preflight passed: JobSpec is valid

[catalytic] Phase 1: Capturing pre-snapshots...

[catalytic] Snapshots pre: CONTRACTS\_runs\_tmp\pipeline_verify_chain_tamper\domain (0 files)

[catalytic] Phase 2: Executing command: C:\Users\rene_\AppData\Local\Programs\Python\Python311\python.exe -c from pathlib import Path;Path('CORTEX/_generated/_tmp/pipeline-verify-chain-tamper_verify_step1_out.txt').parent.mkdir(parents=True, exist_ok=True);Path('CORTEX/_generated/_tmp/pipeline-verify-chain-tamper_verify_step1_out.txt').write_text('ONE', encoding='utf-8')

[catalytic] Command exited with code 0

[catalytic] Phase 3: Capturing post-snapshots...

[catalytic] Snapshots post: CONTRACTS\_runs\_tmp\pipeline_verify_chain_tamper\domain (0 files)

[catalytic] Phase 4: Verifying restoration...

[catalytic] SUCCESS: Catalytic domains fully restored

[catalytic] Phase 5: Writing canonical artifact set...

[catalytic] Canonical artifact set written to D:\CCC 2.0\AI\agent-governance-system\CONTRACTS\_runs\pipeline-pipeline-verify-chain-tamper-s1-a1

[catalytic] PROOF.json: verified=True, condition=RESTORED_IDENTICAL

[catalytic] Run completed successfully with verified restoration.

[catalytic] Starting catalytic run: pipeline-pipeline-verify-chain-tamper-s2-a1

[catalytic] Phase 0: Preflight validation...

[catalytic] Preflight passed: JobSpec is valid

[catalytic] Phase 1: Capturing pre-snapshots...

[catalytic] Snapshots pre: CONTRACTS\_runs\_tmp\pipeline_verify_chain_tamper\domain (0 files)

[catalytic] Phase 2: Executing command: C:\Users\rene_\AppData\Local\Programs\Python\Python311\python.exe -c from pathlib import Path;Path('CORTEX/_generated/_tmp/pipeline-verify-chain-tamper_verify_step2_out.txt').parent.mkdir(parents=True, exist_ok=True);Path('CORTEX/_generated/_tmp/pipeline-verify-chain-tamper_verify_step2_out.txt').write_text('TWO', encoding='utf-8')

[catalytic] Command exited with code 0

[catalytic] Phase 3: Capturing post-snapshots...

[catalytic] Snapshots post: CONTRACTS\_runs\_tmp\pipeline_verify_chain_tamper\domain (0 files)

[catalytic] Phase 4: Verifying restoration...

[catalytic] SUCCESS: Catalytic domains fully restored

[catalytic] Phase 5: Writing canonical artifact set...

[catalytic] Canonical artifact set written to D:\CCC 2.0\AI\agent-governance-system\CONTRACTS\_runs\pipeline-pipeline-verify-chain-tamper-s2-a1

[catalytic] PROOF.json: verified=True, condition=RESTORED_IDENTICAL

[catalytic] Run completed successfully with verified restoration.

---------------------------- Captured stderr call -----------------------------
DEBUG: execute cmd=['C:\\Users\\rene_\\AppData\\Local\\Programs\\Python\\Python311\\python.exe', '-c', "from pathlib import Path;Path('CORTEX/_generated/_tmp/pipeline-verify-chain-tamper_verify_step1_out.txt').parent.mkdir(parents=True, exist_ok=True);Path('CORTEX/_generated/_tmp/pipeline-verify-chain-tamper_verify_step1_out.txt').write_text('ONE', encoding='utf-8')"]

DEBUG: execute cmd=['C:\\Users\\rene_\\AppData\\Local\\Programs\\Python\\Python311\\python.exe', '-c', "from pathlib import Path;Path('CORTEX/_generated/_tmp/pipeline-verify-chain-tamper_verify_step2_out.txt').parent.mkdir(parents=True, exist_ok=True);Path('CORTEX/_generated/_tmp/pipeline-verify-chain-tamper_verify_step2_out.txt').write_text('TWO', encoding='utf-8')"]

________________________ test_swarm_execution_elision _________________________
CATALYTIC-DPT\TESTBENCH\test_swarm_reuse.py:174: in test_swarm_execution_elision
    pytest.fail("Tampered receipt should NOT allow elision!")
E   Failed: Tampered receipt should NOT allow elision!
---------------------------- Captured stdout call -----------------------------

--- RUN 1 ---
DEBUG: Checking 1 links for elision of 91b315bf47b1b272f48117ff6c639623433639b2ff82d558aee7051ff142320d
DEBUG: Missing receipt for elision-p1
[catalytic] Starting catalytic run: pipeline-elision-p1-s1-a1

[catalytic] Phase 0: Preflight validation...

[catalytic] Preflight passed: JobSpec is valid

[catalytic] Phase 1: Capturing pre-snapshots...

[catalytic] Snapshots pre: CONTRACTS\_runs\_tmp\elision_test\cat_domain (0 files)

[catalytic] Phase 2: Executing command: C:\Users\rene_\AppData\Local\Programs\Python\Python311\python.exe -c from pathlib import Path;Path('CORTEX/_generated/_tmp/elision-p1.txt').parent.mkdir(parents=True, exist_ok=True);Path('CORTEX/_generated/_tmp/elision-p1.txt').write_text('elision-p1')

[catalytic] Command exited with code 0

[catalytic] Phase 3: Capturing post-snapshots...

[catalytic] Snapshots post: CONTRACTS\_runs\_tmp\elision_test\cat_domain (0 files)

[catalytic] Phase 4: Verifying restoration...

[catalytic] SUCCESS: Catalytic domains fully restored

[catalytic] Phase 5: Writing canonical artifact set...

[catalytic] Canonical artifact set written to D:\CCC 2.0\AI\agent-governance-system\CONTRACTS\_runs\pipeline-elision-p1-s1-a1

[catalytic] PROOF.json: verified=True, condition=RESTORED_IDENTICAL

[catalytic] Run completed successfully with verified restoration.

Res1: {'ok': True, 'swarm_id': 'swarm-elision-test', 'nodes': 1, 'elided': False}

--- RUN 2 ---
DEBUG: Checking 1 links for elision of 91b315bf47b1b272f48117ff6c639623433639b2ff82d558aee7051ff142320d
DEBUG: elision-p1 expected=00000000... current=e7b823a7...
DEBUG: Hash mismatch for elision-p1
DEBUG: Check PIPELINE.json: Exp=201e7250c52ca0f654f0a7240f3fd55a1c8da9f720c47523e40b76bd96f4d50a Act=201e7250c52ca0f654f0a7240f3fd55a1c8da9f720c47523e40b76bd96f4d50a Pdir=D:\CCC 2.0\AI\agent-governance-system\CONTRACTS\_runs\_pipelines\elision-p1
DEBUG: Check STATE.json: Exp=687ad2d9a1550c6190a8fc9ad686bd606fb3ad0cdade570a33b8937942f4cf73 Act=687ad2d9a1550c6190a8fc9ad686bd606fb3ad0cdade570a33b8937942f4cf73 Pdir=D:\CCC 2.0\AI\agent-governance-system\CONTRACTS\_runs\_pipelines\elision-p1
DEBUG: Check CHAIN.json: Exp=16730ceb6b268ef2223abcab091fe1bcea54a8ef260c5a6f753bf134c84fcaac Act=16730ceb6b268ef2223abcab091fe1bcea54a8ef260c5a6f753bf134c84fcaac Pdir=D:\CCC 2.0\AI\agent-governance-system\CONTRACTS\_runs\_pipelines\elision-p1
DEBUG: Check RECEIPT.json: Exp=55a5c1ae69d95f4aabb295ff2148b79815bcd4039ba932a0bc824a0ee3abfedc Act=55a5c1ae69d95f4aabb295ff2148b79815bcd4039ba932a0bc824a0ee3abfedc Pdir=D:\CCC 2.0\AI\agent-governance-system\CONTRACTS\_runs\_pipelines\elision-p1
Res2: {'ok': True, 'swarm_id': 'swarm-elision-test', 'nodes': 1, 'elided': True}

--- RUN 3 (TAMPER) ---
DEBUG: Checking 1 links for elision of 91b315bf47b1b272f48117ff6c639623433639b2ff82d558aee7051ff142320d
DEBUG: elision-p1 expected=00000000... current=00000000...
DEBUG: Elision verified
Res3: {'ok': True, 'swarm_id': 'swarm-elision-test', 'nodes': 1, 'elided': True}
---------------------------- Captured stderr call -----------------------------
DEBUG: execute cmd=['C:\\Users\\rene_\\AppData\\Local\\Programs\\Python\\Python311\\python.exe', '-c', "from pathlib import Path;Path('CORTEX/_generated/_tmp/elision-p1.txt').parent.mkdir(parents=True, exist_ok=True);Path('CORTEX/_generated/_tmp/elision-p1.txt').write_text('elision-p1')"]

============================== warnings summary ===============================
CATALYTIC-DPT\PRIMITIVES\ledger.py:9
CATALYTIC-DPT\PRIMITIVES\ledger.py:9
  D:\CCC 2.0\AI\agent-governance-system\CATALYTIC-DPT\PRIMITIVES\ledger.py:9: DeprecationWarning: jsonschema.RefResolver is deprecated as of v4.18.0, in favor of the https://github.com/python-jsonschema/referencing library, which provides more compliant referencing behavior as well as more flexible APIs for customization. A future release will remove RefResolver. Please file a feature request (on referencing) if you are missing an API for the kind of customization you need.
    from jsonschema import Draft7Validator, RefResolver

CATALYTIC-DPT\TESTBENCH\test_schemas.py:22
CATALYTIC-DPT\TESTBENCH\test_schemas.py:22
  D:\CCC 2.0\AI\agent-governance-system\CATALYTIC-DPT\TESTBENCH\test_schemas.py:22: DeprecationWarning: jsonschema.RefResolver is deprecated as of v4.18.0, in favor of the https://github.com/python-jsonschema/referencing library, which provides more compliant referencing behavior as well as more flexible APIs for customization. A future release will remove RefResolver. Please file a feature request (on referencing) if you are missing an API for the kind of customization you need.
    from jsonschema import Draft7Validator, RefResolver

-- Docs: https://docs.pytest.org/en/stable/how-to/capture-warnings.html
=========================== short test summary info ===========================
FAILED CATALYTIC-DPT\TESTBENCH\test_ags_phase6_bridge.py::test_ags_run_calls_verify_ok - AssertionError: {"git_branch":"main","git_head_sha":"e0a80eff60500149b068aa0c10d8d6bda7891a60","tracked_dirty":true,"untracked_count":4,"canon_sha256":"58c038ecde620a7dd21a5b0e3a19b2c97579dba0276519d710ff3179960d6c79","cortex_present":true,"cortex_generated_at":"2025-12-27T21:52:46-07:00","cortex_sha256":"a167cbda26bdb94a46e2a3ba0efe2484a5e714d08b5086745372eff1be04826f","verdict":"BLOCKED","reasons":["CANON_CHANGED_SINCE_CORTEX","DIRTY_TRACKED","UNTRACKED_PRESENT"]}
  FAIL preflight rc=2
  D:\CCC 2.0\AI\agent-governance-system\TOOLS\ags.py:31: DeprecationWarning: jsonschema.RefResolver is deprecated as of v4.18.0, in favor of the https://github.com/python-jsonschema/referencing library, which provides more compliant referencing behavior as well as more flexible APIs for customization. A future release will remove RefResolver. Please file a feature request (on referencing) if you are missing an API for the kind of customization you need.
    from jsonschema import Draft7Validator, RefResolver
  
assert 2 == 0
 +  where 2 = CompletedProcess(args=['C:\\Users\\rene_\\AppData\\Local\\Programs\\Python\\Python311\\python.exe', '-m', 'TOOLS.ags', 'run', '--pipeline-id', 'ags-bridge-run-ok', '--runs-root', 'CONTRACTS/_runs', '--strict'], returncode=2, stdout='{"git_branch":"main","git_head_sha":"e0a80eff60500149b068aa0c10d8d6bda7891a60","tracked_dirty":true,"untracked_count":4,"canon_sha256":"58c038ecde620a7dd21a5b0e3a19b2c97579dba0276519d710ff3179960d6c79","cortex_present":true,"cortex_generated_at":"2025-12-27T21:52:46-07:00","cortex_sha256":"a167cbda26bdb94a46e2a3ba0efe2484a5e714d08b5086745372eff1be04826f","verdict":"BLOCKED","reasons":["CANON_CHANGED_SINCE_CORTEX","DIRTY_TRACKED","UNTRACKED_PRESENT"]}\nFAIL preflight rc=2\n', stderr='D:\\CCC 2.0\\AI\\agent-governance-system\\TOOLS\\ags.py:31: DeprecationWarning: jsonschema.RefResolver is deprecated as of v4.18.0, in favor of the https://github.com/python-jsonschema/referencing library, which provides more compliant referencing behavior as well as more flexible APIs for customization. A future release will remove RefResolver. Please file a feature request (on referencing) if you are missing an API for the kind of customization you need.\n  from jsonschema import Draft7Validator, RefResolver\n').returncode
FAILED CATALYTIC-DPT\TESTBENCH\test_ags_phase6_bridge.py::test_ags_run_fails_closed_on_tamper - AssertionError: {"git_branch":"main","git_head_sha":"e0a80eff60500149b068aa0c10d8d6bda7891a60","tracked_dirty":true,"untracked_count":4,"canon_sha256":"58c038ecde620a7dd21a5b0e3a19b2c97579dba0276519d710ff3179960d6c79","cortex_present":true,"cortex_generated_at":"2025-12-27T21:52:46-07:00","cortex_sha256":"a167cbda26bdb94a46e2a3ba0efe2484a5e714d08b5086745372eff1be04826f","verdict":"BLOCKED","reasons":["CANON_CHANGED_SINCE_CORTEX","DIRTY_TRACKED","UNTRACKED_PRESENT"]}
  FAIL preflight rc=2
  D:\CCC 2.0\AI\agent-governance-system\TOOLS\ags.py:31: DeprecationWarning: jsonschema.RefResolver is deprecated as of v4.18.0, in favor of the https://github.com/python-jsonschema/referencing library, which provides more compliant referencing behavior as well as more flexible APIs for customization. A future release will remove RefResolver. Please file a feature request (on referencing) if you are missing an API for the kind of customization you need.
    from jsonschema import Draft7Validator, RefResolver
  
assert 2 == 0
 +  where 2 = CompletedProcess(args=['C:\\Users\\rene_\\AppData\\Local\\Programs\\Python\\Python311\\python.exe', '-m', 'TOOLS.ags', 'run', '--pipeline-id', 'ags-bridge-run-tamper', '--runs-root', 'CONTRACTS/_runs', '--strict'], returncode=2, stdout='{"git_branch":"main","git_head_sha":"e0a80eff60500149b068aa0c10d8d6bda7891a60","tracked_dirty":true,"untracked_count":4,"canon_sha256":"58c038ecde620a7dd21a5b0e3a19b2c97579dba0276519d710ff3179960d6c79","cortex_present":true,"cortex_generated_at":"2025-12-27T21:52:46-07:00","cortex_sha256":"a167cbda26bdb94a46e2a3ba0efe2484a5e714d08b5086745372eff1be04826f","verdict":"BLOCKED","reasons":["CANON_CHANGED_SINCE_CORTEX","DIRTY_TRACKED","UNTRACKED_PRESENT"]}\nFAIL preflight rc=2\n', stderr='D:\\CCC 2.0\\AI\\agent-governance-system\\TOOLS\\ags.py:31: DeprecationWarning: jsonschema.RefResolver is deprecated as of v4.18.0, in favor of the https://github.com/python-jsonschema/referencing library, which provides more compliant referencing behavior as well as more flexible APIs for customization. A future release will remove RefResolver. Please file a feature request (on referencing) if you are missing an API for the kind of customization you need.\n  from jsonschema import Draft7Validator, RefResolver\n').returncode
FAILED CATALYTIC-DPT\TESTBENCH\test_ags_phase6_capability_pins.py::test_capability_pinned_routes_and_verifies - AssertionError: {"git_branch":"main","git_head_sha":"e0a80eff60500149b068aa0c10d8d6bda7891a60","tracked_dirty":true,"untracked_count":4,"canon_sha256":"58c038ecde620a7dd21a5b0e3a19b2c97579dba0276519d710ff3179960d6c79","cortex_present":true,"cortex_generated_at":"2025-12-27T21:52:46-07:00","cortex_sha256":"a167cbda26bdb94a46e2a3ba0efe2484a5e714d08b5086745372eff1be04826f","verdict":"BLOCKED","reasons":["CANON_CHANGED_SINCE_CORTEX","DIRTY_TRACKED","UNTRACKED_PRESENT"]}
  FAIL preflight rc=2
  D:\CCC 2.0\AI\agent-governance-system\TOOLS\ags.py:31: DeprecationWarning: jsonschema.RefResolver is deprecated as of v4.18.0, in favor of the https://github.com/python-jsonschema/referencing library, which provides more compliant referencing behavior as well as more flexible APIs for customization. A future release will remove RefResolver. Please file a feature request (on referencing) if you are missing an API for the kind of customization you need.
    from jsonschema import Draft7Validator, RefResolver
  
assert 2 == 0
 +  where 2 = CompletedProcess(args=['C:\\Users\\rene_\\AppData\\Local\\Programs\\Python\\Python311\\python.exe', '-m', 'TOOLS.ags', 'run', '--pipeline-id', 'ags-capability-pins-ok', '--strict'], returncode=2, stdout='{"git_branch":"main","git_head_sha":"e0a80eff60500149b068aa0c10d8d6bda7891a60","tracked_dirty":true,"untracked_count":4,"canon_sha256":"58c038ecde620a7dd21a5b0e3a19b2c97579dba0276519d710ff3179960d6c79","cortex_present":true,"cortex_generated_at":"2025-12-27T21:52:46-07:00","cortex_sha256":"a167cbda26bdb94a46e2a3ba0efe2484a5e714d08b5086745372eff1be04826f","verdict":"BLOCKED","reasons":["CANON_CHANGED_SINCE_CORTEX","DIRTY_TRACKED","UNTRACKED_PRESENT"]}\nFAIL preflight rc=2\n', stderr='D:\\CCC 2.0\\AI\\agent-governance-system\\TOOLS\\ags.py:31: DeprecationWarning: jsonschema.RefResolver is deprecated as of v4.18.0, in favor of the https://github.com/python-jsonschema/referencing library, which provides more compliant referencing behavior as well as more flexible APIs for customization. A future release will remove RefResolver. Please file a feature request (on referencing) if you are missing an API for the kind of customization you need.\n  from jsonschema import Draft7Validator, RefResolver\n').returncode
FAILED CATALYTIC-DPT\TESTBENCH\test_ags_phase6_capability_pins.py::test_verify_rejects_unpinned_even_if_pipeline_artifact_exists - AssertionError: {"git_branch":"main","git_head_sha":"e0a80eff60500149b068aa0c10d8d6bda7891a60","tracked_dirty":true,"untracked_count":4,"canon_sha256":"49a5bcccaab2c33f8319bd0424c3df6858a7f272c1dcd4293ba9e22243b4c085","cortex_present":true,"cortex_generated_at":"2025-12-27T21:52:46-07:00","cortex_sha256":"a167cbda26bdb94a46e2a3ba0efe2484a5e714d08b5086745372eff1be04826f","verdict":"BLOCKED","reasons":["CANON_CHANGED_SINCE_CORTEX","DIRTY_TRACKED","UNTRACKED_PRESENT"]}
  FAIL preflight rc=2
  D:\CCC 2.0\AI\agent-governance-system\TOOLS\ags.py:31: DeprecationWarning: jsonschema.RefResolver is deprecated as of v4.18.0, in favor of the https://github.com/python-jsonschema/referencing library, which provides more compliant referencing behavior as well as more flexible APIs for customization. A future release will remove RefResolver. Please file a feature request (on referencing) if you are missing an API for the kind of customization you need.
    from jsonschema import Draft7Validator, RefResolver
  
assert 2 == 0
 +  where 2 = CompletedProcess(args=['C:\\Users\\rene_\\AppData\\Local\\Programs\\Python\\Python311\\python.exe', '-m', 'TOOLS.ags', 'run', '--pipeline-id', 'ags-capability-pins-verify-bypass', '--strict'], returncode=2, stdout='{"git_branch":"main","git_head_sha":"e0a80eff60500149b068aa0c10d8d6bda7891a60","tracked_dirty":true,"untracked_count":4,"canon_sha256":"49a5bcccaab2c33f8319bd0424c3df6858a7f272c1dcd4293ba9e22243b4c085","cortex_present":true,"cortex_generated_at":"2025-12-27T21:52:46-07:00","cortex_sha256":"a167cbda26bdb94a46e2a3ba0efe2484a5e714d08b5086745372eff1be04826f","verdict":"BLOCKED","reasons":["CANON_CHANGED_SINCE_CORTEX","DIRTY_TRACKED","UNTRACKED_PRESENT"]}\nFAIL preflight rc=2\n', stderr='D:\\CCC 2.0\\AI\\agent-governance-system\\TOOLS\\ags.py:31: DeprecationWarning: jsonschema.RefResolver is deprecated as of v4.18.0, in favor of the https://github.com/python-jsonschema/referencing library, which provides more compliant referencing behavior as well as more flexible APIs for customization. A future release will remove RefResolver. Please file a feature request (on referencing) if you are missing an API for the kind of customization you need.\n  from jsonschema import Draft7Validator, RefResolver\n').returncode
FAILED CATALYTIC-DPT\TESTBENCH\test_ags_phase6_capability_registry.py::test_capability_registry_happy_unknown_and_tamper - AssertionError: D:\CCC 2.0\AI\agent-governance-system\TOOLS\ags.py:31: DeprecationWarning: jsonschema.RefResolver is deprecated as of v4.18.0, in favor of the https://github.com/python-jsonschema/referencing library, which provides more compliant referencing behavior as well as more flexible APIs for customization. A future release will remove RefResolver. Please file a feature request (on referencing) if you are missing an API for the kind of customization you need.
    from jsonschema import Draft7Validator, RefResolver
  ERROR: CAPABILITY_NOT_PINNED
  
assert 2 == 0
 +  where 2 = CompletedProcess(args=['C:\\Users\\rene_\\AppData\\Local\\Programs\\Python\\Python311\\python.exe', '-m', 'TOOLS.ags', 'route', '--plan', 'C:\\Users\\rene_\\AppData\\Local\\Temp\\pytest-of-Reneshizzle\\pytest-111\\test_capability_registry_happy0\\plan_ok.json', '--pipeline-id', 'ags-capability-registry'], returncode=2, stdout='', stderr='D:\\CCC 2.0\\AI\\agent-governance-system\\TOOLS\\ags.py:31: DeprecationWarning: jsonschema.RefResolver is deprecated as of v4.18.0, in favor of the https://github.com/python-jsonschema/referencing library, which provides more compliant referencing behavior as well as more flexible APIs for customization. A future release will remove RefResolver. Please file a feature request (on referencing) if you are missing an API for the kind of customization you need.\n  from jsonschema import Draft7Validator, RefResolver\nERROR: CAPABILITY_NOT_PINNED\n').returncode
FAILED CATALYTIC-DPT\TESTBENCH\test_ags_phase6_router_slot.py::test_ags_plan_router_happy_path - AssertionError: {"git_branch":"main","git_head_sha":"e0a80eff60500149b068aa0c10d8d6bda7891a60","tracked_dirty":true,"untracked_count":4,"canon_sha256":"49a5bcccaab2c33f8319bd0424c3df6858a7f272c1dcd4293ba9e22243b4c085","cortex_present":true,"cortex_generated_at":"2025-12-27T21:52:46-07:00","cortex_sha256":"a167cbda26bdb94a46e2a3ba0efe2484a5e714d08b5086745372eff1be04826f","verdict":"BLOCKED","reasons":["CANON_CHANGED_SINCE_CORTEX","DIRTY_TRACKED","UNTRACKED_PRESENT"]}
  FAIL preflight rc=2
  D:\CCC 2.0\AI\agent-governance-system\TOOLS\ags.py:31: DeprecationWarning: jsonschema.RefResolver is deprecated as of v4.18.0, in favor of the https://github.com/python-jsonschema/referencing library, which provides more compliant referencing behavior as well as more flexible APIs for customization. A future release will remove RefResolver. Please file a feature request (on referencing) if you are missing an API for the kind of customization you need.
    from jsonschema import Draft7Validator, RefResolver
  
assert 2 == 0
 +  where 2 = CompletedProcess(args=['C:\\Users\\rene_\\AppData\\Local\\Programs\\Python\\Python311\\python.exe', '-m', 'TOOLS.ags', 'run', '--pipeline-id', 'ags-router-happy', '--runs-root', 'CONTRACTS/_runs', '--strict'], returncode=2, stdout='{"git_branch":"main","git_head_sha":"e0a80eff60500149b068aa0c10d8d6bda7891a60","tracked_dirty":true,"untracked_count":4,"canon_sha256":"49a5bcccaab2c33f8319bd0424c3df6858a7f272c1dcd4293ba9e22243b4c085","cortex_present":true,"cortex_generated_at":"2025-12-27T21:52:46-07:00","cortex_sha256":"a167cbda26bdb94a46e2a3ba0efe2484a5e714d08b5086745372eff1be04826f","verdict":"BLOCKED","reasons":["CANON_CHANGED_SINCE_CORTEX","DIRTY_TRACKED","UNTRACKED_PRESENT"]}\nFAIL preflight rc=2\n', stderr='D:\\CCC 2.0\\AI\\agent-governance-system\\TOOLS\\ags.py:31: DeprecationWarning: jsonschema.RefResolver is deprecated as of v4.18.0, in favor of the https://github.com/python-jsonschema/referencing library, which provides more compliant referencing behavior as well as more flexible APIs for customization. A future release will remove RefResolver. Please file a feature request (on referencing) if you are missing an API for the kind of customization you need.\n  from jsonschema import Draft7Validator, RefResolver\n').returncode
FAILED CATALYTIC-DPT\TESTBENCH\test_packing_hygiene.py::test_packer_determinism_catalytic_dpt - AssertionError: assert '902fdde1527ce67171e7b02fa2e27e2d4fec4bed9a10cea43c2eb795378f2430' == 'a9e1bbb7963c3207171ad92c900274de27de9280bd6e86e38317e2b21c249cb8'
  
  - a9e1bbb7963c3207171ad92c900274de27de9280bd6e86e38317e2b21c249cb8
  + 902fdde1527ce67171e7b02fa2e27e2d4fec4bed9a10cea43c2eb795378f2430
FAILED CATALYTIC-DPT\TESTBENCH\test_pipeline_chain.py::test_pipeline_chain_reorder - PermissionError: [WinError 5] Access is denied: 'D:\\CCC 2.0\\AI\\agent-governance-system\\CONTRACTS\\_runs\\_pipelines\\pipeline-chain-reorder\\CHAIN.json.tmp.141020' -> 'D:\\CCC 2.0\\AI\\agent-governance-system\\CONTRACTS\\_runs\\_pipelines\\pipeline-chain-reorder\\CHAIN.json'
FAILED CATALYTIC-DPT\TESTBENCH\test_pipeline_dag.py::test_pipeline_dag_receipt_chain_mismatch - AssertionError: assert 'RECEIPT_CHAIN_INVALID' in ('DEBUG: Check PIPELINE.json: Exp=22c5b1c6c127462509a0e2d4908979181f385fa23dfc83fe023f7af50f55084f Act=22c5b1c6c127462509a0e2d4908979181f385fa23dfc83fe023f7af50f55084f Pdir=D:\\CCC 2.0\\AI\\agent-governance-system\\CONTRACTS\\_runs\\_pipelines\\dag-cm1\nDEBUG: Check STATE.json: Exp=aa4e90cd75465b94ecb60250a652bf56c74f97c0514dbf6489f3cdb56efe64d4 Act=aa4e90cd75465b94ecb60250a652bf56c74f97c0514dbf6489f3cdb56efe64d4 Pdir=D:\\CCC 2.0\\AI\\agent-governance-system\\CONTRACTS\\_runs\\_pipelines\\dag-cm1\nDEBUG: Check CHAIN.json: Exp=8f58414748805980c2cbaaf3bd0c6d3a204a49e3360c863097ecdf1d6372f440 Act=8f58414748805980c2cbaaf3bd0c6d3a204a49e3360c863097ecdf1d6372f440 Pdir=D:\\CCC 2.0\\AI\\agent-governance-system\\CONTRACTS\\_runs\\_pipelines\\dag-cm1\nDEBUG: Check RECEIPT.json: Exp=296f7275d40afa71fa43157383820e6980d0f1b047ccd97c0f829084e660d6ae Act=296f7275d40afa71fa43157383820e6980d0f1b047ccd97c0f829084e660d6ae Pdir=D:\\CCC 2.0\\AI\\agent-governance-system\\CONTRACTS\\_runs\\_pipelines\\dag-cm1\nDEBUG: Check PIPELINE.json: Exp=2987fc7a517ccf3844cb18ea3b23803effb8754c6ebc26fc09678d69053a9fa0 Act=2987fc7a517ccf3844cb18ea3b23803effb8754c6ebc26fc09678d69053a9fa0 Pdir=D:\\CCC 2.0\\AI\\agent-governance-system\\CONTRACTS\\_runs\\_pipelines\\dag-cm2\nDEBUG: Check STATE.json: Exp=30ce364f931a02af9a7ac1523c9c549b13960a0563faa7d47ccfb94c25c8dbd6 Act=30ce364f931a02af9a7ac1523c9c549b13960a0563faa7d47ccfb94c25c8dbd6 Pdir=D:\\CCC 2.0\\AI\\agent-governance-system\\CONTRACTS\\_runs\\_pipelines\\dag-cm2\nDEBUG: Check CHAIN.json: Exp=77cc4c4b7d64e1d4cb0950bb69795a0af0913fab6b9b4190f7f55773ae94a65a Act=77cc4c4b7d64e1d4cb0950bb69795a0af0913fab6b9b4190f7f55773ae94a65a Pdir=D:\\CCC 2.0\\AI\\agent-governance-system\\CONTRACTS\\_runs\\_pipelines\\dag-cm2\nDEBUG: Check RECEIPT.json: Exp=3c7019e565e2400e9c87edc7c648ca0952e23676eaa4fcdb11b68e7da264335b Act=750b3b729f9c010721afadbae9aaf48487cd0a95cd29170b2eab78c75f8b89e2 Pdir=D:\\CCC 2.0\\AI\\agent-governance-system\\CONTRACTS\\_runs\\_pipelines\\dag-cm2\nFAIL code=DAG_RECEIPT_MISMATCH\n' + '')
 +  where 'DEBUG: Check PIPELINE.json: Exp=22c5b1c6c127462509a0e2d4908979181f385fa23dfc83fe023f7af50f55084f Act=22c5b1c6c127462509a0e2d4908979181f385fa23dfc83fe023f7af50f55084f Pdir=D:\\CCC 2.0\\AI\\agent-governance-system\\CONTRACTS\\_runs\\_pipelines\\dag-cm1\nDEBUG: Check STATE.json: Exp=aa4e90cd75465b94ecb60250a652bf56c74f97c0514dbf6489f3cdb56efe64d4 Act=aa4e90cd75465b94ecb60250a652bf56c74f97c0514dbf6489f3cdb56efe64d4 Pdir=D:\\CCC 2.0\\AI\\agent-governance-system\\CONTRACTS\\_runs\\_pipelines\\dag-cm1\nDEBUG: Check CHAIN.json: Exp=8f58414748805980c2cbaaf3bd0c6d3a204a49e3360c863097ecdf1d6372f440 Act=8f58414748805980c2cbaaf3bd0c6d3a204a49e3360c863097ecdf1d6372f440 Pdir=D:\\CCC 2.0\\AI\\agent-governance-system\\CONTRACTS\\_runs\\_pipelines\\dag-cm1\nDEBUG: Check RECEIPT.json: Exp=296f7275d40afa71fa43157383820e6980d0f1b047ccd97c0f829084e660d6ae Act=296f7275d40afa71fa43157383820e6980d0f1b047ccd97c0f829084e660d6ae Pdir=D:\\CCC 2.0\\AI\\agent-governance-system\\CONTRACTS\\_runs\\_pipelines\\dag-cm1\nDEBUG: Check PIPELINE.json: Exp=2987fc7a517ccf3844cb18ea3b23803effb8754c6ebc26fc09678d69053a9fa0 Act=2987fc7a517ccf3844cb18ea3b23803effb8754c6ebc26fc09678d69053a9fa0 Pdir=D:\\CCC 2.0\\AI\\agent-governance-system\\CONTRACTS\\_runs\\_pipelines\\dag-cm2\nDEBUG: Check STATE.json: Exp=30ce364f931a02af9a7ac1523c9c549b13960a0563faa7d47ccfb94c25c8dbd6 Act=30ce364f931a02af9a7ac1523c9c549b13960a0563faa7d47ccfb94c25c8dbd6 Pdir=D:\\CCC 2.0\\AI\\agent-governance-system\\CONTRACTS\\_runs\\_pipelines\\dag-cm2\nDEBUG: Check CHAIN.json: Exp=77cc4c4b7d64e1d4cb0950bb69795a0af0913fab6b9b4190f7f55773ae94a65a Act=77cc4c4b7d64e1d4cb0950bb69795a0af0913fab6b9b4190f7f55773ae94a65a Pdir=D:\\CCC 2.0\\AI\\agent-governance-system\\CONTRACTS\\_runs\\_pipelines\\dag-cm2\nDEBUG: Check RECEIPT.json: Exp=3c7019e565e2400e9c87edc7c648ca0952e23676eaa4fcdb11b68e7da264335b Act=750b3b729f9c010721afadbae9aaf48487cd0a95cd29170b2eab78c75f8b89e2 Pdir=D:\\CCC 2.0\\AI\\agent-governance-system\\CONTRACTS\\_runs\\_pipelines\\dag-cm2\nFAIL code=DAG_RECEIPT_MISMATCH\n' = CompletedProcess(args=['C:\\Users\\rene_\\AppData\\Local\\Programs\\Python\\Python311\\python.exe', 'D:\\CCC 2.0\\AI\\agent-governance-system\\TOOLS\\catalytic.py', 'pipeline', 'dag', 'verify', '--dag-id', 'dag-chain-mismatch', '--strict'], returncode=1, stdout='DEBUG: Check PIPELINE.json: Exp=22c5b1c6c127462509a0e2d4908979181f385fa23dfc83fe023f7af50f55084f Act=22c5b1c6c127462509a0e2d4908979181f385fa23dfc83fe023f7af50f55084f Pdir=D:\\CCC 2.0\\AI\\agent-governance-system\\CONTRACTS\\_runs\\_pipelines\\dag-cm1\nDEBUG: Check STATE.json: Exp=aa4e90cd75465b94ecb60250a652bf56c74f97c0514dbf6489f3cdb56efe64d4 Act=aa4e90cd75465b94ecb60250a652bf56c74f97c0514dbf6489f3cdb56efe64d4 Pdir=D:\\CCC 2.0\\AI\\agent-governance-system\\CONTRACTS\\_runs\\_pipelines\\dag-cm1\nDEBUG: Check CHAIN.json: Exp=8f58414748805980c2cbaaf3bd0c6d3a204a49e3360c863097ecdf1d6372f440 Act=8f58414748805980c2cbaaf3bd0c6d3a204a49e3360c863097ecdf1d6372f440 Pdir=D:\\CCC 2.0\\AI\\agent-governance-system\\CONTRACTS\\_runs\\_pipelines\\dag-cm1\nDEBUG: Check RECEIPT.json: Exp=296f7275d40afa71fa43157383820e6980d0f1b047ccd97c0f829084e660d6ae Act=296f7275d40afa71fa43157383820e6980d0f1b047ccd97c0f829084e660d6ae Pdir=D:\\CCC 2.0\\AI\\agent-governance-system\\CONTRACTS\\_runs\\_pipelines\\dag-cm1\nDEBUG: Check PIPELINE.json: Exp=2987fc7a517ccf3844cb18ea3b23803effb8754c6ebc26fc09678d69053a9fa0 Act=2987fc7a517ccf3844cb18ea3b23803effb8754c6ebc26fc09678d69053a9fa0 Pdir=D:\\CCC 2.0\\AI\\agent-governance-system\\CONTRACTS\\_runs\\_pipelines\\dag-cm2\nDEBUG: Check STATE.json: Exp=30ce364f931a02af9a7ac1523c9c549b13960a0563faa7d47ccfb94c25c8dbd6 Act=30ce364f931a02af9a7ac1523c9c549b13960a0563faa7d47ccfb94c25c8dbd6 Pdir=D:\\CCC 2.0\\AI\\agent-governance-system\\CONTRACTS\\_runs\\_pipelines\\dag-cm2\nDEBUG: Check CHAIN.json: Exp=77cc4c4b7d64e1d4cb0950bb69795a0af0913fab6b9b4190f7f55773ae94a65a Act=77cc4c4b7d64e1d4cb0950bb69795a0af0913fab6b9b4190f7f55773ae94a65a Pdir=D:\\CCC 2.0\\AI\\agent-governance-system\\CONTRACTS\\_runs\\_pipelines\\dag-cm2\nDEBUG: Check RECEIPT.json: Exp=3c7019e565e2400e9c87edc7c648ca0952e23676eaa4fcdb11b68e7da264335b Act=750b3b729f9c010721afadbae9aaf48487cd0a95cd29170b2eab78c75f8b89e2 Pdir=D:\\CCC 2.0\\AI\\agent-governance-system\\CONTRACTS\\_runs\\_pipelines\\dag-cm2\nFAIL code=DAG_RECEIPT_MISMATCH\n', stderr='').stdout
 +  and   '' = CompletedProcess(args=['C:\\Users\\rene_\\AppData\\Local\\Programs\\Python\\Python311\\python.exe', 'D:\\CCC 2.0\\AI\\agent-governance-system\\TOOLS\\catalytic.py', 'pipeline', 'dag', 'verify', '--dag-id', 'dag-chain-mismatch', '--strict'], returncode=1, stdout='DEBUG: Check PIPELINE.json: Exp=22c5b1c6c127462509a0e2d4908979181f385fa23dfc83fe023f7af50f55084f Act=22c5b1c6c127462509a0e2d4908979181f385fa23dfc83fe023f7af50f55084f Pdir=D:\\CCC 2.0\\AI\\agent-governance-system\\CONTRACTS\\_runs\\_pipelines\\dag-cm1\nDEBUG: Check STATE.json: Exp=aa4e90cd75465b94ecb60250a652bf56c74f97c0514dbf6489f3cdb56efe64d4 Act=aa4e90cd75465b94ecb60250a652bf56c74f97c0514dbf6489f3cdb56efe64d4 Pdir=D:\\CCC 2.0\\AI\\agent-governance-system\\CONTRACTS\\_runs\\_pipelines\\dag-cm1\nDEBUG: Check CHAIN.json: Exp=8f58414748805980c2cbaaf3bd0c6d3a204a49e3360c863097ecdf1d6372f440 Act=8f58414748805980c2cbaaf3bd0c6d3a204a49e3360c863097ecdf1d6372f440 Pdir=D:\\CCC 2.0\\AI\\agent-governance-system\\CONTRACTS\\_runs\\_pipelines\\dag-cm1\nDEBUG: Check RECEIPT.json: Exp=296f7275d40afa71fa43157383820e6980d0f1b047ccd97c0f829084e660d6ae Act=296f7275d40afa71fa43157383820e6980d0f1b047ccd97c0f829084e660d6ae Pdir=D:\\CCC 2.0\\AI\\agent-governance-system\\CONTRACTS\\_runs\\_pipelines\\dag-cm1\nDEBUG: Check PIPELINE.json: Exp=2987fc7a517ccf3844cb18ea3b23803effb8754c6ebc26fc09678d69053a9fa0 Act=2987fc7a517ccf3844cb18ea3b23803effb8754c6ebc26fc09678d69053a9fa0 Pdir=D:\\CCC 2.0\\AI\\agent-governance-system\\CONTRACTS\\_runs\\_pipelines\\dag-cm2\nDEBUG: Check STATE.json: Exp=30ce364f931a02af9a7ac1523c9c549b13960a0563faa7d47ccfb94c25c8dbd6 Act=30ce364f931a02af9a7ac1523c9c549b13960a0563faa7d47ccfb94c25c8dbd6 Pdir=D:\\CCC 2.0\\AI\\agent-governance-system\\CONTRACTS\\_runs\\_pipelines\\dag-cm2\nDEBUG: Check CHAIN.json: Exp=77cc4c4b7d64e1d4cb0950bb69795a0af0913fab6b9b4190f7f55773ae94a65a Act=77cc4c4b7d64e1d4cb0950bb69795a0af0913fab6b9b4190f7f55773ae94a65a Pdir=D:\\CCC 2.0\\AI\\agent-governance-system\\CONTRACTS\\_runs\\_pipelines\\dag-cm2\nDEBUG: Check RECEIPT.json: Exp=3c7019e565e2400e9c87edc7c648ca0952e23676eaa4fcdb11b68e7da264335b Act=750b3b729f9c010721afadbae9aaf48487cd0a95cd29170b2eab78c75f8b89e2 Pdir=D:\\CCC 2.0\\AI\\agent-governance-system\\CONTRACTS\\_runs\\_pipelines\\dag-cm2\nFAIL code=DAG_RECEIPT_MISMATCH\n', stderr='').stderr
FAILED CATALYTIC-DPT\TESTBENCH\test_pipeline_verify_cli.py::test_pipeline_verify_chain_tamper - PermissionError: [WinError 5] Access is denied: 'D:\\CCC 2.0\\AI\\agent-governance-system\\CONTRACTS\\_runs\\_pipelines\\pipeline-verify-chain-tamper\\STATE.json.tmp.141020' -> 'D:\\CCC 2.0\\AI\\agent-governance-system\\CONTRACTS\\_runs\\_pipelines\\pipeline-verify-chain-tamper\\STATE.json'
FAILED CATALYTIC-DPT\TESTBENCH\test_swarm_reuse.py::test_swarm_execution_elision - Failed: Tampered receipt should NOT allow elision!
============ 11 failed, 214 passed, 4 warnings in 68.34s (0:01:08) ============
