============================= test session starts =============================
platform win32 -- Python 3.11.6, pytest-9.0.2, pluggy-1.6.0 -- C:\Users\rene_\AppData\Local\Programs\Python\Python311\python.exe
cachedir: .pytest_cache
rootdir: D:\CCC 2.0\AI\agent-governance-system
plugins: anyio-4.12.0
collecting ... collected 1 item

CAPABILITY/TESTBENCH/phases/phase8_router/test_ags_phase8_model_binding.py::test_ags_plan_over_output_fails_closed FAILED

================================== FAILURES ===================================
___________________ test_ags_plan_over_output_fails_closed ____________________
CAPABILITY\TESTBENCH\phases\phase8_router\test_ags_phase8_model_binding.py:66: in test_ags_plan_over_output_fails_closed
    assert "ROUTER_OUTPUT_TOO_LARGE" in r.stderr
E   assert 'ROUTER_OUTPUT_TOO_LARGE' in "C:\\Users\\rene_\\AppData\\Local\\Programs\\Python\\Python311\\python.exe: Error while finding module specification for 'CAPABILITY.TOOLS.ags' (ModuleNotFoundError: No module named 'CAPABILITY')\n"
E    +  where "C:\\Users\\rene_\\AppData\\Local\\Programs\\Python\\Python311\\python.exe: Error while finding module specification for 'CAPABILITY.TOOLS.ags' (ModuleNotFoundError: No module named 'CAPABILITY')\n" = CompletedProcess(args=['C:\\Users\\rene_\\AppData\\Local\\Programs\\Python\\Python311\\python.exe', '-m', 'CAPABILITY.TOOLS.ags', 'plan', '--router', 'C:\\Users\\rene_\\AppData\\Local\\Programs\\Python\\Python311\\python.exe', '--router-arg=-c', "--router-arg=import json,sys;sys.stdout.write(json.dumps({'plan_version': '1.0', 'steps': [{'step_id': 's1', 'command': ['echo', 'hello'], 'jobspec': {'job_id': 'job1', 'intent': 'test', 'phase': 8, 'task_type': 'test_execution', 'inputs': {}, 'outputs': {'durable_paths': [], 'validation_criteria': {}}, 'catalytic_domains': [], 'determinism': 'deterministic'}}], 'padding': 'xxxxxxxxxxxxxxxxxxxxxxxxxxxxxxxxxxxxxxxxxxxxxxxxxxxxxxxxxxxxxxxxxxxxxxxxxxxxxxxxxxxxxxxxxxxxxxxxxxxxxxxxxxxxxxxxxxxxxxxxxxxxxxxxxxxxxxxxxxxxxxxxxxxxxxxxxxxxxxxxxxxxxxxxxxxxxxxxxxxxxxxxxxxxxxxxxxxxxxxxxxxxxxxxxxxxxxxxxxxxxxxxxxxxxxxxxxxxxxxxxxxxxxxxxxxxxxxxxxxxxxxxxxxxxxxxxxxxxxxxxxxxxxxxxxxxxxxxxxxxxxxxxxxxxxxxxxxxxxxxxxxxxxxxxxxxxxxxxxxxxxxxxxxxxxxxxxxxxxxxxxxxxxxxxxxxxxxxxxxxxxxxxxxxxxxxxxxxxxxxxxxxxxxxxxxxxxxxxxxxxxxxxxxxxxxxxxxxxxxxxxxxxxxxxxxxxxxxxxxxxxxxxxxxxxxxxxxxxxxxxxxxxxxxxxxxxxxxxxxxxxxxxxxxxxxxxxxxxxxxxxxxxxxxxxxxxxxxxxxxxxxxxxxxxxxxxxxxxxxxxxxxxxxxxxxxxx...xxxxxxxxxxxxxxxxxxxxxxxxxxxxxxxxxxxxxxxxxxxxxxxxxxxxxxxxxxxxxxxxxxxxxxxxxxxxxxxxxxxxxxxxxxxxxxxxxxxxxxxxxxxxxxxxxxxxxxxxxxxxxxxxxxxxxxxxxxxxxxxxxxxxxxxxxxxxxxxxxxxxxxxxxxxxxxxxxxxxxxxxxxxxxxxxxxxxxxxxxxxxxxxxxxxxxxxxxxxxxxxxxxxxxxxxxxxxxxxxxxxxxxxxxxxxxxxxxxxxxxxxxxxxxxxxxxxxxxxxxxxxxxxxxxxxxxxxxxxxxxxxxxxxxxxxxxxxxxxxxxxxxxxxxxxxxxxxxxxxxxxxxxxxxxxxxxxxxxxxxxxxxxxxxxxxxxxxxxxxxxxxxxxxxxxxxxxxxxxxxxxxxxxxxxxxxxxxxxxxxxxxxxxxxxxxxxxxxxxxxxxxxxxxxxxxxxxxxxxxxxxxxxxxxxxxxxxxxxxxxxxxxxxxxxxxxxxxxxxxxxxxxxxxxxxxxxxxxxxxxxxxxxxxxxxxxxxxxxxxxxxxxxxxxxxxxxxxxxxxxxxxxxxxxxxxxxxxxxxxxxxxxxxxxxxxxxxxxxxxxxxxxxxxxxxxxxxxxxxxxxxxxxxxxxxxxxxxxxxxxxxxxxxxxxxxxxxxxxxxxxxxxxxxxxxxxxxxxxxxxxxxxxxxxxxxxxxxxxxxxxxxxxxxxxxxxxxxxxxxxxxxxxxxxxxxxxxxxxxxxxxxxxxxxxxxxxxxxxxxxxxxxxxxxxxxxxxxxxxxxxxxxxxxxxxxxxxxxxxxxxxxxxx'}))", '--out', 'C:\\Users\\rene_\\AppData\\Local\\Temp\\pytest-of-Reneshizzle\\pytest-396\\test_ags_plan_over_output_fail0\\plan.json', '--max-bytes', '1024'], returncode=1, stdout='', stderr="C:\\Users\\rene_\\AppData\\Local\\Programs\\Python\\Python311\\python.exe: Error while finding module specification for 'CAPABILITY.TOOLS.ags' (ModuleNotFoundError: No module named 'CAPABILITY')\n").stderr
=========================== short test summary info ===========================
FAILED CAPABILITY/TESTBENCH/phases/phase8_router/test_ags_phase8_model_binding.py::test_ags_plan_over_output_fails_closed
============================== 1 failed in 0.23s ==============================
