..............F.........FFFFFFFFFFFFFFFFFFFFFFF....FFF............F..... [ 36%]
...F..................F..........FFF..FFFFF.FFFFFFFFFF.................. [ 72%]
......F.F.FFF.........F................FF...F...........                 [100%]
================================== FAILURES ===================================
E   TypeError: Object of type WindowsPath is not JSON serializable
C:\Users\rene_\AppData\Local\Programs\Python\Python313\Lib\json\encoder.py:180: TypeError: Object of type WindowsPath is not JSON serializable
E   AssertionError: C:\Users\rene_\AppData\Local\Programs\Python\Python313\python.exe: Error while finding module specification for 'TOOLS.ags' (ModuleNotFoundError: No module named 'TOOLS')
      
    assert 1 == 0
     +  where 1 = CompletedProcess(args=['C:\\Users\\rene_\\AppData\\Local\\Programs\\Python\\Python313\\python.exe', '-m', 'TOOLS.ags',...python.exe: Error while finding module specification for 'TOOLS.ags' (ModuleNotFoundError: No module named 'TOOLS')\n").returncode
D:\CCC 2.0\AI\agent-governance-system\CAPABILITY\TESTBENCH\test_ags_phase6_bridge.py:92: AssertionError: C:\Users\rene_\AppData\Local\Programs\Python\Python313\python.exe: Error while finding module specification for 'TOOLS.ags' (ModuleNotFoundError: No module named 'TOOLS')
E   AssertionError: C:\Users\rene_\AppData\Local\Programs\Python\Python313\python.exe: Error while finding module specification for 'TOOLS.ags' (ModuleNotFoundError: No module named 'TOOLS')
      
    assert 1 == 0
     +  where 1 = CompletedProcess(args=['C:\\Users\\rene_\\AppData\\Local\\Programs\\Python\\Python313\\python.exe', '-m', 'TOOLS.ags',...python.exe: Error while finding module specification for 'TOOLS.ags' (ModuleNotFoundError: No module named 'TOOLS')\n").returncode
D:\CCC 2.0\AI\agent-governance-system\CAPABILITY\TESTBENCH\test_ags_phase6_bridge.py:124: AssertionError: C:\Users\rene_\AppData\Local\Programs\Python\Python313\python.exe: Error while finding module specification for 'TOOLS.ags' (ModuleNotFoundError: No module named 'TOOLS')
E   AssertionError: C:\Users\rene_\AppData\Local\Programs\Python\Python313\python.exe: Error while finding module specification for 'TOOLS.ags' (ModuleNotFoundError: No module named 'TOOLS')
      
    assert 1 == 0
     +  where 1 = CompletedProcess(args=['C:\\Users\\rene_\\AppData\\Local\\Programs\\Python\\Python313\\python.exe', '-m', 'TOOLS.ags',...python.exe: Error while finding module specification for 'TOOLS.ags' (ModuleNotFoundError: No module named 'TOOLS')\n").returncode
D:\CCC 2.0\AI\agent-governance-system\CAPABILITY\TESTBENCH\test_ags_phase6_bridge.py:153: AssertionError: C:\Users\rene_\AppData\Local\Programs\Python\Python313\python.exe: Error while finding module specification for 'TOOLS.ags' (ModuleNotFoundError: No module named 'TOOLS')
E   AssertionError: C:\Users\rene_\AppData\Local\Programs\Python\Python313\python.exe: Error while finding module specification for 'TOOLS.ags' (ModuleNotFoundError: No module named 'TOOLS')
      
    assert 1 == 0
     +  where 1 = CompletedProcess(args=['C:\\Users\\rene_\\AppData\\Local\\Programs\\Python\\Python313\\python.exe', '-m', 'TOOLS.ags',...python.exe: Error while finding module specification for 'TOOLS.ags' (ModuleNotFoundError: No module named 'TOOLS')\n").returncode
D:\CCC 2.0\AI\agent-governance-system\CAPABILITY\TESTBENCH\test_ags_phase6_bridge.py:191: AssertionError: C:\Users\rene_\AppData\Local\Programs\Python\Python313\python.exe: Error while finding module specification for 'TOOLS.ags' (ModuleNotFoundError: No module named 'TOOLS')
E   AssertionError: C:\Users\rene_\AppData\Local\Programs\Python\Python313\python.exe: Error while finding module specification for 'TOOLS.ags' (ModuleNotFoundError: No module named 'TOOLS')
      
    assert 1 == 0
     +  where 1 = CompletedProcess(args=['C:\\Users\\rene_\\AppData\\Local\\Programs\\Python\\Python313\\python.exe', '-m', 'TOOLS.ags',...python.exe: Error while finding module specification for 'TOOLS.ags' (ModuleNotFoundError: No module named 'TOOLS')\n").returncode
D:\CCC 2.0\AI\agent-governance-system\CAPABILITY\TESTBENCH\test_ags_phase6_capability_pins.py:89: AssertionError: C:\Users\rene_\AppData\Local\Programs\Python\Python313\python.exe: Error while finding module specification for 'TOOLS.ags' (ModuleNotFoundError: No module named 'TOOLS')
E   assert 'CAPABILITY_NOT_PINNED' in ('' + "C:\\Users\\rene_\\AppData\\Local\\Programs\\Python\\Python313\\python.exe: Error while finding module specification for 'TOOLS.ags' (ModuleNotFoundError: No module named 'TOOLS')\n")
     +  where '' = CompletedProcess(args=['C:\\Users\\rene_\\AppData\\Local\\Programs\\Python\\Python313\\python.exe', '-m', 'TOOLS.ags',...python.exe: Error while finding module specification for 'TOOLS.ags' (ModuleNotFoundError: No module named 'TOOLS')\n").stdout
     +  and   "C:\\Users\\rene_\\AppData\\Local\\Programs\\Python\\Python313\\python.exe: Error while finding module specification for 'TOOLS.ags' (ModuleNotFoundError: No module named 'TOOLS')\n" = CompletedProcess(args=['C:\\Users\\rene_\\AppData\\Local\\Programs\\Python\\Python313\\python.exe', '-m', 'TOOLS.ags',...python.exe: Error while finding module specification for 'TOOLS.ags' (ModuleNotFoundError: No module named 'TOOLS')\n").stderr
D:\CCC 2.0\AI\agent-governance-system\CAPABILITY\TESTBENCH\test_ags_phase6_capability_pins.py:119: assert 'CAPABILITY_NOT_PINNED' in ('' + "C:\\Users\\rene_\\AppData\\Local\\Programs\\Python\\Python313\\python.exe: Error while finding module specification for 'TOOLS.ags' (ModuleNotFoundError: No module named 'TOOLS')\n")
E   AssertionError: C:\Users\rene_\AppData\Local\Programs\Python\Python313\python.exe: Error while finding module specification for 'TOOLS.ags' (ModuleNotFoundError: No module named 'TOOLS')
      
    assert 1 == 0
     +  where 1 = CompletedProcess(args=['C:\\Users\\rene_\\AppData\\Local\\Programs\\Python\\Python313\\python.exe', '-m', 'TOOLS.ags',...python.exe: Error while finding module specification for 'TOOLS.ags' (ModuleNotFoundError: No module named 'TOOLS')\n").returncode
D:\CCC 2.0\AI\agent-governance-system\CAPABILITY\TESTBENCH\test_ags_phase6_capability_pins.py:170: AssertionError: C:\Users\rene_\AppData\Local\Programs\Python\Python313\python.exe: Error while finding module specification for 'TOOLS.ags' (ModuleNotFoundError: No module named 'TOOLS')
E   assert 'UNKNOWN_CAPABILITY' in ("C:\\Users\\rene_\\AppData\\Local\\Programs\\Python\\Python313\\python.exe: Error while finding module specification for 'TOOLS.ags' (ModuleNotFoundError: No module named 'TOOLS')\n" + '')
     +  where "C:\\Users\\rene_\\AppData\\Local\\Programs\\Python\\Python313\\python.exe: Error while finding module specification for 'TOOLS.ags' (ModuleNotFoundError: No module named 'TOOLS')\n" = CompletedProcess(args=['C:\\Users\\rene_\\AppData\\Local\\Programs\\Python\\Python313\\python.exe', '-m', 'TOOLS.ags',...python.exe: Error while finding module specification for 'TOOLS.ags' (ModuleNotFoundError: No module named 'TOOLS')\n").stderr
     +  and   '' = CompletedProcess(args=['C:\\Users\\rene_\\AppData\\Local\\Programs\\Python\\Python313\\python.exe', '-m', 'TOOLS.ags',...python.exe: Error while finding module specification for 'TOOLS.ags' (ModuleNotFoundError: No module named 'TOOLS')\n").stdout
D:\CCC 2.0\AI\agent-governance-system\CAPABILITY\TESTBENCH\test_ags_phase6_capability_registry.py:119: assert 'UNKNOWN_CAPABILITY' in ("C:\\Users\\rene_\\AppData\\Local\\Programs\\Python\\Python313\\python.exe: Error while finding module specification for 'TOOLS.ags' (ModuleNotFoundError: No module named 'TOOLS')\n" + '')
E   AssertionError: Expected REVOKED_CAPABILITY error. Got: C:\Users\rene_\AppData\Local\Programs\Python\Python313\python.exe: Error while finding module specification for 'TOOLS.ags' (ModuleNotFoundError: No module named 'TOOLS')
      
    assert 'REVOKED_CAPABILITY' in ("C:\\Users\\rene_\\AppData\\Local\\Programs\\Python\\Python313\\python.exe: Error while finding module specification for 'TOOLS.ags' (ModuleNotFoundError: No module named 'TOOLS')\n" + '')
     +  where "C:\\Users\\rene_\\AppData\\Local\\Programs\\Python\\Python313\\python.exe: Error while finding module specification for 'TOOLS.ags' (ModuleNotFoundError: No module named 'TOOLS')\n" = CompletedProcess(args=['C:\\Users\\rene_\\AppData\\Local\\Programs\\Python\\Python313\\python.exe', '-m', 'TOOLS.ags',...python.exe: Error while finding module specification for 'TOOLS.ags' (ModuleNotFoundError: No module named 'TOOLS')\n").stderr
     +  and   '' = CompletedProcess(args=['C:\\Users\\rene_\\AppData\\Local\\Programs\\Python\\Python313\\python.exe', '-m', 'TOOLS.ags',...python.exe: Error while finding module specification for 'TOOLS.ags' (ModuleNotFoundError: No module named 'TOOLS')\n").stdout
D:\CCC 2.0\AI\agent-governance-system\CAPABILITY\TESTBENCH\test_ags_phase6_capability_revokes.py:64: AssertionError: Expected REVOKED_CAPABILITY error. Got: C:\Users\rene_\AppData\Local\Programs\Python\Python313\python.exe: Error while finding module specification for 'TOOLS.ags' (ModuleNotFoundError: No module named 'TOOLS')
E   AssertionError: Route should succeed: C:\Users\rene_\AppData\Local\Programs\Python\Python313\python.exe: Error while finding module specification for 'TOOLS.ags' (ModuleNotFoundError: No module named 'TOOLS')
      
    assert 1 == 0
     +  where 1 = CompletedProcess(args=['C:\\Users\\rene_\\AppData\\Local\\Programs\\Python\\Python313\\python.exe', '-m', 'TOOLS.ags',...python.exe: Error while finding module specification for 'TOOLS.ags' (ModuleNotFoundError: No module named 'TOOLS')\n").returncode
D:\CCC 2.0\AI\agent-governance-system\CAPABILITY\TESTBENCH\test_ags_phase6_capability_revokes.py:108: AssertionError: Route should succeed: C:\Users\rene_\AppData\Local\Programs\Python\Python313\python.exe: Error while finding module specification for 'TOOLS.ags' (ModuleNotFoundError: No module named 'TOOLS')
E   AssertionError: Route should succeed: C:\Users\rene_\AppData\Local\Programs\Python\Python313\python.exe: Error while finding module specification for 'TOOLS.ags' (ModuleNotFoundError: No module named 'TOOLS')
      
    assert 1 == 0
     +  where 1 = CompletedProcess(args=['C:\\Users\\rene_\\AppData\\Local\\Programs\\Python\\Python313\\python.exe', '-m', 'TOOLS.ags',...python.exe: Error while finding module specification for 'TOOLS.ags' (ModuleNotFoundError: No module named 'TOOLS')\n").returncode
D:\CCC 2.0\AI\agent-governance-system\CAPABILITY\TESTBENCH\test_ags_phase6_capability_revokes.py:157: AssertionError: Route should succeed: C:\Users\rene_\AppData\Local\Programs\Python\Python313\python.exe: Error while finding module specification for 'TOOLS.ags' (ModuleNotFoundError: No module named 'TOOLS')
E   FileNotFoundError: [Errno 2] No such file or directory: 'D:\\CCC 2.0\\AI\\agent-governance-system\\CATALYTIC-DPT\\CAPABILITIES.json'
C:\Users\rene_\AppData\Local\Programs\Python\Python313\Lib\pathlib\_local.py:537: FileNotFoundError: [Errno 2] No such file or directory: 'D:\\CCC 2.0\\AI\\agent-governance-system\\CATALYTIC-DPT\\CAPABILITIES.json'
E   assert 'CAPABILITY_HASH_MISMATCH' in ("C:\\Users\\rene_\\AppData\\Local\\Programs\\Python\\Python313\\python.exe: Error while finding module specification for 'TOOLS.ags' (ModuleNotFoundError: No module named 'TOOLS')\n" + '')
     +  where "C:\\Users\\rene_\\AppData\\Local\\Programs\\Python\\Python313\\python.exe: Error while finding module specification for 'TOOLS.ags' (ModuleNotFoundError: No module named 'TOOLS')\n" = CompletedProcess(args=['C:\\Users\\rene_\\AppData\\Local\\Programs\\Python\\Python313\\python.exe', '-m', 'TOOLS.ags',...python.exe: Error while finding module specification for 'TOOLS.ags' (ModuleNotFoundError: No module named 'TOOLS')\n").stderr
     +  and   '' = CompletedProcess(args=['C:\\Users\\rene_\\AppData\\Local\\Programs\\Python\\Python313\\python.exe', '-m', 'TOOLS.ags',...python.exe: Error while finding module specification for 'TOOLS.ags' (ModuleNotFoundError: No module named 'TOOLS')\n").stdout
D:\CCC 2.0\AI\agent-governance-system\CAPABILITY\TESTBENCH\test_ags_phase6_capability_versioning_semantics.py:68: assert 'CAPABILITY_HASH_MISMATCH' in ("C:\\Users\\rene_\\AppData\\Local\\Programs\\Python\\Python313\\python.exe: Error while finding module specification for 'TOOLS.ags' (ModuleNotFoundError: No module named 'TOOLS')\n" + '')
E   Failed: Wrapper failed. Stderr: C:\Users\rene_\AppData\Local\Programs\Python\Python313\python.exe: can't open file 'D:\\CCC 2.0\\AI\\agent-governance-system\\CATALYTIC-DPT\\SKILLS\\mcp-adapter\\scripts\\wrapper.py': [Errno 2] No such file or directory
D:\CCC 2.0\AI\agent-governance-system\CAPABILITY\TESTBENCH\test_ags_phase6_mcp_adapter_e2e.py:45: Failed: Wrapper failed. Stderr: C:\Users\rene_\AppData\Local\Programs\Python\Python313\python.exe: can't open file 'D:\\CCC 2.0\\AI\\agent-governance-system\\CATALYTIC-DPT\\SKILLS\\mcp-adapter\\scripts\\wrapper.py': [Errno 2] No such file or directory
E   assert 'STDERR_EMITTED' in "C:\\Users\\rene_\\AppData\\Local\\Programs\\Python\\Python313\\python.exe: can't open file 'D:\\\\CCC 2.0\\\\AI\\\\ag...ance-system\\\\CATALYTIC-DPT\\\\SKILLS\\\\mcp-adapter\\\\scripts\\\\wrapper.py': [Errno 2] No such file or directory\n"
     +  where "C:\\Users\\rene_\\AppData\\Local\\Programs\\Python\\Python313\\python.exe: can't open file 'D:\\\\CCC 2.0\\\\AI\\\\ag...ance-system\\\\CATALYTIC-DPT\\\\SKILLS\\\\mcp-adapter\\\\scripts\\\\wrapper.py': [Errno 2] No such file or directory\n" = CompletedProcess(args=['C:\\Users\\rene_\\AppData\\Local\\Programs\\Python\\Python313\\python.exe', 'D:\\CCC 2.0\\AI\\...nce-system\\\\CATALYTIC-DPT\\\\SKILLS\\\\mcp-adapter\\\\scripts\\\\wrapper.py': [Errno 2] No such file or directory\n").stderr
D:\CCC 2.0\AI\agent-governance-system\CAPABILITY\TESTBENCH\test_ags_phase6_mcp_adapter_e2e.py:70: assert 'STDERR_EMITTED' in "C:\\Users\\rene_\\AppData\\Local\\Programs\\Python\\Python313\\python.exe: can't open file 'D:\\\\CCC 2.0\\\\AI\\\\ag...ance-system\\\\CATALYTIC-DPT\\\\SKILLS\\\\mcp-adapter\\\\scripts\\\\wrapper.py': [Errno 2] No such file or directory\n"
E   assert 'TIMEOUT' in "C:\\Users\\rene_\\AppData\\Local\\Programs\\Python\\Python313\\python.exe: can't open file 'D:\\\\CCC 2.0\\\\AI\\\\ag...ance-system\\\\CATALYTIC-DPT\\\\SKILLS\\\\mcp-adapter\\\\scripts\\\\wrapper.py': [Errno 2] No such file or directory\n"
     +  where "C:\\Users\\rene_\\AppData\\Local\\Programs\\Python\\Python313\\python.exe: can't open file 'D:\\\\CCC 2.0\\\\AI\\\\ag...ance-system\\\\CATALYTIC-DPT\\\\SKILLS\\\\mcp-adapter\\\\scripts\\\\wrapper.py': [Errno 2] No such file or directory\n" = CompletedProcess(args=['C:\\Users\\rene_\\AppData\\Local\\Programs\\Python\\Python313\\python.exe', 'D:\\CCC 2.0\\AI\\...nce-system\\\\CATALYTIC-DPT\\\\SKILLS\\\\mcp-adapter\\\\scripts\\\\wrapper.py': [Errno 2] No such file or directory\n").stderr
D:\CCC 2.0\AI\agent-governance-system\CAPABILITY\TESTBENCH\test_ags_phase6_mcp_adapter_e2e.py:87: assert 'TIMEOUT' in "C:\\Users\\rene_\\AppData\\Local\\Programs\\Python\\Python313\\python.exe: can't open file 'D:\\\\CCC 2.0\\\\AI\\\\ag...ance-system\\\\CATALYTIC-DPT\\\\SKILLS\\\\mcp-adapter\\\\scripts\\\\wrapper.py': [Errno 2] No such file or directory\n"
E   assert 'STDOUT_OVERFLOW' in "C:\\Users\\rene_\\AppData\\Local\\Programs\\Python\\Python313\\python.exe: can't open file 'D:\\\\CCC 2.0\\\\AI\\\\ag...ance-system\\\\CATALYTIC-DPT\\\\SKILLS\\\\mcp-adapter\\\\scripts\\\\wrapper.py': [Errno 2] No such file or directory\n"
     +  where "C:\\Users\\rene_\\AppData\\Local\\Programs\\Python\\Python313\\python.exe: can't open file 'D:\\\\CCC 2.0\\\\AI\\\\ag...ance-system\\\\CATALYTIC-DPT\\\\SKILLS\\\\mcp-adapter\\\\scripts\\\\wrapper.py': [Errno 2] No such file or directory\n" = CompletedProcess(args=['C:\\Users\\rene_\\AppData\\Local\\Programs\\Python\\Python313\\python.exe', 'D:\\CCC 2.0\\AI\\...nce-system\\\\CATALYTIC-DPT\\\\SKILLS\\\\mcp-adapter\\\\scripts\\\\wrapper.py': [Errno 2] No such file or directory\n").stderr
D:\CCC 2.0\AI\agent-governance-system\CAPABILITY\TESTBENCH\test_ags_phase6_mcp_adapter_e2e.py:104: assert 'STDOUT_OVERFLOW' in "C:\\Users\\rene_\\AppData\\Local\\Programs\\Python\\Python313\\python.exe: can't open file 'D:\\\\CCC 2.0\\\\AI\\\\ag...ance-system\\\\CATALYTIC-DPT\\\\SKILLS\\\\mcp-adapter\\\\scripts\\\\wrapper.py': [Errno 2] No such file or directory\n"
E   assert 'INVALID_JSON_OUTPUT' in "C:\\Users\\rene_\\AppData\\Local\\Programs\\Python\\Python313\\python.exe: can't open file 'D:\\\\CCC 2.0\\\\AI\\\\ag...ance-system\\\\CATALYTIC-DPT\\\\SKILLS\\\\mcp-adapter\\\\scripts\\\\wrapper.py': [Errno 2] No such file or directory\n"
     +  where "C:\\Users\\rene_\\AppData\\Local\\Programs\\Python\\Python313\\python.exe: can't open file 'D:\\\\CCC 2.0\\\\AI\\\\ag...ance-system\\\\CATALYTIC-DPT\\\\SKILLS\\\\mcp-adapter\\\\scripts\\\\wrapper.py': [Errno 2] No such file or directory\n" = CompletedProcess(args=['C:\\Users\\rene_\\AppData\\Local\\Programs\\Python\\Python313\\python.exe', 'D:\\CCC 2.0\\AI\\...nce-system\\\\CATALYTIC-DPT\\\\SKILLS\\\\mcp-adapter\\\\scripts\\\\wrapper.py': [Errno 2] No such file or directory\n").stderr
D:\CCC 2.0\AI\agent-governance-system\CAPABILITY\TESTBENCH\test_ags_phase6_mcp_adapter_e2e.py:118: assert 'INVALID_JSON_OUTPUT' in "C:\\Users\\rene_\\AppData\\Local\\Programs\\Python\\Python313\\python.exe: can't open file 'D:\\\\CCC 2.0\\\\AI\\\\ag...ance-system\\\\CATALYTIC-DPT\\\\SKILLS\\\\mcp-adapter\\\\scripts\\\\wrapper.py': [Errno 2] No such file or directory\n"
E   assert 'BAD_EXIT_CODE' in "C:\\Users\\rene_\\AppData\\Local\\Programs\\Python\\Python313\\python.exe: can't open file 'D:\\\\CCC 2.0\\\\AI\\\\ag...ance-system\\\\CATALYTIC-DPT\\\\SKILLS\\\\mcp-adapter\\\\scripts\\\\wrapper.py': [Errno 2] No such file or directory\n"
     +  where "C:\\Users\\rene_\\AppData\\Local\\Programs\\Python\\Python313\\python.exe: can't open file 'D:\\\\CCC 2.0\\\\AI\\\\ag...ance-system\\\\CATALYTIC-DPT\\\\SKILLS\\\\mcp-adapter\\\\scripts\\\\wrapper.py': [Errno 2] No such file or directory\n" = CompletedProcess(args=['C:\\Users\\rene_\\AppData\\Local\\Programs\\Python\\Python313\\python.exe', 'D:\\CCC 2.0\\AI\\...nce-system\\\\CATALYTIC-DPT\\\\SKILLS\\\\mcp-adapter\\\\scripts\\\\wrapper.py': [Errno 2] No such file or directory\n").stderr
D:\CCC 2.0\AI\agent-governance-system\CAPABILITY\TESTBENCH\test_ags_phase6_mcp_adapter_e2e.py:135: assert 'BAD_EXIT_CODE' in "C:\\Users\\rene_\\AppData\\Local\\Programs\\Python\\Python313\\python.exe: can't open file 'D:\\\\CCC 2.0\\\\AI\\\\ag...ance-system\\\\CATALYTIC-DPT\\\\SKILLS\\\\mcp-adapter\\\\scripts\\\\wrapper.py': [Errno 2] No such file or directory\n"
E   assert 'REGISTRY_DUPLICATE_HASH' in ("C:\\Users\\rene_\\AppData\\Local\\Programs\\Python\\Python313\\python.exe: Error while finding module specification for 'TOOLS.ags' (ModuleNotFoundError: No module named 'TOOLS')\n" + '')
     +  where "C:\\Users\\rene_\\AppData\\Local\\Programs\\Python\\Python313\\python.exe: Error while finding module specification for 'TOOLS.ags' (ModuleNotFoundError: No module named 'TOOLS')\n" = CompletedProcess(args=['C:\\Users\\rene_\\AppData\\Local\\Programs\\Python\\Python313\\python.exe', '-m', 'TOOLS.ags',...python.exe: Error while finding module specification for 'TOOLS.ags' (ModuleNotFoundError: No module named 'TOOLS')\n").stderr
     +  and   '' = CompletedProcess(args=['C:\\Users\\rene_\\AppData\\Local\\Programs\\Python\\Python313\\python.exe', '-m', 'TOOLS.ags',...python.exe: Error while finding module specification for 'TOOLS.ags' (ModuleNotFoundError: No module named 'TOOLS')\n").stdout
D:\CCC 2.0\AI\agent-governance-system\CAPABILITY\TESTBENCH\test_ags_phase6_registry_immutability.py:47: assert 'REGISTRY_DUPLICATE_HASH' in ("C:\\Users\\rene_\\AppData\\Local\\Programs\\Python\\Python313\\python.exe: Error while finding module specification for 'TOOLS.ags' (ModuleNotFoundError: No module named 'TOOLS')\n" + '')
E   assert 'REGISTRY_NONCANONICAL' in ("C:\\Users\\rene_\\AppData\\Local\\Programs\\Python\\Python313\\python.exe: Error while finding module specification for 'TOOLS.ags' (ModuleNotFoundError: No module named 'TOOLS')\n" + '')
     +  where "C:\\Users\\rene_\\AppData\\Local\\Programs\\Python\\Python313\\python.exe: Error while finding module specification for 'TOOLS.ags' (ModuleNotFoundError: No module named 'TOOLS')\n" = CompletedProcess(args=['C:\\Users\\rene_\\AppData\\Local\\Programs\\Python\\Python313\\python.exe', '-m', 'TOOLS.ags',...python.exe: Error while finding module specification for 'TOOLS.ags' (ModuleNotFoundError: No module named 'TOOLS')\n").stderr
     +  and   '' = CompletedProcess(args=['C:\\Users\\rene_\\AppData\\Local\\Programs\\Python\\Python313\\python.exe', '-m', 'TOOLS.ags',...python.exe: Error while finding module specification for 'TOOLS.ags' (ModuleNotFoundError: No module named 'TOOLS')\n").stdout
D:\CCC 2.0\AI\agent-governance-system\CAPABILITY\TESTBENCH\test_ags_phase6_registry_immutability.py:69: assert 'REGISTRY_NONCANONICAL' in ("C:\\Users\\rene_\\AppData\\Local\\Programs\\Python\\Python313\\python.exe: Error while finding module specification for 'TOOLS.ags' (ModuleNotFoundError: No module named 'TOOLS')\n" + '')
E   assert 'CAPABILITY_HASH_MISMATCH' in ("C:\\Users\\rene_\\AppData\\Local\\Programs\\Python\\Python313\\python.exe: Error while finding module specification for 'TOOLS.ags' (ModuleNotFoundError: No module named 'TOOLS')\n" + '')
     +  where "C:\\Users\\rene_\\AppData\\Local\\Programs\\Python\\Python313\\python.exe: Error while finding module specification for 'TOOLS.ags' (ModuleNotFoundError: No module named 'TOOLS')\n" = CompletedProcess(args=['C:\\Users\\rene_\\AppData\\Local\\Programs\\Python\\Python313\\python.exe', '-m', 'TOOLS.ags',...python.exe: Error while finding module specification for 'TOOLS.ags' (ModuleNotFoundError: No module named 'TOOLS')\n").stderr
     +  and   '' = CompletedProcess(args=['C:\\Users\\rene_\\AppData\\Local\\Programs\\Python\\Python313\\python.exe', '-m', 'TOOLS.ags',...python.exe: Error while finding module specification for 'TOOLS.ags' (ModuleNotFoundError: No module named 'TOOLS')\n").stdout
D:\CCC 2.0\AI\agent-governance-system\CAPABILITY\TESTBENCH\test_ags_phase6_registry_immutability.py:95: assert 'CAPABILITY_HASH_MISMATCH' in ("C:\\Users\\rene_\\AppData\\Local\\Programs\\Python\\Python313\\python.exe: Error while finding module specification for 'TOOLS.ags' (ModuleNotFoundError: No module named 'TOOLS')\n" + '')
E   AssertionError: C:\Users\rene_\AppData\Local\Programs\Python\Python313\python.exe: Error while finding module specification for 'TOOLS.ags' (ModuleNotFoundError: No module named 'TOOLS')
      
    assert 1 == 0
     +  where 1 = CompletedProcess(args=['C:\\Users\\rene_\\AppData\\Local\\Programs\\Python\\Python313\\python.exe', '-m', 'TOOLS.ags',...python.exe: Error while finding module specification for 'TOOLS.ags' (ModuleNotFoundError: No module named 'TOOLS')\n").returncode
D:\CCC 2.0\AI\agent-governance-system\CAPABILITY\TESTBENCH\test_ags_phase6_router_slot.py:66: AssertionError: C:\Users\rene_\AppData\Local\Programs\Python\Python313\python.exe: Error while finding module specification for 'TOOLS.ags' (ModuleNotFoundError: No module named 'TOOLS')
E   assert 'MISSING_STEP_COMMAND' in "C:\\Users\\rene_\\AppData\\Local\\Programs\\Python\\Python313\\python.exe: Error while finding module specification for 'TOOLS.ags' (ModuleNotFoundError: No module named 'TOOLS')\n"
     +  where "C:\\Users\\rene_\\AppData\\Local\\Programs\\Python\\Python313\\python.exe: Error while finding module specification for 'TOOLS.ags' (ModuleNotFoundError: No module named 'TOOLS')\n" = CompletedProcess(args=['C:\\Users\\rene_\\AppData\\Local\\Programs\\Python\\Python313\\python.exe', '-m', 'TOOLS.ags',...python.exe: Error while finding module specification for 'TOOLS.ags' (ModuleNotFoundError: No module named 'TOOLS')\n").stderr
D:\CCC 2.0\AI\agent-governance-system\CAPABILITY\TESTBENCH\test_ags_phase6_router_slot.py:190: assert 'MISSING_STEP_COMMAND' in "C:\\Users\\rene_\\AppData\\Local\\Programs\\Python\\Python313\\python.exe: Error while finding module specification for 'TOOLS.ags' (ModuleNotFoundError: No module named 'TOOLS')\n"
E   AssertionError: C:\Users\rene_\AppData\Local\Programs\Python\Python313\python.exe: Error while finding module specification for 'TOOLS.ags' (ModuleNotFoundError: No module named 'TOOLS')
      
    assert 1 == 0
     +  where 1 = CompletedProcess(args=['C:\\Users\\rene_\\AppData\\Local\\Programs\\Python\\Python313\\python.exe', '-m', 'TOOLS.ags',...python.exe: Error while finding module specification for 'TOOLS.ags' (ModuleNotFoundError: No module named 'TOOLS')\n").returncode
D:\CCC 2.0\AI\agent-governance-system\CAPABILITY\TESTBENCH\test_ags_phase8_model_binding.py:65: AssertionError: C:\Users\rene_\AppData\Local\Programs\Python\Python313\python.exe: Error while finding module specification for 'TOOLS.ags' (ModuleNotFoundError: No module named 'TOOLS')
E   assert 'ROUTER_OUTPUT_TOO_LARGE' in "C:\\Users\\rene_\\AppData\\Local\\Programs\\Python\\Python313\\python.exe: Error while finding module specification for 'TOOLS.ags' (ModuleNotFoundError: No module named 'TOOLS')\n"
     +  where "C:\\Users\\rene_\\AppData\\Local\\Programs\\Python\\Python313\\python.exe: Error while finding module specification for 'TOOLS.ags' (ModuleNotFoundError: No module named 'TOOLS')\n" = CompletedProcess(args=['C:\\Users\\rene_\\AppData\\Local\\Programs\\Python\\Python313\\python.exe', '-m', 'TOOLS.ags',...python.exe: Error while finding module specification for 'TOOLS.ags' (ModuleNotFoundError: No module named 'TOOLS')\n").stderr
D:\CCC 2.0\AI\agent-governance-system\CAPABILITY\TESTBENCH\test_ags_phase8_model_binding.py:103: assert 'ROUTER_OUTPUT_TOO_LARGE' in "C:\\Users\\rene_\\AppData\\Local\\Programs\\Python\\Python313\\python.exe: Error while finding module specification for 'TOOLS.ags' (ModuleNotFoundError: No module named 'TOOLS')\n"
E   AssertionError: FILE_INDEX should have entries
    assert 0 > 0
     +  where 0 = len({})
---------------------------- Captured stdout call -----------------------------
\n=== Test 2: Cortex Indexer ===\n[Indexer] Starting index of CANON...\n[Indexer] Wrote artifacts to meta\n[Indexer] Indexing complete.\n\u2713 Index artifacts created
D:\CCC 2.0\AI\agent-governance-system\CAPABILITY\TESTBENCH\test_cortex_integration.py:76: AssertionError: FILE_INDEX should have entries
E   AssertionError: assert False
     +  where False = exists()
     +    where exists = WindowsPath('D:/CCC 2.0/AI/agent-governance-system/MEMORY/archive/catalyticdpt/ROADMAP_V2.3.md').exists
D:\CCC 2.0\AI\agent-governance-system\CAPABILITY\TESTBENCH\test_governance_coverage.py:11: AssertionError: assert False
E   ModuleNotFoundError: No module named 'catalytic_runtime'
D:\CCC 2.0\AI\agent-governance-system\CAPABILITY\TESTBENCH\test_memoization.py:30: ModuleNotFoundError: No module named 'catalytic_runtime'
E   Failed: DID NOT RAISE <class 'ValueError'>
D:\CCC 2.0\AI\agent-governance-system\CAPABILITY\TESTBENCH\test_packing_hygiene.py:100: Failed: DID NOT RAISE <class 'ValueError'>
E   Failed: DID NOT RAISE <class 'ValueError'>
D:\CCC 2.0\AI\agent-governance-system\CAPABILITY\TESTBENCH\test_packing_hygiene.py:100: Failed: DID NOT RAISE <class 'ValueError'>
E   Failed: DID NOT RAISE <class 'ValueError'>
D:\CCC 2.0\AI\agent-governance-system\CAPABILITY\TESTBENCH\test_packing_hygiene.py:100: Failed: DID NOT RAISE <class 'ValueError'>
E   FileNotFoundError: [Errno 2] No such file or directory: 'D:\\CCC 2.0\\AI\\agent-governance-system\\CATALYTIC-DPT\\SCHEMAS\\jobspec.schema.json'
C:\Users\rene_\AppData\Local\Programs\Python\Python313\Lib\pathlib\_local.py:537: FileNotFoundError: [Errno 2] No such file or directory: 'D:\\CCC 2.0\\AI\\agent-governance-system\\CATALYTIC-DPT\\SCHEMAS\\jobspec.schema.json'
E   FileNotFoundError: [Errno 2] No such file or directory: 'D:\\CCC 2.0\\AI\\agent-governance-system\\CATALYTIC-DPT\\SCHEMAS\\jobspec.schema.json'
C:\Users\rene_\AppData\Local\Programs\Python\Python313\Lib\pathlib\_local.py:537: FileNotFoundError: [Errno 2] No such file or directory: 'D:\\CCC 2.0\\AI\\agent-governance-system\\CATALYTIC-DPT\\SCHEMAS\\jobspec.schema.json'
E   AssertionError: Router should succeed: C:\Users\rene_\AppData\Local\Programs\Python\Python313\python.exe: Error while finding module specification for 'TOOLS.ags' (ModuleNotFoundError: No module named 'TOOLS')
      
    assert 1 == 0
     +  where 1 = CompletedProcess(args=['C:\\Users\\rene_\\AppData\\Local\\Programs\\Python\\Python313\\python.exe', '-m', 'TOOLS.ags',...python.exe: Error while finding module specification for 'TOOLS.ags' (ModuleNotFoundError: No module named 'TOOLS')\n").returncode
D:\CCC 2.0\AI\agent-governance-system\CAPABILITY\TESTBENCH\test_phase8_router_receipts.py:92: AssertionError: Router should succeed: C:\Users\rene_\AppData\Local\Programs\Python\Python313\python.exe: Error while finding module specification for 'TOOLS.ags' (ModuleNotFoundError: No module named 'TOOLS')
E   assert 'ROUTER_OUTPUT_TOO_LARGE' in ("C:\\Users\\rene_\\AppData\\Local\\Programs\\Python\\Python313\\python.exe: Error while finding module specification for 'TOOLS.ags' (ModuleNotFoundError: No module named 'TOOLS')\n" + '')
     +  where "C:\\Users\\rene_\\AppData\\Local\\Programs\\Python\\Python313\\python.exe: Error while finding module specification for 'TOOLS.ags' (ModuleNotFoundError: No module named 'TOOLS')\n" = CompletedProcess(args=['C:\\Users\\rene_\\AppData\\Local\\Programs\\Python\\Python313\\python.exe', '-m', 'TOOLS.ags',...python.exe: Error while finding module specification for 'TOOLS.ags' (ModuleNotFoundError: No module named 'TOOLS')\n").stderr
     +  and   '' = CompletedProcess(args=['C:\\Users\\rene_\\AppData\\Local\\Programs\\Python\\Python313\\python.exe', '-m', 'TOOLS.ags',...python.exe: Error while finding module specification for 'TOOLS.ags' (ModuleNotFoundError: No module named 'TOOLS')\n").stdout
D:\CCC 2.0\AI\agent-governance-system\CAPABILITY\TESTBENCH\test_phase8_router_receipts.py:158: assert 'ROUTER_OUTPUT_TOO_LARGE' in ("C:\\Users\\rene_\\AppData\\Local\\Programs\\Python\\Python313\\python.exe: Error while finding module specification for 'TOOLS.ags' (ModuleNotFoundError: No module named 'TOOLS')\n" + '')
E   assert 'ROUTER_STDERR_NOT_EMPTY' in ("C:\\Users\\rene_\\AppData\\Local\\Programs\\Python\\Python313\\python.exe: Error while finding module specification for 'TOOLS.ags' (ModuleNotFoundError: No module named 'TOOLS')\n" + '')
     +  where "C:\\Users\\rene_\\AppData\\Local\\Programs\\Python\\Python313\\python.exe: Error while finding module specification for 'TOOLS.ags' (ModuleNotFoundError: No module named 'TOOLS')\n" = CompletedProcess(args=['C:\\Users\\rene_\\AppData\\Local\\Programs\\Python\\Python313\\python.exe', '-m', 'TOOLS.ags',...python.exe: Error while finding module specification for 'TOOLS.ags' (ModuleNotFoundError: No module named 'TOOLS')\n").stderr
     +  and   '' = CompletedProcess(args=['C:\\Users\\rene_\\AppData\\Local\\Programs\\Python\\Python313\\python.exe', '-m', 'TOOLS.ags',...python.exe: Error while finding module specification for 'TOOLS.ags' (ModuleNotFoundError: No module named 'TOOLS')\n").stdout
D:\CCC 2.0\AI\agent-governance-system\CAPABILITY\TESTBENCH\test_phase8_router_receipts.py:192: assert 'ROUTER_STDERR_NOT_EMPTY' in ("C:\\Users\\rene_\\AppData\\Local\\Programs\\Python\\Python313\\python.exe: Error while finding module specification for 'TOOLS.ags' (ModuleNotFoundError: No module named 'TOOLS')\n" + '')
E   assert 'REVOKED_CAPABILITY' in ("C:\\Users\\rene_\\AppData\\Local\\Programs\\Python\\Python313\\python.exe: Error while finding module specification for 'TOOLS.ags' (ModuleNotFoundError: No module named 'TOOLS')\n" + '')
     +  where "C:\\Users\\rene_\\AppData\\Local\\Programs\\Python\\Python313\\python.exe: Error while finding module specification for 'TOOLS.ags' (ModuleNotFoundError: No module named 'TOOLS')\n" = CompletedProcess(args=['C:\\Users\\rene_\\AppData\\Local\\Programs\\Python\\Python313\\python.exe', '-m', 'TOOLS.ags',...python.exe: Error while finding module specification for 'TOOLS.ags' (ModuleNotFoundError: No module named 'TOOLS')\n").stderr
     +  and   '' = CompletedProcess(args=['C:\\Users\\rene_\\AppData\\Local\\Programs\\Python\\Python313\\python.exe', '-m', 'TOOLS.ags',...python.exe: Error while finding module specification for 'TOOLS.ags' (ModuleNotFoundError: No module named 'TOOLS')\n").stdout
D:\CCC 2.0\AI\agent-governance-system\CAPABILITY\TESTBENCH\test_phase8_router_receipts.py:288: assert 'REVOKED_CAPABILITY' in ("C:\\Users\\rene_\\AppData\\Local\\Programs\\Python\\Python313\\python.exe: Error while finding module specification for 'TOOLS.ags' (ModuleNotFoundError: No module named 'TOOLS')\n" + '')
E   FileNotFoundError: [Errno 2] No such file or directory: 'D:\\CCC 2.0\\AI\\agent-governance-system\\CATALYTIC-DPT\\SCHEMAS\\jobspec.schema.json'
C:\Users\rene_\AppData\Local\Programs\Python\Python313\Lib\pathlib\_local.py:537: FileNotFoundError: [Errno 2] No such file or directory: 'D:\\CCC 2.0\\AI\\agent-governance-system\\CATALYTIC-DPT\\SCHEMAS\\jobspec.schema.json'
E   FileNotFoundError: [Errno 2] No such file or directory: 'D:\\CCC 2.0\\AI\\agent-governance-system\\CATALYTIC-DPT\\SCHEMAS\\jobspec.schema.json'
C:\Users\rene_\AppData\Local\Programs\Python\Python313\Lib\pathlib\_local.py:537: FileNotFoundError: [Errno 2] No such file or directory: 'D:\\CCC 2.0\\AI\\agent-governance-system\\CATALYTIC-DPT\\SCHEMAS\\jobspec.schema.json'
E   FileNotFoundError: [Errno 2] No such file or directory: 'D:\\CCC 2.0\\AI\\agent-governance-system\\CATALYTIC-DPT\\SCHEMAS\\jobspec.schema.json'
C:\Users\rene_\AppData\Local\Programs\Python\Python313\Lib\pathlib\_local.py:537: FileNotFoundError: [Errno 2] No such file or directory: 'D:\\CCC 2.0\\AI\\agent-governance-system\\CATALYTIC-DPT\\SCHEMAS\\jobspec.schema.json'
E   FileNotFoundError: [Errno 2] No such file or directory: 'D:\\CCC 2.0\\AI\\agent-governance-system\\CATALYTIC-DPT\\SCHEMAS\\jobspec.schema.json'
C:\Users\rene_\AppData\Local\Programs\Python\Python313\Lib\pathlib\_local.py:537: FileNotFoundError: [Errno 2] No such file or directory: 'D:\\CCC 2.0\\AI\\agent-governance-system\\CATALYTIC-DPT\\SCHEMAS\\jobspec.schema.json'
E   FileNotFoundError: [Errno 2] No such file or directory: 'D:\\CCC 2.0\\AI\\agent-governance-system\\CATALYTIC-DPT\\SCHEMAS\\jobspec.schema.json'
C:\Users\rene_\AppData\Local\Programs\Python\Python313\Lib\pathlib\_local.py:537: FileNotFoundError: [Errno 2] No such file or directory: 'D:\\CCC 2.0\\AI\\agent-governance-system\\CATALYTIC-DPT\\SCHEMAS\\jobspec.schema.json'
E   FileNotFoundError: [Errno 2] No such file or directory: 'D:\\CCC 2.0\\AI\\agent-governance-system\\CATALYTIC-DPT\\SCHEMAS\\jobspec.schema.json'
C:\Users\rene_\AppData\Local\Programs\Python\Python313\Lib\pathlib\_local.py:537: FileNotFoundError: [Errno 2] No such file or directory: 'D:\\CCC 2.0\\AI\\agent-governance-system\\CATALYTIC-DPT\\SCHEMAS\\jobspec.schema.json'
E   FileNotFoundError: [Errno 2] No such file or directory: 'D:\\CCC 2.0\\AI\\agent-governance-system\\CATALYTIC-DPT\\SCHEMAS\\jobspec.schema.json'
C:\Users\rene_\AppData\Local\Programs\Python\Python313\Lib\pathlib\_local.py:537: FileNotFoundError: [Errno 2] No such file or directory: 'D:\\CCC 2.0\\AI\\agent-governance-system\\CATALYTIC-DPT\\SCHEMAS\\jobspec.schema.json'
E   FileNotFoundError: [Errno 2] No such file or directory: 'D:\\CCC 2.0\\AI\\agent-governance-system\\CATALYTIC-DPT\\SCHEMAS\\jobspec.schema.json'
C:\Users\rene_\AppData\Local\Programs\Python\Python313\Lib\pathlib\_local.py:537: FileNotFoundError: [Errno 2] No such file or directory: 'D:\\CCC 2.0\\AI\\agent-governance-system\\CATALYTIC-DPT\\SCHEMAS\\jobspec.schema.json'
E   FileNotFoundError: [Errno 2] No such file or directory: 'D:\\CCC 2.0\\AI\\agent-governance-system\\LAW\\CONTRACTS\\_runs\\_pipelines\\pipelines-test\\PIPELINE.json'
C:\Users\rene_\AppData\Local\Programs\Python\Python313\Lib\pathlib\_local.py:537: FileNotFoundError: [Errno 2] No such file or directory: 'D:\\CCC 2.0\\AI\\agent-governance-system\\LAW\\CONTRACTS\\_runs\\_pipelines\\pipelines-test\\PIPELINE.json'
E   KeyError: 'RESTORE_VERIFIER_FAILED'
D:\CCC 2.0\AI\agent-governance-system\CAPABILITY\TESTBENCH\test_restore_runner.py:111: KeyError: 'RESTORE_VERIFIER_FAILED'
E   ModuleNotFoundError: No module named 'PRIMITIVES'
D:\CCC 2.0\AI\agent-governance-system\CAPABILITY\TESTBENCH\test_restore_runner.py:156: ModuleNotFoundError: No module named 'PRIMITIVES'
E   RuntimeError: [WRITE_GUARD] WRITE_GUARD_PATH_NOT_ALLOWED: Write path C:\Users\rene_\AppData\Local\Temp\tmp_9hwqkg6\LAW\CONTRACTS\_runs\test\output.json not under allowed roots: ['CONTRACTS/_runs', 'CORTEX/_generated', 'MEMORY/LLM_PACKER/_packs', 'CAPABILITY/PRIMITIVES/_scratch']
D:\CCC 2.0\AI\agent-governance-system\CAPABILITY\PRIMITIVES\fs_guard.py:152: RuntimeError: [WRITE_GUARD] WRITE_GUARD_PATH_NOT_ALLOWED: Write path C:\Users\rene_\AppData\Local\Temp\tmp_9hwqkg6\LAW\CONTRACTS\_runs\test\output.json not under allowed roots: ['CONTRACTS/_runs', 'CORTEX/_generated', 'MEMORY/LLM_PACKER/_packs', 'CAPABILITY/PRIMITIVES/_scratch']
E   RuntimeError: [WRITE_GUARD] WRITE_GUARD_PATH_NOT_ALLOWED: Write path C:\Users\rene_\AppData\Local\Temp\tmpkmxiiggy\LAW\CONTRACTS\_runs\test_dir not under allowed roots: ['CONTRACTS/_runs', 'CORTEX/_generated', 'MEMORY/LLM_PACKER/_packs', 'CAPABILITY/PRIMITIVES/_scratch']
D:\CCC 2.0\AI\agent-governance-system\CAPABILITY\PRIMITIVES\fs_guard.py:191: RuntimeError: [WRITE_GUARD] WRITE_GUARD_PATH_NOT_ALLOWED: Write path C:\Users\rene_\AppData\Local\Temp\tmpkmxiiggy\LAW\CONTRACTS\_runs\test_dir not under allowed roots: ['CONTRACTS/_runs', 'CORTEX/_generated', 'MEMORY/LLM_PACKER/_packs', 'CAPABILITY/PRIMITIVES/_scratch']
E   RuntimeError: [WRITE_GUARD] WRITE_GUARD_PATH_NOT_ALLOWED: Write path C:\Users\rene_\AppData\Local\Temp\tmpxf12bf4z\LAW\CONTRACTS\_runs\test\binary.dat not under allowed roots: ['CONTRACTS/_runs', 'CORTEX/_generated', 'MEMORY/LLM_PACKER/_packs', 'CAPABILITY/PRIMITIVES/_scratch']
D:\CCC 2.0\AI\agent-governance-system\CAPABILITY\PRIMITIVES\fs_guard.py:171: RuntimeError: [WRITE_GUARD] WRITE_GUARD_PATH_NOT_ALLOWED: Write path C:\Users\rene_\AppData\Local\Temp\tmpxf12bf4z\LAW\CONTRACTS\_runs\test\binary.dat not under allowed roots: ['CONTRACTS/_runs', 'CORTEX/_generated', 'MEMORY/LLM_PACKER/_packs', 'CAPABILITY/PRIMITIVES/_scratch']
E   SystemExit: 1
---------------------------- Captured stdout call -----------------------------
FAIL: missing schema file: jobspec -> D:\CCC 2.0\AI\agent-governance-system\LAW\CONTRACTS\SCHEMAS\jobspec.schema.json
D:\CCC 2.0\AI\agent-governance-system\CAPABILITY\TESTBENCH\test_schemas.py:31: SystemExit: 1
E   FileNotFoundError: [Errno 2] No such file or directory: 'D:\\CCC 2.0\\AI\\agent-governance-system\\CATALYTIC-DPT\\SCHEMAS\\jobspec.schema.json'
---------------------------- Captured stdout call -----------------------------

--- RUN 1 ---
C:\Users\rene_\AppData\Local\Programs\Python\Python313\Lib\pathlib\_local.py:537: FileNotFoundError: [Errno 2] No such file or directory: 'D:\\CCC 2.0\\AI\\agent-governance-system\\CATALYTIC-DPT\\SCHEMAS\\jobspec.schema.json'
E   FileNotFoundError: [Errno 2] No such file or directory: 'D:\\CCC 2.0\\AI\\agent-governance-system\\CATALYTIC-DPT\\SCHEMAS\\jobspec.schema.json'
C:\Users\rene_\AppData\Local\Programs\Python\Python313\Lib\pathlib\_local.py:537: FileNotFoundError: [Errno 2] No such file or directory: 'D:\\CCC 2.0\\AI\\agent-governance-system\\CATALYTIC-DPT\\SCHEMAS\\jobspec.schema.json'
E   ValueError: invalid format: 'CATALYTIC-DPT.PRIMITIVES.verify_bundle'
C:\Users\rene_\AppData\Local\Programs\Python\Python313\Lib\pkgutil.py:501: ValueError: invalid format: 'CATALYTIC-DPT.PRIMITIVES.verify_bundle'
============================== warnings summary ===============================
CAPABILITY\PRIMITIVES\ledger.py:9
CAPABILITY\PRIMITIVES\ledger.py:9
  D:\CCC 2.0\AI\agent-governance-system\CAPABILITY\PRIMITIVES\ledger.py:9: DeprecationWarning: jsonschema.RefResolver is deprecated as of v4.18.0, in favor of the https://github.com/python-jsonschema/referencing library, which provides more compliant referencing behavior as well as more flexible APIs for customization. A future release will remove RefResolver. Please file a feature request (on referencing) if you are missing an API for the kind of customization you need.
    from jsonschema import Draft7Validator, RefResolver

CAPABILITY\TESTBENCH\test_schemas.py:22
CAPABILITY\TESTBENCH\test_schemas.py:22
  D:\CCC 2.0\AI\agent-governance-system\CAPABILITY\TESTBENCH\test_schemas.py:22: DeprecationWarning: jsonschema.RefResolver is deprecated as of v4.18.0, in favor of the https://github.com/python-jsonschema/referencing library, which provides more compliant referencing behavior as well as more flexible APIs for customization. A future release will remove RefResolver. Please file a feature request (on referencing) if you are missing an API for the kind of customization you need.
    from jsonschema import Draft7Validator, RefResolver

-- Docs: https://docs.pytest.org/en/stable/how-to/capture-warnings.html
=========================== short test summary info ===========================
FAILED CAPABILITY/TESTBENCH/test_adversarial_pipeline_resume.py::test_pipeline_resume_never_skips_a_missing_step_record
FAILED CAPABILITY/TESTBENCH/test_ags_phase6_bridge.py::test_ags_route_deterministic_bytes
FAILED CAPABILITY/TESTBENCH/test_ags_phase6_bridge.py::test_ags_run_calls_verify_ok
FAILED CAPABILITY/TESTBENCH/test_ags_phase6_bridge.py::test_ags_run_fails_closed_on_tamper
FAILED CAPABILITY/TESTBENCH/test_ags_phase6_bridge.py::test_pipeline_run_creates_state_when_missing
FAILED CAPABILITY/TESTBENCH/test_ags_phase6_capability_pins.py::test_capability_pinned_routes_and_verifies
FAILED CAPABILITY/TESTBENCH/test_ags_phase6_capability_pins.py::test_known_but_unpinned_rejects_at_route
FAILED CAPABILITY/TESTBENCH/test_ags_phase6_capability_pins.py::test_verify_rejects_unpinned_even_if_pipeline_artifact_exists
FAILED CAPABILITY/TESTBENCH/test_ags_phase6_capability_registry.py::test_capability_registry_happy_unknown_and_tamper
FAILED CAPABILITY/TESTBENCH/test_ags_phase6_capability_revokes.py::test_revoked_capability_rejects_at_route
FAILED CAPABILITY/TESTBENCH/test_ags_phase6_capability_revokes.py::test_verify_rejects_revoked_capability
FAILED CAPABILITY/TESTBENCH/test_ags_phase6_capability_revokes.py::test_verify_passes_when_not_revoked
FAILED CAPABILITY/TESTBENCH/test_ags_phase6_capability_revokes.py::test_historical_pipeline_verifies_after_revocation
FAILED CAPABILITY/TESTBENCH/test_ags_phase6_capability_versioning_semantics.py::test_capability_versioning_in_place_upgrade_rejected
FAILED CAPABILITY/TESTBENCH/test_ags_phase6_mcp_adapter_e2e.py::test_happy_echo
FAILED CAPABILITY/TESTBENCH/test_ags_phase6_mcp_adapter_e2e.py::test_fail_stderr
FAILED CAPABILITY/TESTBENCH/test_ags_phase6_mcp_adapter_e2e.py::test_fail_timeout
FAILED CAPABILITY/TESTBENCH/test_ags_phase6_mcp_adapter_e2e.py::test_fail_bloat
FAILED CAPABILITY/TESTBENCH/test_ags_phase6_mcp_adapter_e2e.py::test_fail_malformed_output
FAILED CAPABILITY/TESTBENCH/test_ags_phase6_mcp_adapter_e2e.py::test_fail_crash
FAILED CAPABILITY/TESTBENCH/test_ags_phase6_registry_immutability.py::test_registry_duplicate_capability_hash_rejects
FAILED CAPABILITY/TESTBENCH/test_ags_phase6_registry_immutability.py::test_registry_noncanonical_json_rejects
FAILED CAPABILITY/TESTBENCH/test_ags_phase6_registry_immutability.py::test_registry_tamper_detected_fail_closed
FAILED CAPABILITY/TESTBENCH/test_ags_phase6_router_slot.py::test_ags_plan_router_happy_path
FAILED CAPABILITY/TESTBENCH/test_ags_phase6_router_slot.py::test_ags_route_rejects_missing_step_command
FAILED CAPABILITY/TESTBENCH/test_ags_phase8_model_binding.py::test_ags_plan_emits_router_receipts
FAILED CAPABILITY/TESTBENCH/test_ags_phase8_model_binding.py::test_ags_plan_over_output_fails_closed
FAILED CAPABILITY/TESTBENCH/test_cortex_integration.py::test_cortex_indexer
FAILED CAPABILITY/TESTBENCH/test_governance_coverage.py::test_roadmap_deliverables_exist
FAILED CAPABILITY/TESTBENCH/test_memoization.py::test_memoization_miss_then_hit_then_invalidate
FAILED CAPABILITY/TESTBENCH/test_packing_hygiene.py::test_packer_limits_fail_closed[limits0-PACK_LIMIT_EXCEEDED:max_total_bytes]
FAILED CAPABILITY/TESTBENCH/test_packing_hygiene.py::test_packer_limits_fail_closed[limits1-PACK_LIMIT_EXCEEDED:max_entry_bytes]
FAILED CAPABILITY/TESTBENCH/test_packing_hygiene.py::test_packer_limits_fail_closed[limits2-PACK_LIMIT_EXCEEDED:max_entries]
FAILED CAPABILITY/TESTBENCH/test_phase7_acceptance.py::test_swarm_chain_binds_pipeline_proofs
FAILED CAPABILITY/TESTBENCH/test_phase7_acceptance.py::test_tampered_pipeline_proof_fails_verification
FAILED CAPABILITY/TESTBENCH/test_phase8_router_receipts.py::test_router_receipts_created
FAILED CAPABILITY/TESTBENCH/test_phase8_router_receipts.py::test_router_over_output_fails_closed
FAILED CAPABILITY/TESTBENCH/test_phase8_router_receipts.py::test_router_stderr_fails_closed
FAILED CAPABILITY/TESTBENCH/test_phase8_router_receipts.py::test_capability_escalation_fails_closed
FAILED CAPABILITY/TESTBENCH/test_pipeline_chain.py::test_pipeline_chain_valid
FAILED CAPABILITY/TESTBENCH/test_pipeline_chain.py::test_pipeline_chain_tamper
FAILED CAPABILITY/TESTBENCH/test_pipeline_chain.py::test_pipeline_chain_reorder
FAILED CAPABILITY/TESTBENCH/test_pipeline_chain.py::test_pipeline_chain_determinism
FAILED CAPABILITY/TESTBENCH/test_pipeline_verify_cli.py::test_pipeline_verify_ok
FAILED CAPABILITY/TESTBENCH/test_pipeline_verify_cli.py::test_pipeline_verify_missing_artifact
FAILED CAPABILITY/TESTBENCH/test_pipeline_verify_cli.py::test_pipeline_verify_chain_tamper
FAILED CAPABILITY/TESTBENCH/test_pipeline_verify_cli.py::test_pipeline_verify_ledger_corrupt
FAILED CAPABILITY/TESTBENCH/test_pipelines.py::test_pipeline_init_is_deterministic_and_resume_safe
FAILED CAPABILITY/TESTBENCH/test_restore_runner.py::test_restore_rejects_when_verifier_strict_fails
FAILED CAPABILITY/TESTBENCH/test_restore_runner.py::test_restore_rollback_failure_returns_restore_rollback_failed
FAILED CAPABILITY/TESTBENCH/test_runtime_guard.py::test_guarded_write_text_succeeds
FAILED CAPABILITY/TESTBENCH/test_runtime_guard.py::test_guarded_mkdir_succeeds
FAILED CAPABILITY/TESTBENCH/test_runtime_guard.py::test_guarded_write_bytes_succeeds
FAILED CAPABILITY/TESTBENCH/test_schemas.py::test_all_schemas - SystemExit: 1
FAILED CAPABILITY/TESTBENCH/test_swarm_reuse.py::test_swarm_execution_elision
FAILED CAPABILITY/TESTBENCH/test_swarm_runtime.py::test_swarm_runtime_happy_path
FAILED CAPABILITY/TESTBENCH/test_verifier_freeze.py::test_crypto_dep_missing_fail_closed
57 failed, 143 passed, 4 warnings in 6.29s
