
CAPABILITY/TESTBENCH/spectrum/test_spectrum02_resume.py::test_spectrum02_resume FAILED [  0%]
CAPABILITY/TESTBENCH/spectrum/test_spectrum03_chain.py::test_spectrum03_chain FAILED [  1%]
CAPABILITY/TESTBENCH/test_adversarial_pipeline_resume.py::test_pipeline_resume_never_skips_a_missing_step_record FAILED [  6%]
CAPABILITY/TESTBENCH/test_ags_phase6_adapter_contract.py::test_adapter_happy_path_deterministic FAILED [  8%]
CAPABILITY/TESTBENCH/test_ags_phase6_adapter_contract.py::test_adapter_reject_hidden_side_effects FAILED [  9%]
CAPABILITY/TESTBENCH/test_ags_phase6_adapter_contract.py::test_adapter_reject_unbounded_deref_caps FAILED [  9%]
CAPABILITY/TESTBENCH/test_ags_phase6_adapter_contract.py::test_adapter_reject_non_normalized_paths FAILED [ 10%]
CAPABILITY/TESTBENCH/test_ags_phase6_adapter_contract.py::test_adapter_reject_nondeterministic_flag_strict FAILED [ 10%]
CAPABILITY/TESTBENCH/test_ags_phase6_bridge.py::test_ags_route_deterministic_bytes FAILED [ 10%]
CAPABILITY/TESTBENCH/test_ags_phase6_bridge.py::test_ags_run_calls_verify_ok FAILED [ 11%]
CAPABILITY/TESTBENCH/test_ags_phase6_bridge.py::test_ags_run_fails_closed_on_tamper FAILED [ 11%]
CAPABILITY/TESTBENCH/test_ags_phase6_bridge.py::test_pipeline_run_creates_state_when_missing FAILED [ 12%]
CAPABILITY/TESTBENCH/test_ags_phase6_capability_pins.py::test_capability_pinned_routes_and_verifies FAILED [ 12%]
CAPABILITY/TESTBENCH/test_ags_phase6_capability_pins.py::test_known_but_unpinned_rejects_at_route FAILED [ 13%]
CAPABILITY/TESTBENCH/test_ags_phase6_capability_pins.py::test_verify_rejects_unpinned_even_if_pipeline_artifact_exists FAILED [ 13%]
CAPABILITY/TESTBENCH/test_ags_phase6_capability_registry.py::test_capability_registry_happy_unknown_and_tamper FAILED [ 14%]
CAPABILITY/TESTBENCH/test_ags_phase6_capability_revokes.py::test_revoked_capability_rejects_at_route FAILED [ 14%]
CAPABILITY/TESTBENCH/test_ags_phase6_capability_revokes.py::test_verify_rejects_revoked_capability FAILED [ 14%]
CAPABILITY/TESTBENCH/test_ags_phase6_capability_revokes.py::test_verify_passes_when_not_revoked FAILED [ 15%]
CAPABILITY/TESTBENCH/test_ags_phase6_capability_revokes.py::test_historical_pipeline_verifies_after_revocation FAILED [ 15%]
CAPABILITY/TESTBENCH/test_ags_phase6_capability_versioning_semantics.py::test_capability_versioning_in_place_upgrade_rejected FAILED [ 16%]
CAPABILITY/TESTBENCH/test_ags_phase6_mcp_adapter_e2e.py::test_happy_echo FAILED [ 16%]
CAPABILITY/TESTBENCH/test_ags_phase6_mcp_adapter_e2e.py::test_fail_stderr FAILED [ 17%]
CAPABILITY/TESTBENCH/test_ags_phase6_mcp_adapter_e2e.py::test_fail_timeout FAILED [ 17%]
CAPABILITY/TESTBENCH/test_ags_phase6_mcp_adapter_e2e.py::test_fail_bloat FAILED [ 17%]
CAPABILITY/TESTBENCH/test_ags_phase6_mcp_adapter_e2e.py::test_fail_malformed_output FAILED [ 18%]
CAPABILITY/TESTBENCH/test_ags_phase6_mcp_adapter_e2e.py::test_fail_crash FAILED [ 18%]
CAPABILITY/TESTBENCH/test_ags_phase6_registry_immutability.py::test_registry_duplicate_capability_hash_rejects FAILED [ 19%]
CAPABILITY/TESTBENCH/test_ags_phase6_registry_immutability.py::test_registry_noncanonical_json_rejects FAILED [ 19%]
CAPABILITY/TESTBENCH/test_ags_phase6_registry_immutability.py::test_registry_tamper_detected_fail_closed FAILED [ 20%]
CAPABILITY/TESTBENCH/test_ags_phase6_router_slot.py::test_ags_plan_router_happy_path FAILED [ 20%]
CAPABILITY/TESTBENCH/test_ags_phase6_router_slot.py::test_ags_route_rejects_missing_step_command FAILED [ 22%]
CAPABILITY/TESTBENCH/test_ags_phase8_model_binding.py::test_ags_plan_emits_router_receipts FAILED [ 23%]
CAPABILITY/TESTBENCH/test_ags_phase8_model_binding.py::test_ags_plan_over_output_fails_closed FAILED [ 23%]
CAPABILITY/TESTBENCH/test_cortex_integration.py::test_cortex_indexer FAILED [ 29%]
CAPABILITY/TESTBENCH/test_demo_memoization_hash_reuse.py::test_phase2_demo_artifacts_are_falsifiable FAILED [ 30%]
CAPABILITY/TESTBENCH/test_governance_coverage.py::test_roadmap_deliverables_exist FAILED [ 33%]
CAPABILITY/TESTBENCH/test_governance_coverage.py::test_canon_mentions_key_concepts FAILED [ 33%]
CAPABILITY/TESTBENCH/test_governance_coverage.py::test_policy_snapshot_logic_exists FAILED [ 34%]
CAPABILITY/TESTBENCH/test_memoization.py::test_memoization_miss_then_hit_then_invalidate FAILED [ 41%]
CAPABILITY/TESTBENCH/test_packing_hygiene.py::test_packer_limits_fail_closed[limits0-PACK_LIMIT_EXCEEDED:max_total_bytes] FAILED [ 46%]
CAPABILITY/TESTBENCH/test_packing_hygiene.py::test_packer_limits_fail_closed[limits1-PACK_LIMIT_EXCEEDED:max_entry_bytes] FAILED [ 46%]
CAPABILITY/TESTBENCH/test_packing_hygiene.py::test_packer_limits_fail_closed[limits2-PACK_LIMIT_EXCEEDED:max_entries] FAILED [ 47%]
CAPABILITY/TESTBENCH/test_phase7_acceptance.py::test_swarm_chain_binds_pipeline_proofs FAILED [ 48%]
CAPABILITY/TESTBENCH/test_phase7_acceptance.py::test_tampered_pipeline_proof_fails_verification FAILED [ 49%]
CAPABILITY/TESTBENCH/test_phase8_router_receipts.py::test_router_receipts_created FAILED [ 49%]
CAPABILITY/TESTBENCH/test_phase8_router_receipts.py::test_router_over_output_fails_closed FAILED [ 50%]
CAPABILITY/TESTBENCH/test_phase8_router_receipts.py::test_router_stderr_fails_closed FAILED [ 50%]
CAPABILITY/TESTBENCH/test_phase8_router_receipts.py::test_capability_escalation_fails_closed FAILED [ 51%]
CAPABILITY/TESTBENCH/test_pipeline_chain.py::test_pipeline_chain_valid FAILED [ 51%]
CAPABILITY/TESTBENCH/test_pipeline_chain.py::test_pipeline_chain_tamper FAILED [ 52%]
CAPABILITY/TESTBENCH/test_pipeline_chain.py::test_pipeline_chain_reorder FAILED [ 52%]
CAPABILITY/TESTBENCH/test_pipeline_chain.py::test_pipeline_chain_determinism FAILED [ 53%]
CAPABILITY/TESTBENCH/test_pipeline_dag.py::test_pipeline_dag_happy_path_and_verify FAILED [ 53%]
CAPABILITY/TESTBENCH/test_pipeline_dag.py::test_pipeline_dag_resume_does_not_rerun_completed FAILED [ 54%]
CAPABILITY/TESTBENCH/test_pipeline_dag.py::test_pipeline_dag_cycle_detected FAILED [ 54%]
CAPABILITY/TESTBENCH/test_pipeline_dag.py::test_pipeline_dag_tamper_rejected FAILED [ 55%]
CAPABILITY/TESTBENCH/test_pipeline_dag.py::test_pipeline_dag_receipt_chain_mismatch FAILED [ 55%]
CAPABILITY/TESTBENCH/test_pipeline_dag.py::test_pipeline_dag_receipts_portable FAILED [ 56%]
CAPABILITY/TESTBENCH/test_pipeline_dag.py::test_pipeline_dag_restore_noop FAILED [ 56%]
CAPABILITY/TESTBENCH/test_pipeline_dag.py::test_pipeline_dag_restore_missing_artifact FAILED [ 57%]
CAPABILITY/TESTBENCH/test_pipeline_dag.py::test_pipeline_dag_restore_tampered_receipt FAILED [ 57%]
CAPABILITY/TESTBENCH/test_pipeline_dag.py::test_pipeline_dag_restore_portable FAILED [ 57%]
CAPABILITY/TESTBENCH/test_pipeline_verify_cli.py::test_pipeline_verify_ok FAILED [ 58%]
CAPABILITY/TESTBENCH/test_pipeline_verify_cli.py::test_pipeline_verify_missing_artifact FAILED [ 58%]
CAPABILITY/TESTBENCH/test_pipeline_verify_cli.py::test_pipeline_verify_chain_tamper FAILED [ 59%]
CAPABILITY/TESTBENCH/test_pipeline_verify_cli.py::test_pipeline_verify_ledger_corrupt FAILED [ 59%]
CAPABILITY/TESTBENCH/test_pipelines.py::test_pipeline_init_is_deterministic_and_resume_safe FAILED [ 60%]
CAPABILITY/TESTBENCH/test_preflight.py::test_valid_jobspec_passes FAILED [ 60%]
CAPABILITY/TESTBENCH/test_preflight.py::test_forbidden_path_fails FAILED [ 62%]
CAPABILITY/TESTBENCH/test_preflight.py::test_empty_catalytic_domains_valid FAILED [ 64%]
CAPABILITY/TESTBENCH/test_restore_runner.py::test_restore_staging_hash_mismatch_rolls_back FAILED [ 73%]
CAPABILITY/TESTBENCH/test_restore_runner.py::test_restore_rollback_failure_returns_restore_rollback_failed FAILED [ 74%]
CAPABILITY/TESTBENCH/test_runtime_guard.py::test_guarded_write_text_succeeds FAILED [ 75%]
CAPABILITY/TESTBENCH/test_runtime_guard.py::test_guarded_mkdir_succeeds FAILED [ 78%]
CAPABILITY/TESTBENCH/test_runtime_guard.py::test_guarded_write_bytes_succeeds FAILED [ 79%]
CAPABILITY/TESTBENCH/test_schemas.py::test_all_schemas FAILED            [ 80%]
CAPABILITY/TESTBENCH/test_swarm_reuse.py::test_swarm_execution_elision FAILED [ 88%]
CAPABILITY/TESTBENCH/test_swarm_runtime.py::test_swarm_runtime_happy_path FAILED [ 88%]
CAPABILITY/TESTBENCH/test_verifier_freeze.py::test_crypto_dep_missing_fail_closed FAILED [ 90%]
CAPABILITY/TESTBENCH/test_verify_bundle.py::test_valid_bundle FAILED     [ 92%]
CAPABILITY/TESTBENCH/test_verify_bundle.py::test_status_not_success FAILED [ 94%]
CAPABILITY/TESTBENCH/test_verify_bundle.py::test_cmp01_not_pass FAILED   [ 95%]
CAPABILITY/TESTBENCH/test_verify_bundle.py::test_hash_mismatch FAILED    [ 96%]
CAPABILITY/TESTBENCH/test_verify_bundle.py::test_no_proof_check_skips_proof FAILED [ 98%]
CAPABILITY/TESTBENCH/test_verify_bundle.py::test_chain_valid FAILED      [ 99%]
CAPABILITY/TESTBENCH/test_verify_bundle.py::test_chain_rejects_middle_tamper FAILED [ 99%]
FAILED: 3
Failed tests:
[FAIL] test_chain_accepts_all_verified (chain-run-001 bundle valid): Individual bundle failed: [{'code': 'OUTPUT_MISSING', 'message': 'Output file does not exist: CONTRACTS/_runs/_test_spectrum03/chain-run-001/out/result1.txt', 'path': '/hashes/CONTRACTS/_runs/_test_spectrum03/chain-run-001/out/result1.txt', 'details': {'declared': 'CONTRACTS/_runs/_test_spectrum03/chain-run-001/out/result1.txt', 'resolved': 'D:\\CCC 2.0\\AI\\agent-governance-system\\CONTRACTS\\_runs\\_test_spectrum03\\chain-run-001\\out\\result1.txt'}}]
[FAIL] test_chain_accepts_all_verified (chain-run-002 bundle valid): Individual bundle failed: [{'code': 'OUTPUT_MISSING', 'message': 'Output file does not exist: CONTRACTS/_runs/_test_spectrum03/chain-run-002/out/result2.txt', 'path': '/hashes/CONTRACTS/_runs/_test_spectrum03/chain-run-002/out/result2.txt', 'details': {'declared': 'CONTRACTS/_runs/_test_spectrum03/chain-run-002/out/result2.txt', 'resolved': 'D:\\CCC 2.0\\AI\\agent-governance-system\\CONTRACTS\\_runs\\_test_spectrum03\\chain-run-002\\out\\result2.txt'}}]
[FAIL] test_chain_accepts_all_verified (chain-run-003 bundle valid): Individual bundle failed: [{'code': 'OUTPUT_MISSING', 'message': 'Output file does not exist: CONTRACTS/_runs/_test_spectrum03/chain-run-003/out/result3.txt', 'path': '/hashes/CONTRACTS/_runs/_test_spectrum03/chain-run-003/out/result3.txt', 'details': {'declared': 'CONTRACTS/_runs/_test_spectrum03/chain-run-003/out/result3.txt', 'resolved': 'D:\\CCC 2.0\\AI\\agent-governance-system\\CONTRACTS\\_runs\\_test_spectrum03\\chain-run-003\\out\\result3.txt'}}]
FAILED: 7
Failed tests:
  - test_chain_accepts_all_verified (chain-run-001 bundle valid): Individual bundle failed: [{'code': 'OUTPUT_MISSING', 'message': 'Output file does not exist: CONTRACTS/_runs/_test_spectrum03/chain-run-001/out/result1.txt', 'path': '/hashes/CONTRACTS/_runs/_test_spectrum03/chain-run-001/out/result1.txt', 'details': {'declared': 'CONTRACTS/_runs/_test_spectrum03/chain-run-001/out/result1.txt', 'resolved': 'D:\\CCC 2.0\\AI\\agent-governance-system\\CONTRACTS\\_runs\\_test_spectrum03\\chain-run-001\\out\\result1.txt'}}]
  - test_chain_accepts_all_verified (chain-run-002 bundle valid): Individual bundle failed: [{'code': 'OUTPUT_MISSING', 'message': 'Output file does not exist: CONTRACTS/_runs/_test_spectrum03/chain-run-002/out/result2.txt', 'path': '/hashes/CONTRACTS/_runs/_test_spectrum03/chain-run-002/out/result2.txt', 'details': {'declared': 'CONTRACTS/_runs/_test_spectrum03/chain-run-002/out/result2.txt', 'resolved': 'D:\\CCC 2.0\\AI\\agent-governance-system\\CONTRACTS\\_runs\\_test_spectrum03\\chain-run-002\\out\\result2.txt'}}]
  - test_chain_accepts_all_verified (chain-run-003 bundle valid): Individual bundle failed: [{'code': 'OUTPUT_MISSING', 'message': 'Output file does not exist: CONTRACTS/_runs/_test_spectrum03/chain-run-003/out/result3.txt', 'path': '/hashes/CONTRACTS/_runs/_test_spectrum03/chain-run-003/out/result3.txt', 'details': {'declared': 'CONTRACTS/_runs/_test_spectrum03/chain-run-003/out/result3.txt', 'resolved': 'D:\\CCC 2.0\\AI\\agent-governance-system\\CONTRACTS\\_runs\\_test_spectrum03\\chain-run-003\\out\\result3.txt'}}]
    pytest.fail(f"Wrapper failed. Stderr: {res.stderr}")
E   Failed: Wrapper failed. Stderr: C:\Users\rene_\AppData\Local\Programs\Python\Python313\python.exe: can't open file 'D:\\CCC 2.0\\AI\\agent-governance-system\\CATALYTIC-DPT\\SKILLS\\mcp-adapter\\scripts\\wrapper.py': [Errno 2] No such file or directory
E   Failed: DID NOT RAISE <class 'ValueError'>
E   Failed: DID NOT RAISE <class 'ValueError'>
E   Failed: DID NOT RAISE <class 'ValueError'>
________ test_restore_rollback_failure_returns_restore_rollback_failed ________
CAPABILITY\TESTBENCH\test_restore_runner.py:268: in test_restore_rollback_failure_returns_restore_rollback_failed
FAILED CAPABILITY/TESTBENCH/spectrum/test_spectrum02_resume.py::test_spectrum02_resume
FAILED CAPABILITY/TESTBENCH/spectrum/test_spectrum03_chain.py::test_spectrum03_chain
FAILED CAPABILITY/TESTBENCH/test_adversarial_pipeline_resume.py::test_pipeline_resume_never_skips_a_missing_step_record
FAILED CAPABILITY/TESTBENCH/test_ags_phase6_adapter_contract.py::test_adapter_happy_path_deterministic
FAILED CAPABILITY/TESTBENCH/test_ags_phase6_adapter_contract.py::test_adapter_reject_hidden_side_effects
FAILED CAPABILITY/TESTBENCH/test_ags_phase6_adapter_contract.py::test_adapter_reject_unbounded_deref_caps
FAILED CAPABILITY/TESTBENCH/test_ags_phase6_adapter_contract.py::test_adapter_reject_non_normalized_paths
FAILED CAPABILITY/TESTBENCH/test_ags_phase6_adapter_contract.py::test_adapter_reject_nondeterministic_flag_strict
FAILED CAPABILITY/TESTBENCH/test_ags_phase6_bridge.py::test_ags_route_deterministic_bytes
FAILED CAPABILITY/TESTBENCH/test_ags_phase6_bridge.py::test_ags_run_calls_verify_ok
FAILED CAPABILITY/TESTBENCH/test_ags_phase6_bridge.py::test_ags_run_fails_closed_on_tamper
FAILED CAPABILITY/TESTBENCH/test_ags_phase6_bridge.py::test_pipeline_run_creates_state_when_missing
FAILED CAPABILITY/TESTBENCH/test_ags_phase6_capability_pins.py::test_capability_pinned_routes_and_verifies
FAILED CAPABILITY/TESTBENCH/test_ags_phase6_capability_pins.py::test_known_but_unpinned_rejects_at_route
FAILED CAPABILITY/TESTBENCH/test_ags_phase6_capability_pins.py::test_verify_rejects_unpinned_even_if_pipeline_artifact_exists
FAILED CAPABILITY/TESTBENCH/test_ags_phase6_capability_registry.py::test_capability_registry_happy_unknown_and_tamper
FAILED CAPABILITY/TESTBENCH/test_ags_phase6_capability_revokes.py::test_revoked_capability_rejects_at_route
FAILED CAPABILITY/TESTBENCH/test_ags_phase6_capability_revokes.py::test_verify_rejects_revoked_capability
FAILED CAPABILITY/TESTBENCH/test_ags_phase6_capability_revokes.py::test_verify_passes_when_not_revoked
FAILED CAPABILITY/TESTBENCH/test_ags_phase6_capability_revokes.py::test_historical_pipeline_verifies_after_revocation
FAILED CAPABILITY/TESTBENCH/test_ags_phase6_capability_versioning_semantics.py::test_capability_versioning_in_place_upgrade_rejected
FAILED CAPABILITY/TESTBENCH/test_ags_phase6_mcp_adapter_e2e.py::test_happy_echo
FAILED CAPABILITY/TESTBENCH/test_ags_phase6_mcp_adapter_e2e.py::test_fail_stderr
FAILED CAPABILITY/TESTBENCH/test_ags_phase6_mcp_adapter_e2e.py::test_fail_timeout
FAILED CAPABILITY/TESTBENCH/test_ags_phase6_mcp_adapter_e2e.py::test_fail_bloat
FAILED CAPABILITY/TESTBENCH/test_ags_phase6_mcp_adapter_e2e.py::test_fail_malformed_output
FAILED CAPABILITY/TESTBENCH/test_ags_phase6_mcp_adapter_e2e.py::test_fail_crash
FAILED CAPABILITY/TESTBENCH/test_ags_phase6_registry_immutability.py::test_registry_duplicate_capability_hash_rejects
FAILED CAPABILITY/TESTBENCH/test_ags_phase6_registry_immutability.py::test_registry_noncanonical_json_rejects
FAILED CAPABILITY/TESTBENCH/test_ags_phase6_registry_immutability.py::test_registry_tamper_detected_fail_closed
FAILED CAPABILITY/TESTBENCH/test_ags_phase6_router_slot.py::test_ags_plan_router_happy_path
FAILED CAPABILITY/TESTBENCH/test_ags_phase6_router_slot.py::test_ags_route_rejects_missing_step_command
FAILED CAPABILITY/TESTBENCH/test_ags_phase8_model_binding.py::test_ags_plan_emits_router_receipts
FAILED CAPABILITY/TESTBENCH/test_ags_phase8_model_binding.py::test_ags_plan_over_output_fails_closed
FAILED CAPABILITY/TESTBENCH/test_cortex_integration.py::test_cortex_indexer
FAILED CAPABILITY/TESTBENCH/test_demo_memoization_hash_reuse.py::test_phase2_demo_artifacts_are_falsifiable
FAILED CAPABILITY/TESTBENCH/test_governance_coverage.py::test_roadmap_deliverables_exist
FAILED CAPABILITY/TESTBENCH/test_governance_coverage.py::test_canon_mentions_key_concepts
FAILED CAPABILITY/TESTBENCH/test_governance_coverage.py::test_policy_snapshot_logic_exists
FAILED CAPABILITY/TESTBENCH/test_memoization.py::test_memoization_miss_then_hit_then_invalidate
FAILED CAPABILITY/TESTBENCH/test_packing_hygiene.py::test_packer_limits_fail_closed[limits0-PACK_LIMIT_EXCEEDED:max_total_bytes]
FAILED CAPABILITY/TESTBENCH/test_packing_hygiene.py::test_packer_limits_fail_closed[limits1-PACK_LIMIT_EXCEEDED:max_entry_bytes]
FAILED CAPABILITY/TESTBENCH/test_packing_hygiene.py::test_packer_limits_fail_closed[limits2-PACK_LIMIT_EXCEEDED:max_entries]
FAILED CAPABILITY/TESTBENCH/test_phase7_acceptance.py::test_swarm_chain_binds_pipeline_proofs
FAILED CAPABILITY/TESTBENCH/test_phase7_acceptance.py::test_tampered_pipeline_proof_fails_verification
FAILED CAPABILITY/TESTBENCH/test_phase8_router_receipts.py::test_router_receipts_created
FAILED CAPABILITY/TESTBENCH/test_phase8_router_receipts.py::test_router_over_output_fails_closed
FAILED CAPABILITY/TESTBENCH/test_phase8_router_receipts.py::test_router_stderr_fails_closed
FAILED CAPABILITY/TESTBENCH/test_phase8_router_receipts.py::test_capability_escalation_fails_closed
FAILED CAPABILITY/TESTBENCH/test_pipeline_chain.py::test_pipeline_chain_valid
FAILED CAPABILITY/TESTBENCH/test_pipeline_chain.py::test_pipeline_chain_tamper
FAILED CAPABILITY/TESTBENCH/test_pipeline_chain.py::test_pipeline_chain_reorder
FAILED CAPABILITY/TESTBENCH/test_pipeline_chain.py::test_pipeline_chain_determinism
FAILED CAPABILITY/TESTBENCH/test_pipeline_dag.py::test_pipeline_dag_happy_path_and_verify
FAILED CAPABILITY/TESTBENCH/test_pipeline_dag.py::test_pipeline_dag_resume_does_not_rerun_completed
FAILED CAPABILITY/TESTBENCH/test_pipeline_dag.py::test_pipeline_dag_cycle_detected
FAILED CAPABILITY/TESTBENCH/test_pipeline_dag.py::test_pipeline_dag_tamper_rejected
FAILED CAPABILITY/TESTBENCH/test_pipeline_dag.py::test_pipeline_dag_receipt_chain_mismatch
FAILED CAPABILITY/TESTBENCH/test_pipeline_dag.py::test_pipeline_dag_receipts_portable
FAILED CAPABILITY/TESTBENCH/test_pipeline_dag.py::test_pipeline_dag_restore_noop
FAILED CAPABILITY/TESTBENCH/test_pipeline_dag.py::test_pipeline_dag_restore_missing_artifact
FAILED CAPABILITY/TESTBENCH/test_pipeline_dag.py::test_pipeline_dag_restore_tampered_receipt
FAILED CAPABILITY/TESTBENCH/test_pipeline_dag.py::test_pipeline_dag_restore_portable
FAILED CAPABILITY/TESTBENCH/test_pipeline_verify_cli.py::test_pipeline_verify_ok
FAILED CAPABILITY/TESTBENCH/test_pipeline_verify_cli.py::test_pipeline_verify_missing_artifact
FAILED CAPABILITY/TESTBENCH/test_pipeline_verify_cli.py::test_pipeline_verify_chain_tamper
FAILED CAPABILITY/TESTBENCH/test_pipeline_verify_cli.py::test_pipeline_verify_ledger_corrupt
FAILED CAPABILITY/TESTBENCH/test_pipelines.py::test_pipeline_init_is_deterministic_and_resume_safe
FAILED CAPABILITY/TESTBENCH/test_preflight.py::test_valid_jobspec_passes - as...
FAILED CAPABILITY/TESTBENCH/test_preflight.py::test_forbidden_path_fails - as...
FAILED CAPABILITY/TESTBENCH/test_preflight.py::test_empty_catalytic_domains_valid
FAILED CAPABILITY/TESTBENCH/test_restore_runner.py::test_restore_staging_hash_mismatch_rolls_back
FAILED CAPABILITY/TESTBENCH/test_restore_runner.py::test_restore_rollback_failure_returns_restore_rollback_failed
FAILED CAPABILITY/TESTBENCH/test_runtime_guard.py::test_guarded_write_text_succeeds
FAILED CAPABILITY/TESTBENCH/test_runtime_guard.py::test_guarded_mkdir_succeeds
FAILED CAPABILITY/TESTBENCH/test_runtime_guard.py::test_guarded_write_bytes_succeeds
FAILED CAPABILITY/TESTBENCH/test_schemas.py::test_all_schemas - SystemExit: 1
FAILED CAPABILITY/TESTBENCH/test_swarm_reuse.py::test_swarm_execution_elision
FAILED CAPABILITY/TESTBENCH/test_swarm_runtime.py::test_swarm_runtime_happy_path
FAILED CAPABILITY/TESTBENCH/test_verifier_freeze.py::test_crypto_dep_missing_fail_closed
FAILED CAPABILITY/TESTBENCH/test_verify_bundle.py::test_valid_bundle - assert...
FAILED CAPABILITY/TESTBENCH/test_verify_bundle.py::test_status_not_success - ...
FAILED CAPABILITY/TESTBENCH/test_verify_bundle.py::test_cmp01_not_pass - Asse...
FAILED CAPABILITY/TESTBENCH/test_verify_bundle.py::test_hash_mismatch - asser...
FAILED CAPABILITY/TESTBENCH/test_verify_bundle.py::test_no_proof_check_skips_proof
FAILED CAPABILITY/TESTBENCH/test_verify_bundle.py::test_chain_valid - assert ...
FAILED CAPABILITY/TESTBENCH/test_verify_bundle.py::test_chain_rejects_middle_tamper
================= 87 failed, 141 passed, 4 warnings in 5.19s ==================

