============================= test session starts =============================
platform win32 -- Python 3.11.6, pytest-9.0.2, pluggy-1.6.0 -- C:\Users\rene_\AppData\Local\Programs\Python\Python311\python.exe
cachedir: .pytest_cache
rootdir: D:\CCC 2.0\AI\agent-governance-system
configfile: pytest.ini
plugins: anyio-4.12.0
collecting ... collected 200 items

CAPABILITY/TESTBENCH/spectrum/test_spectrum02_emission.py::test_spectrum02_emission PASSED [  0%]
CAPABILITY/TESTBENCH/spectrum/test_spectrum02_resume.py::test_spectrum02_resume PASSED [  1%]
CAPABILITY/TESTBENCH/spectrum/test_spectrum03_chain.py::test_spectrum03_chain PASSED [  1%]
CAPABILITY/TESTBENCH/spectrum/test_validator_version_integrity.py::test_validator_version_integrity PASSED [  2%]
CAPABILITY/TESTBENCH/test_adversarial_cas.py::test_cas_corruption_detected_by_hash_toolbelt PASSED [  2%]
CAPABILITY/TESTBENCH/test_adversarial_cas.py::test_cas_truncation_detected_by_hash_toolbelt PASSED [  3%]
CAPABILITY/TESTBENCH/test_adversarial_cas.py::test_cas_partial_write_never_treated_as_present PASSED [  3%]
CAPABILITY/TESTBENCH/test_adversarial_ledger.py::test_ledger_rejects_malformed_json_line PASSED [  4%]
CAPABILITY/TESTBENCH/test_adversarial_ledger.py::test_ledger_rejects_truncated_last_line_mid_byte PASSED [  4%]
CAPABILITY/TESTBENCH/test_adversarial_paths.py::test_normalize_relpath_rejects_traversal_and_absolute PASSED [  5%]
CAPABILITY/TESTBENCH/test_adversarial_paths.py::test_normalize_relpath_normalizes_separators_and_dot PASSED [  5%]
CAPABILITY/TESTBENCH/test_adversarial_paths.py::test_merkle_rejects_non_normalized_paths PASSED [  6%]
CAPABILITY/TESTBENCH/test_adversarial_pipeline_resume.py::test_pipeline_fails_closed_on_partial_state_json PASSED [  6%]
CAPABILITY/TESTBENCH/test_adversarial_pipeline_resume.py::test_pipeline_fails_closed_on_inconsistent_completed_step_state PASSED [  7%]
CAPABILITY/TESTBENCH/test_adversarial_pipeline_resume.py::test_pipeline_resume_never_skips_a_missing_step_record FAILED [  7%]
CAPABILITY/TESTBENCH/test_adversarial_proof_tamper.py::test_proof_hash_tamper_fails_closed_deterministically PASSED [  8%]
CAPABILITY/TESTBENCH/test_adversarial_proof_tamper.py::test_output_hash_manifest_tamper_fails_closed PASSED [  8%]
CAPABILITY/TESTBENCH/test_adversarial_proof_tamper.py::test_domain_roots_tamper_rejected_by_cmp01_validator PASSED [  9%]
CAPABILITY/TESTBENCH/test_ags_phase6_adapter_contract.py::test_adapter_happy_path_deterministic PASSED [  9%]
CAPABILITY/TESTBENCH/test_ags_phase6_adapter_contract.py::test_adapter_reject_missing_command PASSED [ 10%]
CAPABILITY/TESTBENCH/test_ags_phase6_adapter_contract.py::test_adapter_reject_hidden_side_effects PASSED [ 10%]
CAPABILITY/TESTBENCH/test_ags_phase6_adapter_contract.py::test_adapter_reject_unbounded_deref_caps PASSED [ 11%]
CAPABILITY/TESTBENCH/test_ags_phase6_adapter_contract.py::test_adapter_reject_non_normalized_paths PASSED [ 11%]
CAPABILITY/TESTBENCH/test_ags_phase6_adapter_contract.py::test_adapter_reject_nondeterministic_flag_strict PASSED [ 12%]
CAPABILITY/TESTBENCH/test_ags_phase6_bridge.py::test_ags_route_deterministic_bytes PASSED [ 12%]
CAPABILITY/TESTBENCH/test_ags_phase6_bridge.py::test_ags_run_calls_verify_ok PASSED [ 13%]
CAPABILITY/TESTBENCH/test_ags_phase6_bridge.py::test_ags_run_fails_closed_on_tamper PASSED [ 13%]
CAPABILITY/TESTBENCH/test_ags_phase6_bridge.py::test_pipeline_run_creates_state_when_missing PASSED [ 14%]
CAPABILITY/TESTBENCH/test_ags_phase6_capability_pins.py::test_capability_pinned_routes_and_verifies FAILED [ 14%]
CAPABILITY/TESTBENCH/test_ags_phase6_capability_pins.py::test_known_but_unpinned_rejects_at_route FAILED [ 15%]
CAPABILITY/TESTBENCH/test_ags_phase6_capability_pins.py::test_verify_rejects_unpinned_even_if_pipeline_artifact_exists FAILED [ 15%]
CAPABILITY/TESTBENCH/test_ags_phase6_capability_registry.py::test_capability_registry_happy_unknown_and_tamper FAILED [ 16%]
CAPABILITY/TESTBENCH/test_ags_phase6_capability_revokes.py::test_revoked_capability_rejects_at_route FAILED [ 16%]
CAPABILITY/TESTBENCH/test_ags_phase6_capability_revokes.py::test_verify_rejects_revoked_capability FAILED [ 17%]
CAPABILITY/TESTBENCH/test_ags_phase6_capability_revokes.py::test_verify_passes_when_not_revoked FAILED [ 17%]
CAPABILITY/TESTBENCH/test_ags_phase6_capability_revokes.py::test_historical_pipeline_verifies_after_revocation PASSED [ 18%]
CAPABILITY/TESTBENCH/test_ags_phase6_capability_versioning_semantics.py::test_capability_versioning_in_place_upgrade_rejected PASSED [ 18%]
CAPABILITY/TESTBENCH/test_ags_phase6_mcp_adapter_e2e.py::test_happy_echo PASSED [ 19%]
CAPABILITY/TESTBENCH/test_ags_phase6_mcp_adapter_e2e.py::test_fail_stderr PASSED [ 19%]
CAPABILITY/TESTBENCH/test_ags_phase6_mcp_adapter_e2e.py::test_fail_timeout PASSED [ 20%]
CAPABILITY/TESTBENCH/test_ags_phase6_mcp_adapter_e2e.py::test_fail_bloat PASSED [ 20%]
CAPABILITY/TESTBENCH/test_ags_phase6_mcp_adapter_e2e.py::test_fail_malformed_output PASSED [ 21%]
CAPABILITY/TESTBENCH/test_ags_phase6_mcp_adapter_e2e.py::test_fail_crash PASSED [ 21%]
CAPABILITY/TESTBENCH/test_ags_phase6_registry_immutability.py::test_registry_duplicate_capability_hash_rejects PASSED [ 22%]
CAPABILITY/TESTBENCH/test_ags_phase6_registry_immutability.py::test_registry_noncanonical_json_rejects PASSED [ 22%]
CAPABILITY/TESTBENCH/test_ags_phase6_registry_immutability.py::test_registry_tamper_detected_fail_closed PASSED [ 23%]
CAPABILITY/TESTBENCH/test_ags_phase6_router_slot.py::test_ags_plan_router_happy_path PASSED [ 23%]
CAPABILITY/TESTBENCH/test_ags_phase6_router_slot.py::test_ags_plan_fails_on_stderr PASSED [ 24%]
CAPABILITY/TESTBENCH/test_ags_phase6_router_slot.py::test_ags_plan_caps_bytes PASSED [ 24%]
CAPABILITY/TESTBENCH/test_ags_phase6_router_slot.py::test_ags_route_rejects_invalid_plan_schema PASSED [ 25%]
CAPABILITY/TESTBENCH/test_ags_phase6_router_slot.py::test_ags_plan_jobspec_validation PASSED [ 25%]
CAPABILITY/TESTBENCH/test_ags_phase6_router_slot.py::test_ags_route_rejects_missing_step_command PASSED [ 26%]
CAPABILITY/TESTBENCH/test_ags_phase8_model_binding.py::test_ags_plan_emits_router_receipts PASSED [ 26%]
CAPABILITY/TESTBENCH/test_ags_phase8_model_binding.py::test_ags_plan_over_output_fails_closed PASSED [ 27%]
CAPABILITY/TESTBENCH/test_canonical_artifacts.py::test_canonical_artifact_set_required PASSED [ 27%]
CAPABILITY/TESTBENCH/test_canonical_artifacts.py::test_status_state_machine PASSED [ 28%]
CAPABILITY/TESTBENCH/test_canonical_artifacts.py::test_proof_written_last PASSED [ 28%]
CAPABILITY/TESTBENCH/test_cas_store.py::test_put_bytes_same_bytes_same_hash PASSED [ 29%]
CAPABILITY/TESTBENCH/test_cas_store.py::test_put_bytes_idempotent_does_not_change_bytes PASSED [ 29%]
CAPABILITY/TESTBENCH/test_cas_store.py::test_put_stream_matches_put_bytes PASSED [ 30%]
CAPABILITY/TESTBENCH/test_cas_store.py::test_large_stream_roundtrip PASSED [ 30%]
CAPABILITY/TESTBENCH/test_cas_store.py::test_deterministic_object_path_across_instances PASSED [ 31%]
CAPABILITY/TESTBENCH/test_cas_store.py::test_reject_invalid_hash_and_missing_hash PASSED [ 31%]
CAPABILITY/TESTBENCH/test_cas_store.py::test_normalize_relpath_accepts_and_normalizes PASSED [ 32%]
CAPABILITY/TESTBENCH/test_cas_store.py::test_normalize_relpath_rejects_absolute_and_traversal PASSED [ 32%]
CAPABILITY/TESTBENCH/test_cortex_integration.py::test_system1_db PASSED  [ 33%]
CAPABILITY/TESTBENCH/test_cortex_integration.py::test_cortex_indexer PASSED [ 33%]
CAPABILITY/TESTBENCH/test_cortex_integration.py::test_search_functionality PASSED [ 34%]
CAPABILITY/TESTBENCH/test_demo_memoization_hash_reuse.py::test_phase2_demo_artifacts_are_falsifiable PASSED [ 34%]
CAPABILITY/TESTBENCH/test_deref_logging.py::test_deref_logging_creates_ledger_entry PASSED [ 35%]
CAPABILITY/TESTBENCH/test_deref_logging.py::test_deref_logging_records_exact_bounds PASSED [ 35%]
CAPABILITY/TESTBENCH/test_deref_logging.py::test_deref_logging_determinism PASSED [ 36%]
CAPABILITY/TESTBENCH/test_deref_logging.py::test_deref_logging_no_run_context_skips_logging PASSED [ 36%]
CAPABILITY/TESTBENCH/test_deref_logging.py::test_deref_logging_all_commands PASSED [ 37%]
CAPABILITY/TESTBENCH/test_deref_logging.py::test_deref_logging_schema_conformance PASSED [ 37%]
CAPABILITY/TESTBENCH/test_governance_coverage.py::test_roadmap_deliverables_exist PASSED [ 38%]
CAPABILITY/TESTBENCH/test_governance_coverage.py::test_canon_mentions_key_concepts PASSED [ 38%]
CAPABILITY/TESTBENCH/test_governance_coverage.py::test_router_receipt_artifacts_in_schema PASSED [ 39%]
CAPABILITY/TESTBENCH/test_governance_coverage.py::test_policy_snapshot_logic_exists PASSED [ 39%]
CAPABILITY/TESTBENCH/test_governance_coverage.py::test_swarm_schema_validity PASSED [ 40%]
CAPABILITY/TESTBENCH/test_hash_toolbelt.py::test_read_enforces_max_bytes PASSED [ 40%]
CAPABILITY/TESTBENCH/test_hash_toolbelt.py::test_read_range_and_clamp PASSED [ 41%]
CAPABILITY/TESTBENCH/test_hash_toolbelt.py::test_grep_bounds PASSED      [ 41%]
CAPABILITY/TESTBENCH/test_hash_toolbelt.py::test_describe_deterministic_and_bounded PASSED [ 42%]
CAPABILITY/TESTBENCH/test_hash_toolbelt.py::test_ast_outline_and_truncation PASSED [ 42%]
CAPABILITY/TESTBENCH/test_hash_toolbelt.py::test_ast_unsupported_binary PASSED [ 43%]
CAPABILITY/TESTBENCH/test_hash_toolbelt.py::test_invalid_hash_rejects PASSED [ 43%]
CAPABILITY/TESTBENCH/test_ledger.py::test_append_single_record_one_line PASSED [ 44%]
CAPABILITY/TESTBENCH/test_ledger.py::test_append_multiple_records_order_preserved PASSED [ 44%]
CAPABILITY/TESTBENCH/test_ledger.py::test_deterministic_serialization_same_bytes PASSED [ 45%]
CAPABILITY/TESTBENCH/test_ledger.py::test_schema_rejection_missing_required_fields PASSED [ 45%]
CAPABILITY/TESTBENCH/test_ledger.py::test_append_only_enforcement_detects_truncation PASSED [ 46%]
CAPABILITY/TESTBENCH/test_ledger.py::test_corrupt_line_detection PASSED  [ 46%]
CAPABILITY/TESTBENCH/test_ledger.py::test_partial_line_detection PASSED  [ 47%]
CAPABILITY/TESTBENCH/test_memoization.py::test_memoization_miss_then_hit_then_invalidate PASSED [ 47%]
CAPABILITY/TESTBENCH/test_merkle.py::test_deterministic_root_across_runs PASSED [ 48%]
CAPABILITY/TESTBENCH/test_merkle.py::test_path_ordering_independent_of_input_order PASSED [ 48%]
CAPABILITY/TESTBENCH/test_merkle.py::test_duplicate_path_rejection_via_non_normalized_collision PASSED [ 49%]
CAPABILITY/TESTBENCH/test_merkle.py::test_duplicate_hash_under_different_paths_rejected PASSED [ 49%]
CAPABILITY/TESTBENCH/test_merkle.py::test_odd_leaf_padding_correctness PASSED [ 50%]
CAPABILITY/TESTBENCH/test_merkle.py::test_empty_manifest_rejected PASSED [ 50%]
CAPABILITY/TESTBENCH/test_merkle.py::test_verify_manifest_root_true_false PASSED [ 51%]
CAPABILITY/TESTBENCH/test_merkle.py::test_reject_non_normalized_paths PASSED [ 51%]
CAPABILITY/TESTBENCH/test_merkle.py::test_reject_invalid_hashes_and_expected_root_format PASSED [ 52%]
CAPABILITY/TESTBENCH/test_packing_hygiene.py::test_packer_determinism_catalytic_dpt PASSED [ 52%]
CAPABILITY/TESTBENCH/test_packing_hygiene.py::test_packer_limits_fail_closed[limits0-PACK_LIMIT_EXCEEDED:max_total_bytes] PASSED [ 53%]
CAPABILITY/TESTBENCH/test_packing_hygiene.py::test_packer_limits_fail_closed[limits1-PACK_LIMIT_EXCEEDED:max_entry_bytes] PASSED [ 53%]
CAPABILITY/TESTBENCH/test_packing_hygiene.py::test_packer_limits_fail_closed[limits2-PACK_LIMIT_EXCEEDED:max_entries] PASSED [ 54%]
CAPABILITY/TESTBENCH/test_packing_hygiene.py::test_repo_state_manifest_validation_and_dedup PASSED [ 54%]
CAPABILITY/TESTBENCH/test_packing_hygiene.py::test_verify_manifest_detects_tamper PASSED [ 55%]
CAPABILITY/TESTBENCH/test_phase7_acceptance.py::test_swarm_chain_binds_pipeline_proofs PASSED [ 55%]
CAPABILITY/TESTBENCH/test_phase7_acceptance.py::test_tampered_pipeline_proof_fails_verification PASSED [ 56%]
CAPABILITY/TESTBENCH/test_phase8_router_receipts.py::test_router_receipts_created FAILED [ 56%]
CAPABILITY/TESTBENCH/test_phase8_router_receipts.py::test_router_over_output_fails_closed FAILED [ 57%]
CAPABILITY/TESTBENCH/test_phase8_router_receipts.py::test_router_stderr_fails_closed FAILED [ 57%]
CAPABILITY/TESTBENCH/test_phase8_router_receipts.py::test_malformed_plan_fails_schema_validation PASSED [ 58%]
CAPABILITY/TESTBENCH/test_phase8_router_receipts.py::test_capability_escalation_fails_closed FAILED [ 58%]
CAPABILITY/TESTBENCH/test_pipeline_chain.py::test_pipeline_chain_valid PASSED [ 59%]
CAPABILITY/TESTBENCH/test_pipeline_chain.py::test_pipeline_chain_tamper PASSED [ 59%]
CAPABILITY/TESTBENCH/test_pipeline_chain.py::test_pipeline_chain_reorder PASSED [ 60%]
CAPABILITY/TESTBENCH/test_pipeline_chain.py::test_pipeline_chain_determinism PASSED [ 60%]
CAPABILITY/TESTBENCH/test_pipeline_verify_cli.py::test_pipeline_verify_ok PASSED [ 61%]
CAPABILITY/TESTBENCH/test_pipeline_verify_cli.py::test_pipeline_verify_missing_artifact PASSED [ 61%]
CAPABILITY/TESTBENCH/test_pipeline_verify_cli.py::test_pipeline_verify_chain_tamper PASSED [ 62%]
CAPABILITY/TESTBENCH/test_pipeline_verify_cli.py::test_pipeline_verify_ledger_corrupt PASSED [ 62%]
CAPABILITY/TESTBENCH/test_pipelines.py::test_pipeline_init_is_deterministic_and_resume_safe PASSED [ 63%]
CAPABILITY/TESTBENCH/test_preflight.py::test_valid_jobspec_passes PASSED [ 63%]
CAPABILITY/TESTBENCH/test_preflight.py::test_invalid_jobspec_schema_fails PASSED [ 64%]
CAPABILITY/TESTBENCH/test_preflight.py::test_path_traversal_fails PASSED [ 64%]
CAPABILITY/TESTBENCH/test_preflight.py::test_absolute_path_fails PASSED  [ 65%]
CAPABILITY/TESTBENCH/test_preflight.py::test_path_not_under_allowed_root_fails PASSED [ 65%]
CAPABILITY/TESTBENCH/test_preflight.py::test_forbidden_path_fails PASSED [ 66%]
CAPABILITY/TESTBENCH/test_preflight.py::test_input_output_overlap_fails PASSED [ 66%]
CAPABILITY/TESTBENCH/test_preflight.py::test_multiple_errors_reported PASSED [ 67%]
CAPABILITY/TESTBENCH/test_preflight.py::test_empty_catalytic_domains_valid PASSED [ 67%]
CAPABILITY/TESTBENCH/test_preflight.py::test_empty_outputs_valid PASSED  [ 68%]
CAPABILITY/TESTBENCH/test_proof_gating.py::test_valid_proof_accepted PASSED [ 68%]
CAPABILITY/TESTBENCH/test_proof_gating.py::test_invalid_proof_rejected PASSED [ 69%]
CAPABILITY/TESTBENCH/test_proof_gating.py::test_missing_proof_rejected PASSED [ 69%]
CAPABILITY/TESTBENCH/test_proof_gating.py::test_proof_is_single_source_of_truth PASSED [ 70%]
CAPABILITY/TESTBENCH/test_proof_wiring.py::test_rerun_determinism_proof_and_domain_roots_bytes_identical PASSED [ 70%]
CAPABILITY/TESTBENCH/test_proof_wiring.py::test_tamper_detection_hash_mismatch PASSED [ 71%]
CAPABILITY/TESTBENCH/test_proof_wiring.py::test_path_normalization_rejects_traversal PASSED [ 71%]
CAPABILITY/TESTBENCH/test_restore_proof.py::test_identical_artifacts_verified_true PASSED [ 72%]
CAPABILITY/TESTBENCH/test_restore_proof.py::test_hash_mismatch_verified_false PASSED [ 72%]
CAPABILITY/TESTBENCH/test_restore_proof.py::test_missing_files_verified_false PASSED [ 73%]
CAPABILITY/TESTBENCH/test_restore_proof.py::test_extra_files_verified_false PASSED [ 73%]
CAPABILITY/TESTBENCH/test_restore_proof.py::test_deterministic_output PASSED [ 74%]
CAPABILITY/TESTBENCH/test_restore_proof.py::test_proof_validates_against_schema PASSED [ 74%]
CAPABILITY/TESTBENCH/test_restore_proof.py::test_empty_domains_verified_true PASSED [ 75%]
CAPABILITY/TESTBENCH/test_restore_runner.py::test_restore_rejects_when_verifier_strict_fails PASSED [ 75%]
CAPABILITY/TESTBENCH/test_restore_runner.py::test_restore_success_emits_artifacts_and_matches_hashes PASSED [ 76%]
CAPABILITY/TESTBENCH/test_restore_runner.py::test_restore_rollback_failure_returns_restore_rollback_failed PASSED [ 76%]
CAPABILITY/TESTBENCH/test_runtime_guard.py::test_allowed_write_succeeds PASSED [ 77%]
CAPABILITY/TESTBENCH/test_runtime_guard.py::test_guarded_write_text_succeeds PASSED [ 77%]
CAPABILITY/TESTBENCH/test_runtime_guard.py::test_guarded_mkdir_succeeds PASSED [ 78%]
CAPABILITY/TESTBENCH/test_runtime_guard.py::test_guarded_write_bytes_succeeds PASSED [ 78%]
CAPABILITY/TESTBENCH/test_runtime_guard.py::test_path_normalization PASSED [ 79%]
CAPABILITY/TESTBENCH/test_runtime_guard.py::test_forbidden_path_fails PASSED [ 79%]
CAPABILITY/TESTBENCH/test_runtime_guard.py::test_forbidden_path_guarded_write_fails PASSED [ 80%]
CAPABILITY/TESTBENCH/test_runtime_guard.py::test_write_outside_allowed_roots_fails PASSED [ 80%]
CAPABILITY/TESTBENCH/test_runtime_guard.py::test_path_traversal_fails PASSED [ 81%]
CAPABILITY/TESTBENCH/test_runtime_guard.py::test_absolute_path_outside_project_fails PASSED [ 81%]
CAPABILITY/TESTBENCH/test_runtime_guard.py::test_multiple_allowed_roots_work PASSED [ 82%]
CAPABILITY/TESTBENCH/test_runtime_guard.py::test_all_forbidden_paths_rejected PASSED [ 82%]
CAPABILITY/TESTBENCH/test_runtime_guard.py::test_guarded_mkdir_forbidden_fails PASSED [ 83%]
CAPABILITY/TESTBENCH/test_schemas.py::test_all_schemas PASSED            [ 83%]
CAPABILITY/TESTBENCH/test_skills_registry.py::test_canonical_json PASSED [ 84%]
CAPABILITY/TESTBENCH/test_skills_registry.py::test_load_valid_registry PASSED [ 84%]
CAPABILITY/TESTBENCH/test_skills_registry.py::test_load_missing_registry PASSED [ 85%]
CAPABILITY/TESTBENCH/test_skills_registry.py::test_load_malformed_registry PASSED [ 85%]
CAPABILITY/TESTBENCH/test_skills_registry.py::test_resolve_missing_skill PASSED [ 86%]
CAPABILITY/TESTBENCH/test_skills_registry.py::test_e2e_resolution PASSED [ 86%]
CAPABILITY/TESTBENCH/test_skills_registry.py::test_e2e_integrity_fail PASSED [ 87%]
CAPABILITY/TESTBENCH/test_spectrum_04_05_enforcement.py::test_canonicalize_json PASSED [ 87%]
CAPABILITY/TESTBENCH/test_spectrum_04_05_enforcement.py::test_bundle_root_computation PASSED [ 88%]
CAPABILITY/TESTBENCH/test_spectrum_04_05_enforcement.py::test_chain_root_computation PASSED [ 88%]
CAPABILITY/TESTBENCH/test_spectrum_04_05_enforcement.py::test_ed25519_signature_verification PASSED [ 89%]
CAPABILITY/TESTBENCH/test_spectrum_04_05_enforcement.py::test_validator_id_derivation PASSED [ 89%]
CAPABILITY/TESTBENCH/test_spectrum_04_05_enforcement.py::test_spectrum05_missing_artifact PASSED [ 90%]
CAPABILITY/TESTBENCH/test_spectrum_04_05_enforcement.py::test_spectrum05_identity_invalid PASSED [ 90%]
CAPABILITY/TESTBENCH/test_spectrum_04_05_enforcement.py::test_spectrum05_chain_empty PASSED [ 91%]
CAPABILITY/TESTBENCH/test_spectrum_04_05_enforcement.py::test_spectrum05_chain_duplicate_run PASSED [ 91%]
CAPABILITY/TESTBENCH/test_swarm_reuse.py::test_swarm_execution_elision PASSED [ 92%]
CAPABILITY/TESTBENCH/test_swarm_runtime.py::test_swarm_runtime_happy_path PASSED [ 92%]
CAPABILITY/TESTBENCH/test_verifier_freeze.py::test_api_return_shape_bundle PASSED [ 93%]
CAPABILITY/TESTBENCH/test_verifier_freeze.py::test_api_return_shape_chain PASSED [ 93%]
CAPABILITY/TESTBENCH/test_verifier_freeze.py::test_frozen_error_codes_exist PASSED [ 94%]
CAPABILITY/TESTBENCH/test_verifier_freeze.py::test_crypto_dep_missing_fail_closed PASSED [ 94%]
CAPABILITY/TESTBENCH/test_verifier_freeze.py::test_chain_dir_ordering_deterministic PASSED [ 95%]
CAPABILITY/TESTBENCH/test_verifier_interop.py::test_interop_valid_bundle_byte_identical PASSED [ 95%]
CAPABILITY/TESTBENCH/test_verifier_interop.py::test_interop_tampered_bundle_reject_same_code_and_bytes PASSED [ 96%]
CAPABILITY/TESTBENCH/test_verifier_interop.py::test_interop_chain_verification_byte_identical PASSED [ 96%]
CAPABILITY/TESTBENCH/test_verifier_interop.py::test_interop_determinism_rerun_same_inputs_same_bytes PASSED [ 97%]
CAPABILITY/TESTBENCH/test_verify_bundle.py::test_valid_bundle PASSED     [ 97%]
CAPABILITY/TESTBENCH/test_verify_bundle.py::test_status_failure PASSED   [ 98%]
CAPABILITY/TESTBENCH/test_verify_bundle.py::test_tampered_output PASSED  [ 98%]
CAPABILITY/TESTBENCH/test_verify_bundle.py::test_forbidden_artifact PASSED [ 99%]
CAPABILITY/TESTBENCH/test_verify_bundle.py::test_chain_valid PASSED      [ 99%]
CAPABILITY/TESTBENCH/test_verify_bundle.py::test_chain_tamper_middle PASSED [100%]

================================== FAILURES ===================================
___________ test_pipeline_resume_never_skips_a_missing_step_record ____________
CAPABILITY\TESTBENCH\test_adversarial_pipeline_resume.py:148: in test_pipeline_resume_never_skips_a_missing_step_record
    rt._execute_step(spec=parsed_spec, step=step1, run_id=run_id)
CAPABILITY\PIPELINES\pipeline_runtime.py:447: in _execute_step
    raise RuntimeError(f"step {step.step_id} failed: rc={res.returncode}")
E   RuntimeError: step s1 failed: rc=1
---------------------------- Captured stdout call -----------------------------
[catalytic] Starting catalytic run: pipeline-adversarial-pipeline-resume-s1-a1

[catalytic] Phase 0: Preflight validation...

[catalytic] Preflight passed: JobSpec is valid

[catalytic] Phase 1: Capturing pre-snapshots...

[catalytic] Snapshots pre: LAW\CONTRACTS\_runs\_tmp\adversarial\pipeline_resume\domain (0 files)

[catalytic] Phase 2: Executing command: C:\Users\rene_\AppData\Local\Programs\Python\Python311\python.exe -c from pathlib import Path; Path('D:\CCC 2.0\AI\agent-governance-system\NAVIGATION\CORTEX\_generated\_tmp\adversarial_pipeline_step1.txt').parent.mkdir(parents=True, exist_ok=True); Path('D:\CCC 2.0\AI\agent-governance-system\NAVIGATION\CORTEX\_generated\_tmp\adversarial_pipeline_step1.txt').write_text('ONE', encoding='utf-8')

[catalytic] Command exited with code 1

[catalytic] Phase 3: Capturing post-snapshots...

[catalytic] Snapshots post: LAW\CONTRACTS\_runs\_tmp\adversarial\pipeline_resume\domain (0 files)

[catalytic] Phase 4: Verifying restoration...

[catalytic] SUCCESS: Catalytic domains fully restored

[catalytic] Phase 5: Writing canonical artifact set...

[catalytic] Canonical artifact set written to D:\CCC 2.0\AI\agent-governance-system\LAW\CONTRACTS\_runs\pipeline-adversarial-pipeline-resume-s1-a1

[catalytic] PROOF.json: verified=True, condition=RESTORED_IDENTICAL

---------------------------- Captured stderr call -----------------------------
DEBUG: execute cmd=['C:\\Users\\rene_\\AppData\\Local\\Programs\\Python\\Python311\\python.exe', '-c', "from pathlib import Path; Path('D:\\CCC 2.0\\AI\\agent-governance-system\\NAVIGATION\\CORTEX\\_generated\\_tmp\\adversarial_pipeline_step1.txt').parent.mkdir(parents=True, exist_ok=True); Path('D:\\CCC 2.0\\AI\\agent-governance-system\\NAVIGATION\\CORTEX\\_generated\\_tmp\\adversarial_pipeline_step1.txt').write_text('ONE', encoding='utf-8')"]

  File "<string>", line 1

    from pathlib import Path; Path('D:\CCC 2.0\AI\agent-governance-system\NAVIGATION\CORTEX\_generated\_tmp\adversarial_pipeline_step1.txt').parent.mkdir(parents=True, exist_ok=True); Path('D:\CCC 2.0\AI\agent-governance-system\NAVIGATION\CORTEX\_generated\_tmp\adversarial_pipeline_step1.txt').write_text('ONE', encoding='utf-8')

                                                                                                                                           ^

SyntaxError: (unicode error) 'unicodeescape' codec can't decode bytes in position 37-38: malformed \N character escape

[catalytic] FAIL: Command exited with code 1.

_________________ test_capability_pinned_routes_and_verifies __________________
CAPABILITY\TESTBENCH\test_ags_phase6_capability_pins.py:89: in test_capability_pinned_routes_and_verifies
    assert r_route.returncode == 0, r_route.stdout + r_route.stderr
E   AssertionError: ERROR: UNKNOWN_CAPABILITY
E     
E   assert 2 == 0
E    +  where 2 = CompletedProcess(args=['C:\\Users\\rene_\\AppData\\Local\\Programs\\Python\\Python311\\python.exe', '-m', 'CAPABILITY.TOOLS.ags', 'route', '--plan', 'C:\\Users\\rene_\\AppData\\Local\\Temp\\pytest-of-Reneshizzle\\pytest-252\\test_capability_pinned_routes_0\\plan.json', '--pipeline-id', 'ags-capability-pins-ok'], returncode=2, stdout='', stderr='ERROR: UNKNOWN_CAPABILITY\n').returncode
__________________ test_known_but_unpinned_rejects_at_route ___________________
CAPABILITY\TESTBENCH\test_ags_phase6_capability_pins.py:119: in test_known_but_unpinned_rejects_at_route
    assert "CAPABILITY_NOT_PINNED" in (r_route.stdout + r_route.stderr)
E   AssertionError: assert 'CAPABILITY_NOT_PINNED' in ('' + 'ERROR: UNKNOWN_CAPABILITY\n')
E    +  where '' = CompletedProcess(args=['C:\\Users\\rene_\\AppData\\Local\\Programs\\Python\\Python311\\python.exe', '-m', 'CAPABILITY.TOOLS.ags', 'route', '--plan', 'C:\\Users\\rene_\\AppData\\Local\\Temp\\pytest-of-Reneshizzle\\pytest-252\\test_known_but_unpinned_reject0\\plan.json', '--pipeline-id', 'ags-capability-pins-unpinned'], returncode=2, stdout='', stderr='ERROR: UNKNOWN_CAPABILITY\n').stdout
E    +  and   'ERROR: UNKNOWN_CAPABILITY\n' = CompletedProcess(args=['C:\\Users\\rene_\\AppData\\Local\\Programs\\Python\\Python311\\python.exe', '-m', 'CAPABILITY.TOOLS.ags', 'route', '--plan', 'C:\\Users\\rene_\\AppData\\Local\\Temp\\pytest-of-Reneshizzle\\pytest-252\\test_known_but_unpinned_reject0\\plan.json', '--pipeline-id', 'ags-capability-pins-unpinned'], returncode=2, stdout='', stderr='ERROR: UNKNOWN_CAPABILITY\n').stderr
________ test_verify_rejects_unpinned_even_if_pipeline_artifact_exists ________
CAPABILITY\TESTBENCH\test_ags_phase6_capability_pins.py:170: in test_verify_rejects_unpinned_even_if_pipeline_artifact_exists
    assert r_route_ok.returncode == 0, r_route_ok.stdout + r_route_ok.stderr
E   AssertionError: ERROR: UNKNOWN_CAPABILITY
E     
E   assert 2 == 0
E    +  where 2 = CompletedProcess(args=['C:\\Users\\rene_\\AppData\\Local\\Programs\\Python\\Python311\\python.exe', '-m', 'CAPABILITY.TOOLS.ags', 'route', '--plan', 'C:\\Users\\rene_\\AppData\\Local\\Temp\\pytest-of-Reneshizzle\\pytest-252\\test_verify_rejects_unpinned_e0\\plan_ok.json', '--pipeline-id', 'ags-capability-pins-verify-bypass'], returncode=2, stdout='', stderr='ERROR: UNKNOWN_CAPABILITY\n').returncode
______________ test_capability_registry_happy_unknown_and_tamper ______________
CAPABILITY\TESTBENCH\test_ags_phase6_capability_registry.py:129: in test_capability_registry_happy_unknown_and_tamper
    assert r_run.returncode == 0, r_run.stdout + r_run.stderr
E   AssertionError: {"verdict":"ALLOW","reasons":[],"normalized_paths":{"read":[],"write":["LAW/CONTRACTS/_runs"]},"policy_version":"1"}
E     [catalytic] Starting catalytic run: pipeline-ags-capability-registry-s1-a1
E     [catalytic] Phase 0: Preflight validation...
E     [catalytic] Preflight passed: JobSpec is valid
E     [catalytic] Phase 1: Capturing pre-snapshots...
E     [catalytic] Snapshots pre: LAW\CONTRACTS\_runs\_tmp\phase65_registry\domain (0 files)
E     [catalytic] Memoization MISS: dd9e593f4fdf523dc12c5a7ec48b2cd26059de923d270cb1ef7e3b444acf1c97
E     [catalytic] Phase 2: Executing command: C:\Users\rene_\AppData\Local\Programs\Python\Python311\python.exe CAPABILITY/SKILLS/ant-worker/scripts/run.py LAW/CONTRACTS/_runs/_tmp/phase65_registry/task.json LAW/CONTRACTS/_runs/_tmp/phase65_registry/result.json
E     [catalytic] Command exited with code 2
E     [catalytic] Phase 3: Capturing post-snapshots...
E     [catalytic] Snapshots post: LAW\CONTRACTS\_runs\_tmp\phase65_registry\domain (0 files)
E     [catalytic] Phase 4: Verifying restoration...
E     [catalytic] SUCCESS: Catalytic domains fully restored
E     [catalytic] Phase 5: Writing canonical artifact set...
E     [catalytic] Canonical artifact set written to D:\CCC 2.0\AI\agent-governance-system\LAW\CONTRACTS\_runs\pipeline-ags-capability-registry-s1-a1
E     [catalytic] PROOF.json: verified=True, condition=RESTORED_IDENTICAL
E     AGS: running pipeline
E     FAIL pipeline run rc=2
E     DEBUG: execute cmd=['C:\\Users\\rene_\\AppData\\Local\\Programs\\Python\\Python311\\python.exe', 'CAPABILITY/SKILLS/ant-worker/scripts/run.py', 'LAW/CONTRACTS/_runs/_tmp/phase65_registry/task.json', 'LAW/CONTRACTS/_runs/_tmp/phase65_registry/result.json']
E     C:\Users\rene_\AppData\Local\Programs\Python\Python311\python.exe: can't open file 'D:\\CCC 2.0\\AI\\agent-governance-system\\CAPABILITY\\SKILLS\\ant-worker\\scripts\\run.py': [Errno 2] No such file or directory
E     [catalytic] FAIL: Command exited with code 2.
E     ERROR: step s1 failed: rc=2
E     
E   assert 2 == 0
E    +  where 2 = CompletedProcess(args=['C:\\Users\\rene_\\AppData\\Local\\Programs\\Python\\Python311\\python.exe', '-m', 'CAPABILITY.TOOLS.ags', 'run', '--pipeline-id', 'ags-capability-registry', '--strict', '--skip-preflight'], returncode=2, stdout='{"verdict":"ALLOW","reasons":[],"normalized_paths":{"read":[],"write":["LAW/CONTRACTS/_runs"]},"policy_version":"1"}\n[catalytic] Starting catalytic run: pipeline-ags-capability-registry-s1-a1\n[catalytic] Phase 0: Preflight validation...\n[catalytic] Preflight passed: JobSpec is valid\n[catalytic] Phase 1: Capturing pre-snapshots...\n[catalytic] Snapshots pre: LAW\\CONTRACTS\\_runs\\_tmp\\phase65_registry\\domain (0 files)\n[catalytic] Memoization MISS: dd9e593f4fdf523dc12c5a7ec48b2cd26059de923d270cb1ef7e3b444acf1c97\n[catalytic] Phase 2: Executing command: C:\\Users\\rene_\\AppData\\Local\\Programs\\Python\\Python311\\python.exe CAPABILITY/SKILLS/ant-worker/scripts/run.py LAW/CONTRACTS/_runs/_tmp/phase65_registry/task.json LAW/CONTRACTS/_runs/_tmp/phase65_registry/result.json\n[catalytic] Command exited with code 2\n[catalytic] Phase 3: Capturing post-snapshots...\n[catalytic] Snapshots post: LAW\\CONTRACTS\\_runs\\_tmp\\phase65_registry\\domain (0 files)\n[catalytic] Phase 4: Verifying restoration...\n[catalytic] SUCCESS: Catalytic domains fully restored\n[catalytic] Phase 5: Writing canonical artifact set...\n[catalytic] Canonical artifact set written to D:\\CCC 2.0\\AI\\agent-governance-system\\LAW\\CONTRACTS\\_runs\\pipeline-ags-capability-registry-s1-a1\n[catalytic] PROOF.json: verified=True, condition=RESTORED_IDENTICAL\nAGS: running pipeline\nFAIL pipeline run rc=2\n', stderr="DEBUG: execute cmd=['C:\\\\Users\\\\rene_\\\\AppData\\\\Local\\\\Programs\\\\Python\\\\Python311\\\\python.exe', 'CAPABILITY/SKILLS/ant-worker/scripts/run.py', 'LAW/CONTRACTS/_runs/_tmp/phase65_registry/task.json', 'LAW/CONTRACTS/_runs/_tmp/phase65_registry/result.json']\nC:\\Users\\rene_\\AppData\\Local\\Programs\\Python\\Python311\\python.exe: can't open file 'D:\\\\CCC 2.0\\\\AI\\\\agent-governance-system\\\\CAPABILITY\\\\SKILLS\\\\ant-worker\\\\scripts\\\\run.py': [Errno 2] No such file or directory\n[catalytic] FAIL: Command exited with code 2.\nERROR: step s1 failed: rc=2\n").returncode
__________________ test_revoked_capability_rejects_at_route ___________________
CAPABILITY\TESTBENCH\test_ags_phase6_capability_revokes.py:64: in test_revoked_capability_rejects_at_route
    assert "REVOKED_CAPABILITY" in (r.stderr + r.stdout), f"Expected REVOKED_CAPABILITY error. Got: {r.stderr + r.stdout}"
E   AssertionError: Expected REVOKED_CAPABILITY error. Got: ERROR: UNKNOWN_CAPABILITY
E     
E   assert 'REVOKED_CAPABILITY' in ('ERROR: UNKNOWN_CAPABILITY\n' + '')
E    +  where 'ERROR: UNKNOWN_CAPABILITY\n' = CompletedProcess(args=['C:\\Users\\rene_\\AppData\\Local\\Programs\\Python\\Python311\\python.exe', '-m', 'CAPABILITY.TOOLS.ags', 'route', '--plan', 'C:\\Users\\rene_\\AppData\\Local\\Temp\\pytest-of-Reneshizzle\\pytest-252\\test_revoked_capability_reject0\\plan.json', '--pipeline-id', 'test-route-reject'], returncode=2, stdout='', stderr='ERROR: UNKNOWN_CAPABILITY\n').stderr
E    +  and   '' = CompletedProcess(args=['C:\\Users\\rene_\\AppData\\Local\\Programs\\Python\\Python311\\python.exe', '-m', 'CAPABILITY.TOOLS.ags', 'route', '--plan', 'C:\\Users\\rene_\\AppData\\Local\\Temp\\pytest-of-Reneshizzle\\pytest-252\\test_revoked_capability_reject0\\plan.json', '--pipeline-id', 'test-route-reject'], returncode=2, stdout='', stderr='ERROR: UNKNOWN_CAPABILITY\n').stdout
___________________ test_verify_rejects_revoked_capability ____________________
CAPABILITY\TESTBENCH\test_ags_phase6_capability_revokes.py:108: in test_verify_rejects_revoked_capability
    assert r_route.returncode == 0, f"Route should succeed: {r_route.stderr}"
E   AssertionError: Route should succeed: ERROR: UNKNOWN_CAPABILITY
E     
E   assert 2 == 0
E    +  where 2 = CompletedProcess(args=['C:\\Users\\rene_\\AppData\\Local\\Programs\\Python\\Python311\\python.exe', '-m', 'CAPABILITY.TOOLS.ags', 'route', '--plan', 'C:\\Users\\rene_\\AppData\\Local\\Temp\\pytest-of-Reneshizzle\\pytest-252\\test_verify_rejects_revoked_ca0\\plan.json', '--pipeline-id', 'test-verify-revocation'], returncode=2, stdout='', stderr='ERROR: UNKNOWN_CAPABILITY\n').returncode
_____________________ test_verify_passes_when_not_revoked _____________________
CAPABILITY\TESTBENCH\test_ags_phase6_capability_revokes.py:157: in test_verify_passes_when_not_revoked
    assert r_route.returncode == 0, f"Route should succeed: {r_route.stderr}"
E   AssertionError: Route should succeed: ERROR: UNKNOWN_CAPABILITY
E     
E   assert 2 == 0
E    +  where 2 = CompletedProcess(args=['C:\\Users\\rene_\\AppData\\Local\\Programs\\Python\\Python311\\python.exe', '-m', 'CAPABILITY.TOOLS.ags', 'route', '--plan', 'C:\\Users\\rene_\\AppData\\Local\\Temp\\pytest-of-Reneshizzle\\pytest-252\\test_verify_passes_when_not_re0\\plan.json', '--pipeline-id', 'test-verify-no-revocation'], returncode=2, stdout='', stderr='ERROR: UNKNOWN_CAPABILITY\n').returncode
________________________ test_router_receipts_created _________________________
CAPABILITY\TESTBENCH\test_phase8_router_receipts.py:92: in test_router_receipts_created
    assert r.returncode == 0, f"Router should succeed: {r.stderr}"
E   AssertionError: Router should succeed: C:\Users\rene_\AppData\Local\Programs\Python\Python311\python.exe: Error while finding module specification for 'TOOLS.ags' (ModuleNotFoundError: No module named 'TOOLS')
E     
E   assert 1 == 0
E    +  where 1 = CompletedProcess(args=['C:\\Users\\rene_\\AppData\\Local\\Programs\\Python\\Python311\\python.exe', '-m', 'TOOLS.ags', 'plan', '--router', 'C:\\Users\\rene_\\AppData\\Local\\Programs\\Python\\Python311\\python.exe', '--router-arg', 'C:\\Users\\rene_\\AppData\\Local\\Temp\\pytest-of-Reneshizzle\\pytest-252\\test_router_receipts_created0\\router.py', '--out', 'C:\\Users\\rene_\\AppData\\Local\\Temp\\pytest-of-Reneshizzle\\pytest-252\\test_router_receipts_created0\\plan.json'], returncode=1, stdout='', stderr="C:\\Users\\rene_\\AppData\\Local\\Programs\\Python\\Python311\\python.exe: Error while finding module specification for 'TOOLS.ags' (ModuleNotFoundError: No module named 'TOOLS')\n").returncode
____________________ test_router_over_output_fails_closed _____________________
CAPABILITY\TESTBENCH\test_phase8_router_receipts.py:158: in test_router_over_output_fails_closed
    assert "ROUTER_OUTPUT_TOO_LARGE" in (r.stderr + r.stdout)
E   assert 'ROUTER_OUTPUT_TOO_LARGE' in ("C:\\Users\\rene_\\AppData\\Local\\Programs\\Python\\Python311\\python.exe: Error while finding module specification for 'TOOLS.ags' (ModuleNotFoundError: No module named 'TOOLS')\n" + '')
E    +  where "C:\\Users\\rene_\\AppData\\Local\\Programs\\Python\\Python311\\python.exe: Error while finding module specification for 'TOOLS.ags' (ModuleNotFoundError: No module named 'TOOLS')\n" = CompletedProcess(args=['C:\\Users\\rene_\\AppData\\Local\\Programs\\Python\\Python311\\python.exe', '-m', 'TOOLS.ags', 'plan', '--router', 'C:\\Users\\rene_\\AppData\\Local\\Programs\\Python\\Python311\\python.exe', '--router-arg', 'C:\\Users\\rene_\\AppData\\Local\\Temp\\pytest-of-Reneshizzle\\pytest-252\\test_router_over_output_fails_0\\router_spam.py', '--out', 'C:\\Users\\rene_\\AppData\\Local\\Temp\\pytest-of-Reneshizzle\\pytest-252\\test_router_over_output_fails_0\\plan.json'], returncode=1, stdout='', stderr="C:\\Users\\rene_\\AppData\\Local\\Programs\\Python\\Python311\\python.exe: Error while finding module specification for 'TOOLS.ags' (ModuleNotFoundError: No module named 'TOOLS')\n").stderr
E    +  and   '' = CompletedProcess(args=['C:\\Users\\rene_\\AppData\\Local\\Programs\\Python\\Python311\\python.exe', '-m', 'TOOLS.ags', 'plan', '--router', 'C:\\Users\\rene_\\AppData\\Local\\Programs\\Python\\Python311\\python.exe', '--router-arg', 'C:\\Users\\rene_\\AppData\\Local\\Temp\\pytest-of-Reneshizzle\\pytest-252\\test_router_over_output_fails_0\\router_spam.py', '--out', 'C:\\Users\\rene_\\AppData\\Local\\Temp\\pytest-of-Reneshizzle\\pytest-252\\test_router_over_output_fails_0\\plan.json'], returncode=1, stdout='', stderr="C:\\Users\\rene_\\AppData\\Local\\Programs\\Python\\Python311\\python.exe: Error while finding module specification for 'TOOLS.ags' (ModuleNotFoundError: No module named 'TOOLS')\n").stdout
_______________________ test_router_stderr_fails_closed _______________________
CAPABILITY\TESTBENCH\test_phase8_router_receipts.py:192: in test_router_stderr_fails_closed
    assert "ROUTER_STDERR_NOT_EMPTY" in (r.stderr + r.stdout)
E   assert 'ROUTER_STDERR_NOT_EMPTY' in ("C:\\Users\\rene_\\AppData\\Local\\Programs\\Python\\Python311\\python.exe: Error while finding module specification for 'TOOLS.ags' (ModuleNotFoundError: No module named 'TOOLS')\n" + '')
E    +  where "C:\\Users\\rene_\\AppData\\Local\\Programs\\Python\\Python311\\python.exe: Error while finding module specification for 'TOOLS.ags' (ModuleNotFoundError: No module named 'TOOLS')\n" = CompletedProcess(args=['C:\\Users\\rene_\\AppData\\Local\\Programs\\Python\\Python311\\python.exe', '-m', 'TOOLS.ags', 'plan', '--router', 'C:\\Users\\rene_\\AppData\\Local\\Programs\\Python\\Python311\\python.exe', '--router-arg', 'C:\\Users\\rene_\\AppData\\Local\\Temp\\pytest-of-Reneshizzle\\pytest-252\\test_router_stderr_fails_close0\\router_stderr.py', '--out', 'C:\\Users\\rene_\\AppData\\Local\\Temp\\pytest-of-Reneshizzle\\pytest-252\\test_router_stderr_fails_close0\\plan.json'], returncode=1, stdout='', stderr="C:\\Users\\rene_\\AppData\\Local\\Programs\\Python\\Python311\\python.exe: Error while finding module specification for 'TOOLS.ags' (ModuleNotFoundError: No module named 'TOOLS')\n").stderr
E    +  and   '' = CompletedProcess(args=['C:\\Users\\rene_\\AppData\\Local\\Programs\\Python\\Python311\\python.exe', '-m', 'TOOLS.ags', 'plan', '--router', 'C:\\Users\\rene_\\AppData\\Local\\Programs\\Python\\Python311\\python.exe', '--router-arg', 'C:\\Users\\rene_\\AppData\\Local\\Temp\\pytest-of-Reneshizzle\\pytest-252\\test_router_stderr_fails_close0\\router_stderr.py', '--out', 'C:\\Users\\rene_\\AppData\\Local\\Temp\\pytest-of-Reneshizzle\\pytest-252\\test_router_stderr_fails_close0\\plan.json'], returncode=1, stdout='', stderr="C:\\Users\\rene_\\AppData\\Local\\Programs\\Python\\Python311\\python.exe: Error while finding module specification for 'TOOLS.ags' (ModuleNotFoundError: No module named 'TOOLS')\n").stdout
___________________ test_capability_escalation_fails_closed ___________________
CAPABILITY\TESTBENCH\test_phase8_router_receipts.py:288: in test_capability_escalation_fails_closed
    assert "REVOKED_CAPABILITY" in (r.stderr + r.stdout)
E   assert 'REVOKED_CAPABILITY' in ("C:\\Users\\rene_\\AppData\\Local\\Programs\\Python\\Python311\\python.exe: Error while finding module specification for 'TOOLS.ags' (ModuleNotFoundError: No module named 'TOOLS')\n" + '')
E    +  where "C:\\Users\\rene_\\AppData\\Local\\Programs\\Python\\Python311\\python.exe: Error while finding module specification for 'TOOLS.ags' (ModuleNotFoundError: No module named 'TOOLS')\n" = CompletedProcess(args=['C:\\Users\\rene_\\AppData\\Local\\Programs\\Python\\Python311\\python.exe', '-m', 'TOOLS.ags', 'plan', '--router', 'C:\\Users\\rene_\\AppData\\Local\\Programs\\Python\\Python311\\python.exe', '--router-arg', 'C:\\Users\\rene_\\AppData\\Local\\Temp\\pytest-of-Reneshizzle\\pytest-252\\test_capability_escalation_fai0\\router_escalate.py', '--out', 'C:\\Users\\rene_\\AppData\\Local\\Temp\\pytest-of-Reneshizzle\\pytest-252\\test_capability_escalation_fai0\\plan.json'], returncode=1, stdout='', stderr="C:\\Users\\rene_\\AppData\\Local\\Programs\\Python\\Python311\\python.exe: Error while finding module specification for 'TOOLS.ags' (ModuleNotFoundError: No module named 'TOOLS')\n").stderr
E    +  and   '' = CompletedProcess(args=['C:\\Users\\rene_\\AppData\\Local\\Programs\\Python\\Python311\\python.exe', '-m', 'TOOLS.ags', 'plan', '--router', 'C:\\Users\\rene_\\AppData\\Local\\Programs\\Python\\Python311\\python.exe', '--router-arg', 'C:\\Users\\rene_\\AppData\\Local\\Temp\\pytest-of-Reneshizzle\\pytest-252\\test_capability_escalation_fai0\\router_escalate.py', '--out', 'C:\\Users\\rene_\\AppData\\Local\\Temp\\pytest-of-Reneshizzle\\pytest-252\\test_capability_escalation_fai0\\plan.json'], returncode=1, stdout='', stderr="C:\\Users\\rene_\\AppData\\Local\\Programs\\Python\\Python311\\python.exe: Error while finding module specification for 'TOOLS.ags' (ModuleNotFoundError: No module named 'TOOLS')\n").stdout
============================== warnings summary ===============================
CAPABILITY\PRIMITIVES\ledger.py:9
CAPABILITY\PRIMITIVES\ledger.py:9
  D:\CCC 2.0\AI\agent-governance-system\CAPABILITY\PRIMITIVES\ledger.py:9: DeprecationWarning: jsonschema.RefResolver is deprecated as of v4.18.0, in favor of the https://github.com/python-jsonschema/referencing library, which provides more compliant referencing behavior as well as more flexible APIs for customization. A future release will remove RefResolver. Please file a feature request (on referencing) if you are missing an API for the kind of customization you need.
    from jsonschema import Draft7Validator, RefResolver

CAPABILITY\TESTBENCH\test_schemas.py:22
CAPABILITY\TESTBENCH\test_schemas.py:22
  D:\CCC 2.0\AI\agent-governance-system\CAPABILITY\TESTBENCH\test_schemas.py:22: DeprecationWarning: jsonschema.RefResolver is deprecated as of v4.18.0, in favor of the https://github.com/python-jsonschema/referencing library, which provides more compliant referencing behavior as well as more flexible APIs for customization. A future release will remove RefResolver. Please file a feature request (on referencing) if you are missing an API for the kind of customization you need.
    from jsonschema import Draft7Validator, RefResolver

-- Docs: https://docs.pytest.org/en/stable/how-to/capture-warnings.html
=========================== short test summary info ===========================
FAILED CAPABILITY/TESTBENCH/test_adversarial_pipeline_resume.py::test_pipeline_resume_never_skips_a_missing_step_record
FAILED CAPABILITY/TESTBENCH/test_ags_phase6_capability_pins.py::test_capability_pinned_routes_and_verifies
FAILED CAPABILITY/TESTBENCH/test_ags_phase6_capability_pins.py::test_known_but_unpinned_rejects_at_route
FAILED CAPABILITY/TESTBENCH/test_ags_phase6_capability_pins.py::test_verify_rejects_unpinned_even_if_pipeline_artifact_exists
FAILED CAPABILITY/TESTBENCH/test_ags_phase6_capability_registry.py::test_capability_registry_happy_unknown_and_tamper
FAILED CAPABILITY/TESTBENCH/test_ags_phase6_capability_revokes.py::test_revoked_capability_rejects_at_route
FAILED CAPABILITY/TESTBENCH/test_ags_phase6_capability_revokes.py::test_verify_rejects_revoked_capability
FAILED CAPABILITY/TESTBENCH/test_ags_phase6_capability_revokes.py::test_verify_passes_when_not_revoked
FAILED CAPABILITY/TESTBENCH/test_phase8_router_receipts.py::test_router_receipts_created
FAILED CAPABILITY/TESTBENCH/test_phase8_router_receipts.py::test_router_over_output_fails_closed
FAILED CAPABILITY/TESTBENCH/test_phase8_router_receipts.py::test_router_stderr_fails_closed
FAILED CAPABILITY/TESTBENCH/test_phase8_router_receipts.py::test_capability_escalation_fails_closed
================= 12 failed, 188 passed, 4 warnings in 34.12s =================
