============================= test session starts ==============================
platform linux -- Python 3.8.10, pytest-8.3.5, pluggy-1.5.0 -- /usr/bin/python
cachedir: .pytest_cache
rootdir: /mnt/d/CCC 2.0/AI/agent-governance-system
configfile: pytest.ini
plugins: anyio-4.5.2
collecting ... Traceback (most recent call last):
  File "/home/reneromero08/.local/lib/python3.8/site-packages/_pytest/main.py", line 283, in wrap_session
    session.exitstatus = doit(config, session) or 0
  File "/home/reneromero08/.local/lib/python3.8/site-packages/_pytest/main.py", line 336, in _main
    config.hook.pytest_collection(session=session)
  File "/home/reneromero08/.local/lib/python3.8/site-packages/pluggy/_hooks.py", line 513, in __call__
    return self._hookexec(self.name, self._hookimpls.copy(), kwargs, firstresult)
  File "/home/reneromero08/.local/lib/python3.8/site-packages/pluggy/_manager.py", line 120, in _hookexec
    return self._inner_hookexec(hook_name, methods, kwargs, firstresult)
  File "/home/reneromero08/.local/lib/python3.8/site-packages/pluggy/_callers.py", line 139, in _multicall
    raise exception.with_traceback(exception.__traceback__)
  File "/home/reneromero08/.local/lib/python3.8/site-packages/pluggy/_callers.py", line 122, in _multicall
    teardown.throw(exception)  # type: ignore[union-attr]
  File "/home/reneromero08/.local/lib/python3.8/site-packages/_pytest/logging.py", line 790, in pytest_collection
    return (yield)
  File "/home/reneromero08/.local/lib/python3.8/site-packages/pluggy/_callers.py", line 122, in _multicall
    teardown.throw(exception)  # type: ignore[union-attr]
  File "/home/reneromero08/.local/lib/python3.8/site-packages/_pytest/warnings.py", line 121, in pytest_collection
    return (yield)
  File "/home/reneromero08/.local/lib/python3.8/site-packages/pluggy/_callers.py", line 122, in _multicall
    teardown.throw(exception)  # type: ignore[union-attr]
  File "/home/reneromero08/.local/lib/python3.8/site-packages/_pytest/config/__init__.py", line 1417, in pytest_collection
    return (yield)
  File "/home/reneromero08/.local/lib/python3.8/site-packages/pluggy/_callers.py", line 103, in _multicall
    res = hook_impl.function(*args)
  File "/home/reneromero08/.local/lib/python3.8/site-packages/_pytest/main.py", line 347, in pytest_collection
    session.perform_collect()
  File "/home/reneromero08/.local/lib/python3.8/site-packages/_pytest/main.py", line 809, in perform_collect
    self.items.extend(self.genitems(node))
  File "/home/reneromero08/.local/lib/python3.8/site-packages/_pytest/main.py", line 975, in genitems
    yield from self.genitems(subnode)
  File "/home/reneromero08/.local/lib/python3.8/site-packages/_pytest/main.py", line 975, in genitems
    yield from self.genitems(subnode)
  File "/home/reneromero08/.local/lib/python3.8/site-packages/_pytest/main.py", line 970, in genitems
    rep, duplicate = self._collect_one_node(node, handle_dupes)
  File "/home/reneromero08/.local/lib/python3.8/site-packages/_pytest/main.py", line 835, in _collect_one_node
    rep = collect_one_node(node)
  File "/home/reneromero08/.local/lib/python3.8/site-packages/_pytest/runner.py", line 567, in collect_one_node
    rep: CollectReport = ihook.pytest_make_collect_report(collector=collector)
  File "/home/reneromero08/.local/lib/python3.8/site-packages/pluggy/_hooks.py", line 513, in __call__
    return self._hookexec(self.name, self._hookimpls.copy(), kwargs, firstresult)
  File "/home/reneromero08/.local/lib/python3.8/site-packages/pluggy/_manager.py", line 120, in _hookexec
    return self._inner_hookexec(hook_name, methods, kwargs, firstresult)
  File "/home/reneromero08/.local/lib/python3.8/site-packages/pluggy/_callers.py", line 139, in _multicall
    raise exception.with_traceback(exception.__traceback__)
  File "/home/reneromero08/.local/lib/python3.8/site-packages/pluggy/_callers.py", line 124, in _multicall
    teardown.send(result)  # type: ignore[union-attr]
  File "/home/reneromero08/.local/lib/python3.8/site-packages/_pytest/capture.py", line 881, in pytest_make_collect_report
    out, err = self.read_global_capture()
  File "/home/reneromero08/.local/lib/python3.8/site-packages/_pytest/capture.py", line 801, in read_global_capture
    return self._global_capturing.readouterr()
  File "/home/reneromero08/.local/lib/python3.8/site-packages/_pytest/capture.py", line 704, in readouterr
    out = self.out.snap() if self.out else ""
  File "/home/reneromero08/.local/lib/python3.8/site-packages/_pytest/capture.py", line 592, in snap
    self.tmpfile.truncate()
FileNotFoundError: [Errno 2] No such file or directory

During handling of the above exception, another exception occurred:

Traceback (most recent call last):
  File "/home/reneromero08/.local/lib/python3.8/site-packages/_pytest/main.py", line 303, in wrap_session
    config.notify_exception(excinfo, config.option)
  File "/home/reneromero08/.local/lib/python3.8/site-packages/_pytest/config/__init__.py", line 1173, in notify_exception
    res = self.hook.pytest_internalerror(excrepr=excrepr, excinfo=excinfo)
  File "/home/reneromero08/.local/lib/python3.8/site-packages/pluggy/_hooks.py", line 513, in __call__
    return self._hookexec(self.name, self._hookimpls.copy(), kwargs, firstresult)
  File "/home/reneromero08/.local/lib/python3.8/site-packages/pluggy/_manager.py", line 120, in _hookexec
    return self._inner_hookexec(hook_name, methods, kwargs, firstresult)
  File "/home/reneromero08/.local/lib/python3.8/site-packages/pluggy/_callers.py", line 139, in _multicall
    raise exception.with_traceback(exception.__traceback__)
  File "/home/reneromero08/.local/lib/python3.8/site-packages/pluggy/_callers.py", line 103, in _multicall
    res = hook_impl.function(*args)
  File "/home/reneromero08/.local/lib/python3.8/site-packages/_pytest/capture.py", line 911, in pytest_internalerror
    self.stop_global_capturing()
  File "/home/reneromero08/.local/lib/python3.8/site-packages/_pytest/capture.py", line 776, in stop_global_capturing
    self._global_capturing.pop_outerr_to_orig()
  File "/home/reneromero08/.local/lib/python3.8/site-packages/_pytest/capture.py", line 657, in pop_outerr_to_orig
    out, err = self.readouterr()
  File "/home/reneromero08/.local/lib/python3.8/site-packages/_pytest/capture.py", line 704, in readouterr
    out = self.out.snap() if self.out else ""
  File "/home/reneromero08/.local/lib/python3.8/site-packages/_pytest/capture.py", line 592, in snap
    self.tmpfile.truncate()
FileNotFoundError: [Errno 2] No such file or directory

During handling of the above exception, another exception occurred:

Traceback (most recent call last):
  File "/usr/lib/python3.8/runpy.py", line 194, in _run_module_as_main
    return _run_code(code, main_globals, None,
  File "/usr/lib/python3.8/runpy.py", line 87, in _run_code
    exec(code, run_globals)
  File "/home/reneromero08/.local/lib/python3.8/site-packages/pytest/__main__.py", line 9, in <module>
    raise SystemExit(pytest.console_main())
  File "/home/reneromero08/.local/lib/python3.8/site-packages/_pytest/config/__init__.py", line 201, in console_main
    code = main()
  File "/home/reneromero08/.local/lib/python3.8/site-packages/_pytest/config/__init__.py", line 175, in main
    ret: ExitCode | int = config.hook.pytest_cmdline_main(config=config)
  File "/home/reneromero08/.local/lib/python3.8/site-packages/pluggy/_hooks.py", line 513, in __call__
    return self._hookexec(self.name, self._hookimpls.copy(), kwargs, firstresult)
  File "/home/reneromero08/.local/lib/python3.8/site-packages/pluggy/_manager.py", line 120, in _hookexec
    return self._inner_hookexec(hook_name, methods, kwargs, firstresult)
  File "/home/reneromero08/.local/lib/python3.8/site-packages/pluggy/_callers.py", line 139, in _multicall
    raise exception.with_traceback(exception.__traceback__)
  File "/home/reneromero08/.local/lib/python3.8/site-packages/pluggy/_callers.py", line 103, in _multicall
    res = hook_impl.function(*args)
  File "/home/reneromero08/.local/lib/python3.8/site-packages/_pytest/main.py", line 330, in pytest_cmdline_main
    return wrap_session(config, _main)
  File "/home/reneromero08/.local/lib/python3.8/site-packages/_pytest/main.py", line 325, in wrap_session
    config._ensure_unconfigure()
  File "/home/reneromero08/.local/lib/python3.8/site-packages/_pytest/config/__init__.py", line 1127, in _ensure_unconfigure
    fin()
  File "/home/reneromero08/.local/lib/python3.8/site-packages/_pytest/capture.py", line 776, in stop_global_capturing
    self._global_capturing.pop_outerr_to_orig()
  File "/home/reneromero08/.local/lib/python3.8/site-packages/_pytest/capture.py", line 657, in pop_outerr_to_orig
    out, err = self.readouterr()
  File "/home/reneromero08/.local/lib/python3.8/site-packages/_pytest/capture.py", line 704, in readouterr
    out = self.out.snap() if self.out else ""
  File "/home/reneromero08/.local/lib/python3.8/site-packages/_pytest/capture.py", line 592, in snap
    self.tmpfile.truncate()
FileNotFoundError: [Errno 2] No such file or directory
collected 0 items

============================ no tests ran in 0.58s =============================
