============================= test session starts =============================
platform win32 -- Python 3.11.6, pytest-9.0.2, pluggy-1.6.0 -- C:\Users\rene_\AppData\Local\Programs\Python\Python311\python.exe
cachedir: .pytest_cache
rootdir: D:\CCC 2.0\AI\agent-governance-system
configfile: pytest.ini
plugins: anyio-4.12.0
collecting ... collected 16 items

CAPABILITY/TESTBENCH/test_ags_phase6_capability_pins.py::test_capability_pinned_routes_and_verifies FAILED [  6%]
CAPABILITY/TESTBENCH/test_ags_phase6_capability_pins.py::test_known_but_unpinned_rejects_at_route PASSED [ 12%]
CAPABILITY/TESTBENCH/test_ags_phase6_capability_pins.py::test_verify_rejects_unpinned_even_if_pipeline_artifact_exists FAILED [ 18%]
CAPABILITY/TESTBENCH/test_ags_phase6_capability_revokes.py::test_revoked_capability_rejects_at_route PASSED [ 25%]
CAPABILITY/TESTBENCH/test_ags_phase6_capability_revokes.py::test_verify_rejects_revoked_capability FAILED [ 31%]
CAPABILITY/TESTBENCH/test_ags_phase6_capability_revokes.py::test_verify_passes_when_not_revoked FAILED [ 37%]
CAPABILITY/TESTBENCH/test_ags_phase6_capability_revokes.py::test_historical_pipeline_verifies_after_revocation PASSED [ 43%]
CAPABILITY/TESTBENCH/test_ags_phase6_capability_versioning_semantics.py::test_capability_versioning_in_place_upgrade_rejected PASSED [ 50%]
CAPABILITY/TESTBENCH/test_ags_phase6_registry_immutability.py::test_registry_duplicate_capability_hash_rejects PASSED [ 56%]
CAPABILITY/TESTBENCH/test_ags_phase6_registry_immutability.py::test_registry_noncanonical_json_rejects PASSED [ 62%]
CAPABILITY/TESTBENCH/test_ags_phase6_registry_immutability.py::test_registry_tamper_detected_fail_closed PASSED [ 68%]
CAPABILITY/TESTBENCH/test_phase8_router_receipts.py::test_router_receipts_created PASSED [ 75%]
CAPABILITY/TESTBENCH/test_phase8_router_receipts.py::test_router_over_output_fails_closed PASSED [ 81%]
CAPABILITY/TESTBENCH/test_phase8_router_receipts.py::test_router_stderr_fails_closed PASSED [ 87%]
CAPABILITY/TESTBENCH/test_phase8_router_receipts.py::test_malformed_plan_fails_schema_validation PASSED [ 93%]
CAPABILITY/TESTBENCH/test_phase8_router_receipts.py::test_capability_escalation_fails_closed PASSED [100%]

================================== FAILURES ===================================
_________________ test_capability_pinned_routes_and_verifies __________________

tmp_path = WindowsPath('C:/Users/rene_/AppData/Local/Temp/pytest-of-Reneshizzle/pytest-271/test_capability_pinned_routes_0')

    def test_capability_pinned_routes_and_verifies(tmp_path: Path) -> None:
        pipeline_id = "ags-capability-pins-ok"
        plan_path = tmp_path / "plan.json"
        plan_path.write_text(json.dumps({"plan_version": "1.0", "steps": [{"step_id": "s1", "capability_hash": CAP}]}), encoding="utf-8")
    
        pins_path = tmp_path / "PINS.json"
        pins_path.write_bytes(_canon({"pins_version": "1.0.0", "allowed_capabilities": [CAP]}))
    
        env = dict(os.environ)
        env["CATALYTIC_PINS_PATH"] = str(pins_path)
    
        # The v1 capability is pinned to a concrete ant-worker command that expects these files.
        reg_root = REPO_ROOT / "LAW" / "CONTRACTS" / "_runs" / "_tmp" / "phase65_registry"
        task_path = reg_root / "task.json"
        in_path = reg_root / "in.txt"
        out_path = reg_root / "out.txt"
        (reg_root / "domain").mkdir(parents=True, exist_ok=True)
        in_path.write_bytes(b"PHASE66\n")
        task_path.write_text(
            json.dumps(
                {
                    "task_id": "ant-worker-copy",
                    "task_type": "file_operation",
                    "operation": "copy",
                    "verify_integrity": True,
                    "timestamp": "CATALYTIC-DPT-02_CONFIG",
                    "files": [{"source": str(in_path), "destination": str(out_path)}],
                }
            ),
            encoding="utf-8",
        )
    
        pipeline_dir = REPO_ROOT / "LAW" / "CONTRACTS" / "_runs" / "_pipelines" / pipeline_id
        run_dir = REPO_ROOT / "LAW" / "CONTRACTS" / "_runs" / "pipeline-ags-capability-pins-ok-s1-a1"
    
        try:
            _rm(pipeline_dir)
            _rm(run_dir)
            _rm(reg_root)
            (reg_root / "domain").mkdir(parents=True, exist_ok=True)
            in_path.write_bytes(b"PHASE66\n")
            task_path.write_text(
                json.dumps(
                    {
                        "task_id": "ant-worker-copy",
                        "task_type": "file_operation",
                        "operation": "copy",
                        "verify_integrity": True,
                        "timestamp": "CATALYTIC-DPT-02_CONFIG",
                        "files": [{"source": str(in_path), "destination": str(out_path)}],
                    }
                ),
                encoding="utf-8",
            )
    
            r_route = _run([sys.executable, "-m", "CAPABILITY.TOOLS.ags", "route", "--plan", str(plan_path), "--pipeline-id", pipeline_id], env=env)
            assert r_route.returncode == 0, r_route.stdout + r_route.stderr
    
            r_run = _run([sys.executable, "-m", "CAPABILITY.TOOLS.ags", "run", "--pipeline-id", pipeline_id, "--strict", "--allow-dirty-tracked"], env=env)
>           assert r_run.returncode == 0, r_run.stdout + r_run.stderr
E           AssertionError: {"verdict":"ALLOW","reasons":[],"normalized_paths":{"read":[],"write":["LAW/CONTRACTS/_runs"]},"policy_version":"1"}
E             [catalytic] Starting catalytic run: pipeline-ags-capability-pins-ok-s1-a1
E             [catalytic] Phase 0: Preflight validation...
E             [catalytic] Preflight passed: JobSpec is valid
E             [catalytic] Phase 1: Capturing pre-snapshots...
E             [catalytic] Snapshots pre: LAW\CONTRACTS\_runs\_tmp\phase65_registry\domain (0 files)
E             [catalytic] Memoization HIT: dd9e593f4fdf523dc12c5a7ec48b2cd26059de923d270cb1ef7e3b444acf1c97
E             [catalytic] Snapshots post: LAW\CONTRACTS\_runs\_tmp\phase65_registry\domain (0 files)
E             [catalytic] Canonical artifact set written to D:\CCC 2.0\AI\agent-governance-system\LAW\CONTRACTS\_runs\pipeline-ags-capability-pins-ok-s1-a1
E             [catalytic] PROOF.json: verified=True, condition=RESTORED_IDENTICAL
E             [catalytic] Canonical artifact set written to D:\CCC 2.0\AI\agent-governance-system\LAW\CONTRACTS\_runs\pipeline-ags-capability-pins-ok-s1-a1
E             [catalytic] PROOF.json: verified=True, condition=RESTORED_IDENTICAL
E             pipeline_id: ags-capability-pins-ok
E             steps_total: 1
E             steps_completed: 1
E             next_step: NONE
E             s1: DONE run_id=pipeline-ags-capability-pins-ok-s1-a1
E             FAIL code=CAPABILITIES_REGISTRY_INVALID
E             AGS: running pipeline
E             AGS: verifying pipeline (fail-closed)
E             FAIL pipeline verify rc=1
E             
E           assert 1 == 0
E            +  where 1 = CompletedProcess(args=['C:\\Users\\rene_\\AppData\\Local\\Programs\\Python\\Python311\\python.exe', '-m', 'CAPABILITY.TOOLS.ags', 'run', '--pipeline-id', 'ags-capability-pins-ok', '--strict', '--allow-dirty-tracked'], returncode=1, stdout='{"verdict":"ALLOW","reasons":[],"normalized_paths":{"read":[],"write":["LAW/CONTRACTS/_runs"]},"policy_version":"1"}\n[catalytic] Starting catalytic run: pipeline-ags-capability-pins-ok-s1-a1\n[catalytic] Phase 0: Preflight validation...\n[catalytic] Preflight passed: JobSpec is valid\n[catalytic] Phase 1: Capturing pre-snapshots...\n[catalytic] Snapshots pre: LAW\\CONTRACTS\\_runs\\_tmp\\phase65_registry\\domain (0 files)\n[catalytic] Memoization HIT: dd9e593f4fdf523dc12c5a7ec48b2cd26059de923d270cb1ef7e3b444acf1c97\n[catalytic] Snapshots post: LAW\\CONTRACTS\\_runs\\_tmp\\phase65_registry\\domain (0 files)\n[catalytic] Canonical artifact set written to D:\\CCC 2.0\\AI\\agent-governance-system\\LAW\\CONTRACTS\\_runs\\pipeline-ags-capability-pins-ok-s1-a1\n[catalytic] PROOF.json: verified=True, condition=RESTORED_IDENTICAL\n[catalytic] Canonical artifact set written to D:\\CCC 2.0\\AI\\agent-governance-system\\LAW\\CONTRACTS\\_runs\\pipeline-ags-capability-pins-ok-s1-a1\n[catalytic] PROOF.json: verified=True, condition=RESTORED_IDENTICAL\npipeline_id: ags-capability-pins-ok\nsteps_total: 1\nsteps_completed: 1\nnext_step: NONE\ns1: DONE run_id=pipeline-ags-capability-pins-ok-s1-a1\nFAIL code=CAPABILITIES_REGISTRY_INVALID\nAGS: running pipeline\nAGS: verifying pipeline (fail-closed)\nFAIL pipeline verify rc=1\n', stderr='').returncode

CAPABILITY\TESTBENCH\test_ags_phase6_capability_pins.py:92: AssertionError
________ test_verify_rejects_unpinned_even_if_pipeline_artifact_exists ________

tmp_path = WindowsPath('C:/Users/rene_/AppData/Local/Temp/pytest-of-Reneshizzle/pytest-271/test_verify_rejects_unpinned_e0')

    def test_verify_rejects_unpinned_even_if_pipeline_artifact_exists(tmp_path: Path) -> None:
        pipeline_id = "ags-capability-pins-verify-bypass"
        pipeline_dir = REPO_ROOT / "LAW" / "CONTRACTS" / "_runs" / "_pipelines" / pipeline_id
        run_id = "pipeline-ags-capability-pins-verify-bypass-s1-a1"
        run_dir = REPO_ROOT / "LAW" / "CONTRACTS" / "_runs" / run_id
    
        pins_path = tmp_path / "PINS.json"
        pins_path.write_bytes(_canon({"pins_version": "1.0.0", "allowed_capabilities": [CAP]}))
    
        env = dict(os.environ)
        env["CATALYTIC_PINS_PATH"] = str(pins_path)
    
        reg_root = REPO_ROOT / "LAW" / "CONTRACTS" / "_runs" / "_tmp" / "phase65_registry"
        task_path = reg_root / "task.json"
        in_path = reg_root / "in.txt"
        out_path = reg_root / "out.txt"
    
        try:
            _rm(pipeline_dir)
            _rm(run_dir)
            _rm(reg_root)
            (reg_root / "domain").mkdir(parents=True, exist_ok=True)
            in_path.write_bytes(b"PHASE66\n")
            task_path.write_text(
                json.dumps(
                    {
                        "task_id": "ant-worker-copy",
                        "task_type": "file_operation",
                        "operation": "copy",
                        "verify_integrity": True,
                        "timestamp": "CATALYTIC-DPT-02_CONFIG",
                        "files": [{"source": str(in_path), "destination": str(out_path)}],
                    }
                ),
                encoding="utf-8",
            )
    
            # Create a real run with the pinned capability (using default pins).
            plan_ok = tmp_path / "plan_ok.json"
            plan_ok.write_text(json.dumps({"plan_version": "1.0", "steps": [{"step_id": "s1", "capability_hash": CAP}]}), encoding="utf-8")
            r_route_ok = subprocess.run(
                [sys.executable, "-m", "CAPABILITY.TOOLS.ags", "route", "--plan", str(plan_ok), "--pipeline-id", pipeline_id],
                cwd=str(REPO_ROOT),
                capture_output=True,
                text=True,
            )
>           assert r_route_ok.returncode == 0, r_route_ok.stdout + r_route_ok.stderr
E           AssertionError: ERROR: REGISTRY_NONCANONICAL
E             
E           assert 2 == 0
E            +  where 2 = CompletedProcess(args=['C:\\Users\\rene_\\AppData\\Local\\Programs\\Python\\Python311\\python.exe', '-m', 'CAPABILITY.TOOLS.ags', 'route', '--plan', 'C:\\Users\\rene_\\AppData\\Local\\Temp\\pytest-of-Reneshizzle\\pytest-271\\test_verify_rejects_unpinned_e0\\plan_ok.json', '--pipeline-id', 'ags-capability-pins-verify-bypass'], returncode=2, stdout='', stderr='ERROR: REGISTRY_NONCANONICAL\n').returncode

CAPABILITY\TESTBENCH\test_ags_phase6_capability_pins.py:170: AssertionError
___________________ test_verify_rejects_revoked_capability ____________________

tmp_path = WindowsPath('C:/Users/rene_/AppData/Local/Temp/pytest-of-Reneshizzle/pytest-271/test_verify_rejects_revoked_ca0')

    def test_verify_rejects_revoked_capability(tmp_path):
        """
        Pipeline verify must reject if capability is revoked, even if route succeeded earlier.
    
        NOTE: This test calls catalytic pipeline verify directly. Without a full pipeline run,
        the verify will fail with CHAIN_MISSING before reaching the revocation check.
        The key governance gate is at ROUTE time (tested separately).
    
        This test verifies that:
        1. Route succeeds when not revoked
        2. Verify fails (for any reason) when revoked - CHAIN_MISSING is acceptable
           because a real pipeline would have been blocked at route time
        """
        pipeline_id = "test-verify-revocation"
        pipeline_dir = REPO_ROOT / "LAW" / "CONTRACTS" / "_runs" / "_pipelines" / pipeline_id
    
        # Create revokes files
        empty_revokes = tmp_path / "REVOKES_EMPTY.json"
        empty_revokes.write_bytes(_canon({"revokes_version": "1.0.0", "revoked_capabilities": []}))
    
        revoked_revokes = tmp_path / "REVOKES_REVOKED.json"
        revoked_revokes.write_bytes(_canon({"revokes_version": "1.0.0", "revoked_capabilities": [CAP]}))
    
        # Env with no revocation (for route)
        env_route = dict(os.environ)
        env_route["CATALYTIC_CAPABILITIES_PATH"] = str(REPO_ROOT / "LAW" / "CANON" / "CAPABILITIES.json")
        env_route["CATALYTIC_PINS_PATH"] = str(REPO_ROOT / "LAW" / "CANON" / "CAPABILITY_PINS.json")
        env_route["CATALYTIC_REVOKES_PATH"] = str(empty_revokes)
    
        plan_path = tmp_path / "plan.json"
        plan_path.write_text(json.dumps({
            "plan_version": "1.0",
            "steps": [{"step_id": "s1", "capability_hash": CAP}]
        }))
    
        try:
            _rm(pipeline_dir)
    
            # Route should succeed (capability not revoked yet)
            cmd_route = [sys.executable, "-m", "CAPABILITY.TOOLS.ags", "route", "--plan", str(plan_path), "--pipeline-id", pipeline_id]
            r_route = _run(cmd_route, env_route)
>           assert r_route.returncode == 0, f"Route should succeed: {r_route.stderr}"
E           AssertionError: Route should succeed: ERROR: REGISTRY_NONCANONICAL
E             
E           assert 2 == 0
E            +  where 2 = CompletedProcess(args=['C:\\Users\\rene_\\AppData\\Local\\Programs\\Python\\Python311\\python.exe', '-m', 'CAPABILITY.TOOLS.ags', 'route', '--plan', 'C:\\Users\\rene_\\AppData\\Local\\Temp\\pytest-of-Reneshizzle\\pytest-271\\test_verify_rejects_revoked_ca0\\plan.json', '--pipeline-id', 'test-verify-revocation'], returncode=2, stdout='', stderr='ERROR: REGISTRY_NONCANONICAL\n').returncode

CAPABILITY\TESTBENCH\test_ags_phase6_capability_revokes.py:108: AssertionError
_____________________ test_verify_passes_when_not_revoked _____________________

tmp_path = WindowsPath('C:/Users/rene_/AppData/Local/Temp/pytest-of-Reneshizzle/pytest-271/test_verify_passes_when_not_re0')

    def test_verify_passes_when_not_revoked(tmp_path):
        """
        Pipeline verify should not falsely report REVOKED_CAPABILITY when capability is not revoked.
        """
        pipeline_id = "test-verify-no-revocation"
        pipeline_dir = REPO_ROOT / "LAW" / "CONTRACTS" / "_runs" / "_pipelines" / pipeline_id
    
        # Empty revokes
        empty_revokes = tmp_path / "REVOKES_EMPTY.json"
        empty_revokes.write_bytes(_canon({"revokes_version": "1.0.0", "revoked_capabilities": []}))
    
        env = dict(os.environ)
        env["CATALYTIC_CAPABILITIES_PATH"] = str(REPO_ROOT / "LAW" / "CANON" / "CAPABILITIES.json")
        env["CATALYTIC_PINS_PATH"] = str(REPO_ROOT / "LAW" / "CANON" / "CAPABILITY_PINS.json")
        env["CATALYTIC_REVOKES_PATH"] = str(empty_revokes)
    
        plan_path = tmp_path / "plan.json"
        plan_path.write_text(json.dumps({
            "plan_version": "1.0",
            "steps": [{"step_id": "s1", "capability_hash": CAP}]
        }))
    
        try:
            _rm(pipeline_dir)
    
            # Route
            cmd_route = [sys.executable, "-m", "CAPABILITY.TOOLS.ags", "route", "--plan", str(plan_path), "--pipeline-id", pipeline_id]
            r_route = _run(cmd_route, env)
>           assert r_route.returncode == 0, f"Route should succeed: {r_route.stderr}"
E           AssertionError: Route should succeed: ERROR: REGISTRY_NONCANONICAL
E             
E           assert 2 == 0
E            +  where 2 = CompletedProcess(args=['C:\\Users\\rene_\\AppData\\Local\\Programs\\Python\\Python311\\python.exe', '-m', 'CAPABILITY.TOOLS.ags', 'route', '--plan', 'C:\\Users\\rene_\\AppData\\Local\\Temp\\pytest-of-Reneshizzle\\pytest-271\\test_verify_passes_when_not_re0\\plan.json', '--pipeline-id', 'test-verify-no-revocation'], returncode=2, stdout='', stderr='ERROR: REGISTRY_NONCANONICAL\n').returncode

CAPABILITY\TESTBENCH\test_ags_phase6_capability_revokes.py:157: AssertionError
=========================== short test summary info ===========================
FAILED CAPABILITY/TESTBENCH/test_ags_phase6_capability_pins.py::test_capability_pinned_routes_and_verifies - AssertionError: {"verdict":"ALLOW","reasons":[],"normalized_paths":{"read":[],"write":["LAW/CONTRACTS/_runs"]},"policy_version":"1"}
  [catalytic] Starting catalytic run: pipeline-ags-capability-pins-ok-s1-a1
  [catalytic] Phase 0: Preflight validation...
  [catalytic] Preflight passed: JobSpec is valid
  [catalytic] Phase 1: Capturing pre-snapshots...
  [catalytic] Snapshots pre: LAW\CONTRACTS\_runs\_tmp\phase65_registry\domain (0 files)
  [catalytic] Memoization HIT: dd9e593f4fdf523dc12c5a7ec48b2cd26059de923d270cb1ef7e3b444acf1c97
  [catalytic] Snapshots post: LAW\CONTRACTS\_runs\_tmp\phase65_registry\domain (0 files)
  [catalytic] Canonical artifact set written to D:\CCC 2.0\AI\agent-governance-system\LAW\CONTRACTS\_runs\pipeline-ags-capability-pins-ok-s1-a1
  [catalytic] PROOF.json: verified=True, condition=RESTORED_IDENTICAL
  [catalytic] Canonical artifact set written to D:\CCC 2.0\AI\agent-governance-system\LAW\CONTRACTS\_runs\pipeline-ags-capability-pins-ok-s1-a1
  [catalytic] PROOF.json: verified=True, condition=RESTORED_IDENTICAL
  pipeline_id: ags-capability-pins-ok
  steps_total: 1
  steps_completed: 1
  next_step: NONE
  s1: DONE run_id=pipeline-ags-capability-pins-ok-s1-a1
  FAIL code=CAPABILITIES_REGISTRY_INVALID
  AGS: running pipeline
  AGS: verifying pipeline (fail-closed)
  FAIL pipeline verify rc=1
  
assert 1 == 0
 +  where 1 = CompletedProcess(args=['C:\\Users\\rene_\\AppData\\Local\\Programs\\Python\\Python311\\python.exe', '-m', 'CAPABILITY.TOOLS.ags', 'run', '--pipeline-id', 'ags-capability-pins-ok', '--strict', '--allow-dirty-tracked'], returncode=1, stdout='{"verdict":"ALLOW","reasons":[],"normalized_paths":{"read":[],"write":["LAW/CONTRACTS/_runs"]},"policy_version":"1"}\n[catalytic] Starting catalytic run: pipeline-ags-capability-pins-ok-s1-a1\n[catalytic] Phase 0: Preflight validation...\n[catalytic] Preflight passed: JobSpec is valid\n[catalytic] Phase 1: Capturing pre-snapshots...\n[catalytic] Snapshots pre: LAW\\CONTRACTS\\_runs\\_tmp\\phase65_registry\\domain (0 files)\n[catalytic] Memoization HIT: dd9e593f4fdf523dc12c5a7ec48b2cd26059de923d270cb1ef7e3b444acf1c97\n[catalytic] Snapshots post: LAW\\CONTRACTS\\_runs\\_tmp\\phase65_registry\\domain (0 files)\n[catalytic] Canonical artifact set written to D:\\CCC 2.0\\AI\\agent-governance-system\\LAW\\CONTRACTS\\_runs\\pipeline-ags-capability-pins-ok-s1-a1\n[catalytic] PROOF.json: verified=True, condition=RESTORED_IDENTICAL\n[catalytic] Canonical artifact set written to D:\\CCC 2.0\\AI\\agent-governance-system\\LAW\\CONTRACTS\\_runs\\pipeline-ags-capability-pins-ok-s1-a1\n[catalytic] PROOF.json: verified=True, condition=RESTORED_IDENTICAL\npipeline_id: ags-capability-pins-ok\nsteps_total: 1\nsteps_completed: 1\nnext_step: NONE\ns1: DONE run_id=pipeline-ags-capability-pins-ok-s1-a1\nFAIL code=CAPABILITIES_REGISTRY_INVALID\nAGS: running pipeline\nAGS: verifying pipeline (fail-closed)\nFAIL pipeline verify rc=1\n', stderr='').returncode
FAILED CAPABILITY/TESTBENCH/test_ags_phase6_capability_pins.py::test_verify_rejects_unpinned_even_if_pipeline_artifact_exists - AssertionError: ERROR: REGISTRY_NONCANONICAL
  
assert 2 == 0
 +  where 2 = CompletedProcess(args=['C:\\Users\\rene_\\AppData\\Local\\Programs\\Python\\Python311\\python.exe', '-m', 'CAPABILITY.TOOLS.ags', 'route', '--plan', 'C:\\Users\\rene_\\AppData\\Local\\Temp\\pytest-of-Reneshizzle\\pytest-271\\test_verify_rejects_unpinned_e0\\plan_ok.json', '--pipeline-id', 'ags-capability-pins-verify-bypass'], returncode=2, stdout='', stderr='ERROR: REGISTRY_NONCANONICAL\n').returncode
FAILED CAPABILITY/TESTBENCH/test_ags_phase6_capability_revokes.py::test_verify_rejects_revoked_capability - AssertionError: Route should succeed: ERROR: REGISTRY_NONCANONICAL
  
assert 2 == 0
 +  where 2 = CompletedProcess(args=['C:\\Users\\rene_\\AppData\\Local\\Programs\\Python\\Python311\\python.exe', '-m', 'CAPABILITY.TOOLS.ags', 'route', '--plan', 'C:\\Users\\rene_\\AppData\\Local\\Temp\\pytest-of-Reneshizzle\\pytest-271\\test_verify_rejects_revoked_ca0\\plan.json', '--pipeline-id', 'test-verify-revocation'], returncode=2, stdout='', stderr='ERROR: REGISTRY_NONCANONICAL\n').returncode
FAILED CAPABILITY/TESTBENCH/test_ags_phase6_capability_revokes.py::test_verify_passes_when_not_revoked - AssertionError: Route should succeed: ERROR: REGISTRY_NONCANONICAL
  
assert 2 == 0
 +  where 2 = CompletedProcess(args=['C:\\Users\\rene_\\AppData\\Local\\Programs\\Python\\Python311\\python.exe', '-m', 'CAPABILITY.TOOLS.ags', 'route', '--plan', 'C:\\Users\\rene_\\AppData\\Local\\Temp\\pytest-of-Reneshizzle\\pytest-271\\test_verify_passes_when_not_re0\\plan.json', '--pipeline-id', 'test-verify-no-revocation'], returncode=2, stdout='', stderr='ERROR: REGISTRY_NONCANONICAL\n').returncode
======================== 4 failed, 12 passed in 8.19s =========================
