============================= test session starts =============================
platform win32 -- Python 3.11.6, pytest-9.0.2, pluggy-1.6.0
rootdir: D:\CCC 2.0\AI\agent-governance-system
configfile: pytest.ini
plugins: anyio-4.12.0
collected 4 items

DEBUG: execute cmd=['C:\\Users\\rene_\\AppData\\Local\\Programs\\Python\\Python311\\python.exe', '-c', "from pathlib import Path;Path('NAVIGATION/CORTEX/_generated/_tmp/pipeline-verify-ok_verify_step1_out.txt').parent.mkdir(parents=True, exist_ok=True);Path('NAVIGATION/CORTEX/_generated/_tmp/pipeline-verify-ok_verify_step1_out.txt').write_text('ONE', encoding='utf-8')"]
CAPABILITY\TESTBENCH\test_pipeline_verify_cli.py [catalytic] Starting catalytic run: pipeline-pipeline-verify-ok-s1-a1
[catalytic] Phase 0: Preflight validation...
[catalytic] Preflight passed: JobSpec is valid
[catalytic] Phase 1: Capturing pre-snapshots...
[catalytic] Snapshots pre: LAW\CONTRACTS\_runs\_tmp\pipeline_verify_ok\domain (0 files)
[catalytic] Phase 2: Executing command: C:\Users\rene_\AppData\Local\Programs\Python\Python311\python.exe -c from pathlib import Path;Path('NAVIGATION/CORTEX/_generated/_tmp/pipeline-verify-ok_verify_step1_out.txt').parent.mkdir(parents=True, exist_ok=True);Path('NAVIGATION/CORTEX/_generated/_tmp/pipeline-verify-ok_verify_step1_out.txt').write_text('ONE', encoding='utf-8')
[catalytic] Command exited with code 0
[catalytic] Phase 3: Capturing post-snapshots...
[catalytic] Snapshots post: LAW\CONTRACTS\_runs\_tmp\pipeline_verify_ok\domain (0 files)
[catalytic] Phase 4: Verifying restoration...
[catalytic] SUCCESS: Catalytic domains fully restored
[catalytic] Phase 5: Writing canonical artifact set...
[catalytic] Canonical artifact set written to D:\CCC 2.0\AI\agent-governance-system\LAW\CONTRACTS\_runs\pipeline-pipeline-verify-ok-s1-a1
[catalytic] PROOF.json: verified=True, condition=RESTORED_IDENTICAL
[catalytic] Run completed successfully with verified restoration.
DEBUG: execute cmd=['C:\\Users\\rene_\\AppData\\Local\\Programs\\Python\\Python311\\python.exe', '-c', "from pathlib import Path;Path('NAVIGATION/CORTEX/_generated/_tmp/pipeline-verify-ok_verify_step2_out.txt').parent.mkdir(parents=True, exist_ok=True);Path('NAVIGATION/CORTEX/_generated/_tmp/pipeline-verify-ok_verify_step2_out.txt').write_text('TWO', encoding='utf-8')"]
[catalytic] Starting catalytic run: pipeline-pipeline-verify-ok-s2-a1
[catalytic] Phase 0: Preflight validation...
[catalytic] Preflight passed: JobSpec is valid
[catalytic] Phase 1: Capturing pre-snapshots...
[catalytic] Snapshots pre: LAW\CONTRACTS\_runs\_tmp\pipeline_verify_ok\domain (0 files)
[catalytic] Phase 2: Executing command: C:\Users\rene_\AppData\Local\Programs\Python\Python311\python.exe -c from pathlib import Path;Path('NAVIGATION/CORTEX/_generated/_tmp/pipeline-verify-ok_verify_step2_out.txt').parent.mkdir(parents=True, exist_ok=True);Path('NAVIGATION/CORTEX/_generated/_tmp/pipeline-verify-ok_verify_step2_out.txt').write_text('TWO', encoding='utf-8')
[catalytic] Command exited with code 0
[catalytic] Phase 3: Capturing post-snapshots...
[catalytic] Snapshots post: LAW\CONTRACTS\_runs\_tmp\pipeline_verify_ok\domain (0 files)
[catalytic] Phase 4: Verifying restoration...
[catalytic] SUCCESS: Catalytic domains fully restored
[catalytic] Phase 5: Writing canonical artifact set...
[catalytic] Canonical artifact set written to D:\CCC 2.0\AI\agent-governance-system\LAW\CONTRACTS\_runs\pipeline-pipeline-verify-ok-s2-a1
[catalytic] PROOF.json: verified=True, condition=RESTORED_IDENTICAL
[catalytic] Run completed successfully with verified restoration.
DEBUG: execute cmd=['C:\\Users\\rene_\\AppData\\Local\\Programs\\Python\\Python311\\python.exe', '-c', "from pathlib import Path;Path('NAVIGATION/CORTEX/_generated/_tmp/pipeline-verify-missing_verify_step1_out.txt').parent.mkdir(parents=True, exist_ok=True);Path('NAVIGATION/CORTEX/_generated/_tmp/pipeline-verify-missing_verify_step1_out.txt').write_text('ONE', encoding='utf-8')"]
F[catalytic] Starting catalytic run: pipeline-pipeline-verify-missing-s1-a1
[catalytic] Phase 0: Preflight validation...
[catalytic] Preflight passed: JobSpec is valid
[catalytic] Phase 1: Capturing pre-snapshots...
[catalytic] Snapshots pre: LAW\CONTRACTS\_runs\_tmp\pipeline_verify_missing\domain (0 files)
[catalytic] Phase 2: Executing command: C:\Users\rene_\AppData\Local\Programs\Python\Python311\python.exe -c from pathlib import Path;Path('NAVIGATION/CORTEX/_generated/_tmp/pipeline-verify-missing_verify_step1_out.txt').parent.mkdir(parents=True, exist_ok=True);Path('NAVIGATION/CORTEX/_generated/_tmp/pipeline-verify-missing_verify_step1_out.txt').write_text('ONE', encoding='utf-8')
[catalytic] Command exited with code 0
[catalytic] Phase 3: Capturing post-snapshots...
[catalytic] Snapshots post: LAW\CONTRACTS\_runs\_tmp\pipeline_verify_missing\domain (0 files)
[catalytic] Phase 4: Verifying restoration...
[catalytic] SUCCESS: Catalytic domains fully restored
[catalytic] Phase 5: Writing canonical artifact set...
[catalytic] Canonical artifact set written to D:\CCC 2.0\AI\agent-governance-system\LAW\CONTRACTS\_runs\pipeline-pipeline-verify-missing-s1-a1
[catalytic] PROOF.json: verified=True, condition=RESTORED_IDENTICAL
[catalytic] Run completed successfully with verified restoration.
DEBUG: execute cmd=['C:\\Users\\rene_\\AppData\\Local\\Programs\\Python\\Python311\\python.exe', '-c', "from pathlib import Path;Path('NAVIGATION/CORTEX/_generated/_tmp/pipeline-verify-missing_verify_step2_out.txt').parent.mkdir(parents=True, exist_ok=True);Path('NAVIGATION/CORTEX/_generated/_tmp/pipeline-verify-missing_verify_step2_out.txt').write_text('TWO', encoding='utf-8')"]
[catalytic] Starting catalytic run: pipeline-pipeline-verify-missing-s2-a1
[catalytic] Phase 0: Preflight validation...
[catalytic] Preflight passed: JobSpec is valid
[catalytic] Phase 1: Capturing pre-snapshots...
[catalytic] Snapshots pre: LAW\CONTRACTS\_runs\_tmp\pipeline_verify_missing\domain (0 files)
[catalytic] Phase 2: Executing command: C:\Users\rene_\AppData\Local\Programs\Python\Python311\python.exe -c from pathlib import Path;Path('NAVIGATION/CORTEX/_generated/_tmp/pipeline-verify-missing_verify_step2_out.txt').parent.mkdir(parents=True, exist_ok=True);Path('NAVIGATION/CORTEX/_generated/_tmp/pipeline-verify-missing_verify_step2_out.txt').write_text('TWO', encoding='utf-8')
[catalytic] Command exited with code 0
[catalytic] Phase 3: Capturing post-snapshots...
[catalytic] Snapshots post: LAW\CONTRACTS\_runs\_tmp\pipeline_verify_missing\domain (0 files)
[catalytic] Phase 4: Verifying restoration...
[catalytic] SUCCESS: Catalytic domains fully restored
[catalytic] Phase 5: Writing canonical artifact set...
[catalytic] Canonical artifact set written to D:\CCC 2.0\AI\agent-governance-system\LAW\CONTRACTS\_runs\pipeline-pipeline-verify-missing-s2-a1
[catalytic] PROOF.json: verified=True, condition=RESTORED_IDENTICAL
[catalytic] Run completed successfully with verified restoration.
DEBUG: execute cmd=['C:\\Users\\rene_\\AppData\\Local\\Programs\\Python\\Python311\\python.exe', '-c', "from pathlib import Path;Path('NAVIGATION/CORTEX/_generated/_tmp/pipeline-verify-chain-tamper_verify_step1_out.txt').parent.mkdir(parents=True, exist_ok=True);Path('NAVIGATION/CORTEX/_generated/_tmp/pipeline-verify-chain-tamper_verify_step1_out.txt').write_text('ONE', encoding='utf-8')"]
F[catalytic] Starting catalytic run: pipeline-pipeline-verify-chain-tamper-s1-a1
[catalytic] Phase 0: Preflight validation...
[catalytic] Preflight passed: JobSpec is valid
[catalytic] Phase 1: Capturing pre-snapshots...
[catalytic] Snapshots pre: LAW\CONTRACTS\_runs\_tmp\pipeline_verify_chain_tamper\domain (0 files)
[catalytic] Phase 2: Executing command: C:\Users\rene_\AppData\Local\Programs\Python\Python311\python.exe -c from pathlib import Path;Path('NAVIGATION/CORTEX/_generated/_tmp/pipeline-verify-chain-tamper_verify_step1_out.txt').parent.mkdir(parents=True, exist_ok=True);Path('NAVIGATION/CORTEX/_generated/_tmp/pipeline-verify-chain-tamper_verify_step1_out.txt').write_text('ONE', encoding='utf-8')
[catalytic] Command exited with code 0
[catalytic] Phase 3: Capturing post-snapshots...
[catalytic] Snapshots post: LAW\CONTRACTS\_runs\_tmp\pipeline_verify_chain_tamper\domain (0 files)
[catalytic] Phase 4: Verifying restoration...
[catalytic] SUCCESS: Catalytic domains fully restored
[catalytic] Phase 5: Writing canonical artifact set...
[catalytic] Canonical artifact set written to D:\CCC 2.0\AI\agent-governance-system\LAW\CONTRACTS\_runs\pipeline-pipeline-verify-chain-tamper-s1-a1
[catalytic] PROOF.json: verified=True, condition=RESTORED_IDENTICAL
[catalytic] Run completed successfully with verified restoration.
DEBUG: execute cmd=['C:\\Users\\rene_\\AppData\\Local\\Programs\\Python\\Python311\\python.exe', '-c', "from pathlib import Path;Path('NAVIGATION/CORTEX/_generated/_tmp/pipeline-verify-chain-tamper_verify_step2_out.txt').parent.mkdir(parents=True, exist_ok=True);Path('NAVIGATION/CORTEX/_generated/_tmp/pipeline-verify-chain-tamper_verify_step2_out.txt').write_text('TWO', encoding='utf-8')"]
[catalytic] Starting catalytic run: pipeline-pipeline-verify-chain-tamper-s2-a1
[catalytic] Phase 0: Preflight validation...
[catalytic] Preflight passed: JobSpec is valid
[catalytic] Phase 1: Capturing pre-snapshots...
[catalytic] Snapshots pre: LAW\CONTRACTS\_runs\_tmp\pipeline_verify_chain_tamper\domain (0 files)
[catalytic] Phase 2: Executing command: C:\Users\rene_\AppData\Local\Programs\Python\Python311\python.exe -c from pathlib import Path;Path('NAVIGATION/CORTEX/_generated/_tmp/pipeline-verify-chain-tamper_verify_step2_out.txt').parent.mkdir(parents=True, exist_ok=True);Path('NAVIGATION/CORTEX/_generated/_tmp/pipeline-verify-chain-tamper_verify_step2_out.txt').write_text('TWO', encoding='utf-8')
[catalytic] Command exited with code 0
[catalytic] Phase 3: Capturing post-snapshots...
[catalytic] Snapshots post: LAW\CONTRACTS\_runs\_tmp\pipeline_verify_chain_tamper\domain (0 files)
[catalytic] Phase 4: Verifying restoration...
[catalytic] SUCCESS: Catalytic domains fully restored
[catalytic] Phase 5: Writing canonical artifact set...
[catalytic] Canonical artifact set written to D:\CCC 2.0\AI\agent-governance-system\LAW\CONTRACTS\_runs\pipeline-pipeline-verify-chain-tamper-s2-a1
[catalytic] PROOF.json: verified=True, condition=RESTORED_IDENTICAL
[catalytic] Run completed successfully with verified restoration.
DEBUG: execute cmd=['C:\\Users\\rene_\\AppData\\Local\\Programs\\Python\\Python311\\python.exe', '-c', "from pathlib import Path;Path('NAVIGATION/CORTEX/_generated/_tmp/pipeline-verify-ledger-corrupt_verify_step1_out.txt').parent.mkdir(parents=True, exist_ok=True);Path('NAVIGATION/CORTEX/_generated/_tmp/pipeline-verify-ledger-corrupt_verify_step1_out.txt').write_text('ONE', encoding='utf-8')"]
F[catalytic] Starting catalytic run: pipeline-pipeline-verify-ledger-corrupt-s1-a1
[catalytic] Phase 0: Preflight validation...
[catalytic] Preflight passed: JobSpec is valid
[catalytic] Phase 1: Capturing pre-snapshots...
[catalytic] Snapshots pre: LAW\CONTRACTS\_runs\_tmp\pipeline_verify_ledger_corrupt\domain (0 files)
[catalytic] Phase 2: Executing command: C:\Users\rene_\AppData\Local\Programs\Python\Python311\python.exe -c from pathlib import Path;Path('NAVIGATION/CORTEX/_generated/_tmp/pipeline-verify-ledger-corrupt_verify_step1_out.txt').parent.mkdir(parents=True, exist_ok=True);Path('NAVIGATION/CORTEX/_generated/_tmp/pipeline-verify-ledger-corrupt_verify_step1_out.txt').write_text('ONE', encoding='utf-8')
[catalytic] Command exited with code 0
[catalytic] Phase 3: Capturing post-snapshots...
[catalytic] Snapshots post: LAW\CONTRACTS\_runs\_tmp\pipeline_verify_ledger_corrupt\domain (0 files)
[catalytic] Phase 4: Verifying restoration...
[catalytic] SUCCESS: Catalytic domains fully restored
[catalytic] Phase 5: Writing canonical artifact set...
[catalytic] Canonical artifact set written to D:\CCC 2.0\AI\agent-governance-system\LAW\CONTRACTS\_runs\pipeline-pipeline-verify-ledger-corrupt-s1-a1
[catalytic] PROOF.json: verified=True, condition=RESTORED_IDENTICAL
[catalytic] Run completed successfully with verified restoration.
DEBUG: execute cmd=['C:\\Users\\rene_\\AppData\\Local\\Programs\\Python\\Python311\\python.exe', '-c', "from pathlib import Path;Path('NAVIGATION/CORTEX/_generated/_tmp/pipeline-verify-ledger-corrupt_verify_step2_out.txt').parent.mkdir(parents=True, exist_ok=True);Path('NAVIGATION/CORTEX/_generated/_tmp/pipeline-verify-ledger-corrupt_verify_step2_out.txt').write_text('TWO', encoding='utf-8')"]
[catalytic] Starting catalytic run: pipeline-pipeline-verify-ledger-corrupt-s2-a1
[catalytic] Phase 0: Preflight validation...
[catalytic] Preflight passed: JobSpec is valid
[catalytic] Phase 1: Capturing pre-snapshots...
[catalytic] Snapshots pre: LAW\CONTRACTS\_runs\_tmp\pipeline_verify_ledger_corrupt\domain (0 files)
[catalytic] Phase 2: Executing command: C:\Users\rene_\AppData\Local\Programs\Python\Python311\python.exe -c from pathlib import Path;Path('NAVIGATION/CORTEX/_generated/_tmp/pipeline-verify-ledger-corrupt_verify_step2_out.txt').parent.mkdir(parents=True, exist_ok=True);Path('NAVIGATION/CORTEX/_generated/_tmp/pipeline-verify-ledger-corrupt_verify_step2_out.txt').write_text('TWO', encoding='utf-8')
[catalytic] Command exited with code 0
[catalytic] Phase 3: Capturing post-snapshots...
[catalytic] Snapshots post: LAW\CONTRACTS\_runs\_tmp\pipeline_verify_ledger_corrupt\domain (0 files)
[catalytic] Phase 4: Verifying restoration...
[catalytic] SUCCESS: Catalytic domains fully restored
[catalytic] Phase 5: Writing canonical artifact set...
[catalytic] Canonical artifact set written to D:\CCC 2.0\AI\agent-governance-system\LAW\CONTRACTS\_runs\pipeline-pipeline-verify-ledger-corrupt-s2-a1
[catalytic] PROOF.json: verified=True, condition=RESTORED_IDENTICAL
[catalytic] Run completed successfully with verified restoration.
F

================================== FAILURES ===================================
___________________________ test_pipeline_verify_ok ___________________________
CAPABILITY\TESTBENCH\test_pipeline_verify_cli.py:131: in test_pipeline_verify_ok
    assert res.returncode == 0, res.stdout + res.stderr
E   AssertionError: Traceback (most recent call last):
E       File "D:\CCC 2.0\AI\agent-governance-system\CAPABILITY\TOOLS\catalytic\catalytic.py", line 23, in <module>
E         from CAPABILITY.PIPELINES.pipeline_runtime import PipelineRuntime
E     ModuleNotFoundError: No module named 'CAPABILITY'
E     
E   assert 1 == 0
E    +  where 1 = CompletedProcess(args=['C:\\Users\\rene_\\AppData\\Local\\Programs\\Python\\Python311\\python.exe', 'D:\\CCC 2.0\\AI\\...m CAPABILITY.PIPELINES.pipeline_runtime import PipelineRuntime\nModuleNotFoundError: No module named \'CAPABILITY\'\n').returncode
____________________ test_pipeline_verify_missing_artifact ____________________
CAPABILITY\TESTBENCH\test_pipeline_verify_cli.py:154: in test_pipeline_verify_missing_artifact
    assert "FAIL" in res.stdout
E   AssertionError: assert 'FAIL' in ''
E    +  where '' = CompletedProcess(args=['C:\\Users\\rene_\\AppData\\Local\\Programs\\Python\\Python311\\python.exe', 'D:\\CCC 2.0\\AI\\...m CAPABILITY.PIPELINES.pipeline_runtime import PipelineRuntime\nModuleNotFoundError: No module named \'CAPABILITY\'\n').stdout
______________________ test_pipeline_verify_chain_tamper ______________________
CAPABILITY\TESTBENCH\test_pipeline_verify_cli.py:178: in test_pipeline_verify_chain_tamper
    assert "FAIL" in res.stdout
E   AssertionError: assert 'FAIL' in ''
E    +  where '' = CompletedProcess(args=['C:\\Users\\rene_\\AppData\\Local\\Programs\\Python\\Python311\\python.exe', 'D:\\CCC 2.0\\AI\\...m CAPABILITY.PIPELINES.pipeline_runtime import PipelineRuntime\nModuleNotFoundError: No module named \'CAPABILITY\'\n').stdout
_____________________ test_pipeline_verify_ledger_corrupt _____________________
CAPABILITY\TESTBENCH\test_pipeline_verify_cli.py:203: in test_pipeline_verify_ledger_corrupt
    assert "FAIL" in res.stdout
E   AssertionError: assert 'FAIL' in ''
E    +  where '' = CompletedProcess(args=['C:\\Users\\rene_\\AppData\\Local\\Programs\\Python\\Python311\\python.exe', 'D:\\CCC 2.0\\AI\\...m CAPABILITY.PIPELINES.pipeline_runtime import PipelineRuntime\nModuleNotFoundError: No module named \'CAPABILITY\'\n').stdout
=========================== short test summary info ===========================
FAILED CAPABILITY/TESTBENCH/test_pipeline_verify_cli.py::test_pipeline_verify_ok
FAILED CAPABILITY/TESTBENCH/test_pipeline_verify_cli.py::test_pipeline_verify_missing_artifact
FAILED CAPABILITY/TESTBENCH/test_pipeline_verify_cli.py::test_pipeline_verify_chain_tamper
FAILED CAPABILITY/TESTBENCH/test_pipeline_verify_cli.py::test_pipeline_verify_ledger_corrupt
============================== 4 failed in 2.86s ==============================
