============================= test session starts =============================
platform win32 -- Python 3.11.6, pytest-9.0.2, pluggy-1.6.0 -- C:\Users\rene_\AppData\Local\Programs\Python\Python311\python.exe
cachedir: .pytest_cache
rootdir: D:\CCC 2.0\AI\agent-governance-system
configfile: pytest.ini
plugins: anyio-4.12.0
collecting ... collected 3 items

CAPABILITY/TESTBENCH/test_ags_phase6_capability_pins.py::test_capability_pinned_routes_and_verifies FAILED [ 33%]
CAPABILITY/TESTBENCH/test_ags_phase6_capability_pins.py::test_known_but_unpinned_rejects_at_route PASSED [ 66%]
CAPABILITY/TESTBENCH/test_ags_phase6_capability_pins.py::test_verify_rejects_unpinned_even_if_pipeline_artifact_exists FAILED [100%]

================================== FAILURES ===================================
_________________ test_capability_pinned_routes_and_verifies __________________

tmp_path = WindowsPath('C:/Users/rene_/AppData/Local/Temp/pytest-of-Reneshizzle/pytest-250/test_capability_pinned_routes_0')

    def test_capability_pinned_routes_and_verifies(tmp_path: Path) -> None:
        pipeline_id = "ags-capability-pins-ok"
        plan_path = tmp_path / "plan.json"
        plan_path.write_text(json.dumps({"plan_version": "1.0", "steps": [{"step_id": "s1", "capability_hash": CAP}]}), encoding="utf-8")
    
        pins_path = tmp_path / "PINS.json"
        pins_path.write_bytes(_canon({"pins_version": "1.0.0", "allowed_capabilities": [CAP]}))
    
        env = dict(os.environ)
        env["CATALYTIC_PINS_PATH"] = str(pins_path)
    
        # The v1 capability is pinned to a concrete ant-worker command that expects these files.
        reg_root = REPO_ROOT / "LAW" / "CONTRACTS" / "_runs" / "_tmp" / "phase65_registry"
        task_path = reg_root / "task.json"
        in_path = reg_root / "in.txt"
        out_path = reg_root / "out.txt"
        (reg_root / "domain").mkdir(parents=True, exist_ok=True)
        in_path.write_bytes(b"PHASE66\n")
        task_path.write_text(
            json.dumps(
                {
                    "task_id": "ant-worker-copy",
                    "task_type": "file_operation",
                    "operation": "copy",
                    "verify_integrity": True,
                    "timestamp": "CATALYTIC-DPT-02_CONFIG",
                    "files": [{"source": str(in_path), "destination": str(out_path)}],
                }
            ),
            encoding="utf-8",
        )
    
        pipeline_dir = REPO_ROOT / "LAW" / "CONTRACTS" / "_runs" / "_pipelines" / pipeline_id
        run_dir = REPO_ROOT / "LAW" / "CONTRACTS" / "_runs" / "pipeline-ags-capability-pins-ok-s1-a1"
    
        try:
            _rm(pipeline_dir)
            _rm(run_dir)
            _rm(reg_root)
            (reg_root / "domain").mkdir(parents=True, exist_ok=True)
            in_path.write_bytes(b"PHASE66\n")
            task_path.write_text(
                json.dumps(
                    {
                        "task_id": "ant-worker-copy",
                        "task_type": "file_operation",
                        "operation": "copy",
                        "verify_integrity": True,
                        "timestamp": "CATALYTIC-DPT-02_CONFIG",
                        "files": [{"source": str(in_path), "destination": str(out_path)}],
                    }
                ),
                encoding="utf-8",
            )
    
            r_route = _run([sys.executable, "-m", "CAPABILITY.TOOLS.ags", "route", "--plan", str(plan_path), "--pipeline-id", pipeline_id], env=env)
>           assert r_route.returncode == 0, r_route.stdout + r_route.stderr
E           AssertionError: ERROR: jobspec invalid: PATH_NOT_ALLOWED: Path CONTRACTS/_runs/_tmp/phase65_registry/domain in catalytic_domains not under allowed roots: ['LAW/CONTRACTS/_runs', 'NAVIGATION/CORTEX/_generated', 'MEMORY/LLM_PACKER/_packs', 'CAPABILITY/PRIMITIVES/_scratch']
E             
E           assert 2 == 0
E            +  where 2 = CompletedProcess(args=['C:\\Users\\rene_\\AppData\\Local\\Programs\\Python\\Python311\\python.exe', '-m', 'CAPABILITY.TOOLS.ags', 'route', '--plan', 'C:\\Users\\rene_\\AppData\\Local\\Temp\\pytest-of-Reneshizzle\\pytest-250\\test_capability_pinned_routes_0\\plan.json', '--pipeline-id', 'ags-capability-pins-ok'], returncode=2, stdout='', stderr="ERROR: jobspec invalid: PATH_NOT_ALLOWED: Path CONTRACTS/_runs/_tmp/phase65_registry/domain in catalytic_domains not under allowed roots: ['LAW/CONTRACTS/_runs', 'NAVIGATION/CORTEX/_generated', 'MEMORY/LLM_PACKER/_packs', 'CAPABILITY/PRIMITIVES/_scratch']\n").returncode

CAPABILITY\TESTBENCH\test_ags_phase6_capability_pins.py:89: AssertionError
________ test_verify_rejects_unpinned_even_if_pipeline_artifact_exists ________

tmp_path = WindowsPath('C:/Users/rene_/AppData/Local/Temp/pytest-of-Reneshizzle/pytest-250/test_verify_rejects_unpinned_e0')

    def test_verify_rejects_unpinned_even_if_pipeline_artifact_exists(tmp_path: Path) -> None:
        pipeline_id = "ags-capability-pins-verify-bypass"
        pipeline_dir = REPO_ROOT / "LAW" / "CONTRACTS" / "_runs" / "_pipelines" / pipeline_id
        run_id = "pipeline-ags-capability-pins-verify-bypass-s1-a1"
        run_dir = REPO_ROOT / "LAW" / "CONTRACTS" / "_runs" / run_id
    
        pins_path = tmp_path / "PINS.json"
        pins_path.write_bytes(_canon({"pins_version": "1.0.0", "allowed_capabilities": []}))
    
        env = dict(os.environ)
        env["CATALYTIC_PINS_PATH"] = str(pins_path)
    
        reg_root = REPO_ROOT / "LAW" / "CONTRACTS" / "_runs" / "_tmp" / "phase65_registry"
        task_path = reg_root / "task.json"
        in_path = reg_root / "in.txt"
        out_path = reg_root / "out.txt"
    
        try:
            _rm(pipeline_dir)
            _rm(run_dir)
            _rm(reg_root)
            (reg_root / "domain").mkdir(parents=True, exist_ok=True)
            in_path.write_bytes(b"PHASE66\n")
            task_path.write_text(
                json.dumps(
                    {
                        "task_id": "ant-worker-copy",
                        "task_type": "file_operation",
                        "operation": "copy",
                        "verify_integrity": True,
                        "timestamp": "CATALYTIC-DPT-02_CONFIG",
                        "files": [{"source": str(in_path), "destination": str(out_path)}],
                    }
                ),
                encoding="utf-8",
            )
    
            # Create a real run with the pinned capability (using default pins).
            plan_ok = tmp_path / "plan_ok.json"
            plan_ok.write_text(json.dumps({"plan_version": "1.0", "steps": [{"step_id": "s1", "capability_hash": CAP}]}), encoding="utf-8")
            r_route_ok = subprocess.run(
                [sys.executable, "-m", "CAPABILITY.TOOLS.ags", "route", "--plan", str(plan_ok), "--pipeline-id", pipeline_id],
                cwd=str(REPO_ROOT),
                capture_output=True,
                text=True,
            )
>           assert r_route_ok.returncode == 0, r_route_ok.stdout + r_route_ok.stderr
E           AssertionError: ERROR: jobspec invalid: PATH_NOT_ALLOWED: Path CONTRACTS/_runs/_tmp/phase65_registry/domain in catalytic_domains not under allowed roots: ['LAW/CONTRACTS/_runs', 'NAVIGATION/CORTEX/_generated', 'MEMORY/LLM_PACKER/_packs', 'CAPABILITY/PRIMITIVES/_scratch']
E             
E           assert 2 == 0
E            +  where 2 = CompletedProcess(args=['C:\\Users\\rene_\\AppData\\Local\\Programs\\Python\\Python311\\python.exe', '-m', 'CAPABILITY.TOOLS.ags', 'route', '--plan', 'C:\\Users\\rene_\\AppData\\Local\\Temp\\pytest-of-Reneshizzle\\pytest-250\\test_verify_rejects_unpinned_e0\\plan_ok.json', '--pipeline-id', 'ags-capability-pins-verify-bypass'], returncode=2, stdout='', stderr="ERROR: jobspec invalid: PATH_NOT_ALLOWED: Path CONTRACTS/_runs/_tmp/phase65_registry/domain in catalytic_domains not under allowed roots: ['LAW/CONTRACTS/_runs', 'NAVIGATION/CORTEX/_generated', 'MEMORY/LLM_PACKER/_packs', 'CAPABILITY/PRIMITIVES/_scratch']\n").returncode

CAPABILITY\TESTBENCH\test_ags_phase6_capability_pins.py:170: AssertionError
=========================== short test summary info ===========================
FAILED CAPABILITY/TESTBENCH/test_ags_phase6_capability_pins.py::test_capability_pinned_routes_and_verifies - AssertionError: ERROR: jobspec invalid: PATH_NOT_ALLOWED: Path CONTRACTS/_runs/_tmp/phase65_registry/domain in catalytic_domains not under allowed roots: ['LAW/CONTRACTS/_runs', 'NAVIGATION/CORTEX/_generated', 'MEMORY/LLM_PACKER/_packs', 'CAPABILITY/PRIMITIVES/_scratch']
  
assert 2 == 0
 +  where 2 = CompletedProcess(args=['C:\\Users\\rene_\\AppData\\Local\\Programs\\Python\\Python311\\python.exe', '-m', 'CAPABILITY.TOOLS.ags', 'route', '--plan', 'C:\\Users\\rene_\\AppData\\Local\\Temp\\pytest-of-Reneshizzle\\pytest-250\\test_capability_pinned_routes_0\\plan.json', '--pipeline-id', 'ags-capability-pins-ok'], returncode=2, stdout='', stderr="ERROR: jobspec invalid: PATH_NOT_ALLOWED: Path CONTRACTS/_runs/_tmp/phase65_registry/domain in catalytic_domains not under allowed roots: ['LAW/CONTRACTS/_runs', 'NAVIGATION/CORTEX/_generated', 'MEMORY/LLM_PACKER/_packs', 'CAPABILITY/PRIMITIVES/_scratch']\n").returncode
FAILED CAPABILITY/TESTBENCH/test_ags_phase6_capability_pins.py::test_verify_rejects_unpinned_even_if_pipeline_artifact_exists - AssertionError: ERROR: jobspec invalid: PATH_NOT_ALLOWED: Path CONTRACTS/_runs/_tmp/phase65_registry/domain in catalytic_domains not under allowed roots: ['LAW/CONTRACTS/_runs', 'NAVIGATION/CORTEX/_generated', 'MEMORY/LLM_PACKER/_packs', 'CAPABILITY/PRIMITIVES/_scratch']
  
assert 2 == 0
 +  where 2 = CompletedProcess(args=['C:\\Users\\rene_\\AppData\\Local\\Programs\\Python\\Python311\\python.exe', '-m', 'CAPABILITY.TOOLS.ags', 'route', '--plan', 'C:\\Users\\rene_\\AppData\\Local\\Temp\\pytest-of-Reneshizzle\\pytest-250\\test_verify_rejects_unpinned_e0\\plan_ok.json', '--pipeline-id', 'ags-capability-pins-verify-bypass'], returncode=2, stdout='', stderr="ERROR: jobspec invalid: PATH_NOT_ALLOWED: Path CONTRACTS/_runs/_tmp/phase65_registry/domain in catalytic_domains not under allowed roots: ['LAW/CONTRACTS/_runs', 'NAVIGATION/CORTEX/_generated', 'MEMORY/LLM_PACKER/_packs', 'CAPABILITY/PRIMITIVES/_scratch']\n").returncode
========================= 2 failed, 1 passed in 0.88s =========================
